[ 2016-12-23T09:51:19+08:00 ] ::1 /xinxing/index.php/Home/
INFO: [ app_init ] --START--
INFO: Run Behavior\BuildLiteBehavior [ RunTime:0.000014s ]
INFO: [ app_init ] --END-- [ RunTime:0.000336s ]
INFO: [ app_begin ] --START--
INFO: Run Behavior\ReadHtmlCacheBehavior [ RunTime:0.000430s ]
INFO: Run Behavior\CheckLangBehavior [ RunTime:0.002067s ]
INFO: [ app_begin ] --END-- [ RunTime:0.002728s ]
INFO: [ view_parse ] --START--
INFO: [ template_filter ] --START--
INFO: Run Behavior\ContentReplaceBehavior [ RunTime:0.000171s ]
INFO: [ template_filter ] --END-- [ RunTime:0.000245s ]
INFO: Run Behavior\ParseTemplateBehavior [ RunTime:0.023762s ]
INFO: [ view_parse ] --END-- [ RunTime:0.023824s ]
INFO: [ view_filter ] --START--
INFO: Run Behavior\WriteHtmlCacheBehavior [ RunTime:0.000138s ]
INFO: [ view_filter ] --END-- [ RunTime:0.000181s ]
INFO: [ app_end ] --START--
INFO: Run Behavior\ShowPageTraceBehavior [ RunTime:0.000536s ]
INFO: [ app_end ] --END-- [ RunTime:0.000587s ]

[ 2016-12-23T23:05:43+08:00 ] ::1 /xinxing/index.php
INFO: [ app_init ] --START--
INFO: Run Behavior\BuildLiteBehavior [ RunTime:0.000014s ]
INFO: [ app_init ] --END-- [ RunTime:0.000328s ]
INFO: [ app_begin ] --START--
INFO: Run Behavior\ReadHtmlCacheBehavior [ RunTime:0.000654s ]
INFO: Run Behavior\CheckLangBehavior [ RunTime:0.002739s ]
INFO: [ app_begin ] --END-- [ RunTime:0.003519s ]
INFO: [ view_parse ] --START--
INFO: [ template_filter ] --START--
INFO: Run Behavior\ContentReplaceBehavior [ RunTime:0.000123s ]
INFO: [ template_filter ] --END-- [ RunTime:0.000189s ]
INFO: Run Behavior\ParseTemplateBehavior [ RunTime:0.023729s ]
INFO: [ view_parse ] --END-- [ RunTime:0.023793s ]
INFO: [ view_filter ] --START--
INFO: Run Behavior\WriteHtmlCacheBehavior [ RunTime:0.000145s ]
INFO: [ view_filter ] --END-- [ RunTime:0.000187s ]
INFO: [ app_end ] --START--
INFO: Run Behavior\ShowPageTraceBehavior [ RunTime:0.000543s ]
INFO: [ app_end ] --END-- [ RunTime:0.000635s ]

[ 2016-12-23T23:11:17+08:00 ] ::1 /xinxing/index.php/Home/About/index.html
INFO: [ app_init ] --START--
INFO: Run Behavior\BuildLiteBehavior [ RunTime:0.000026s ]
INFO: [ app_init ] --END-- [ RunTime:0.000598s ]
INFO: [ app_begin ] --START--
INFO: Run Behavior\ReadHtmlCacheBehavior [ RunTime:0.000703s ]
INFO: Run Behavior\CheckLangBehavior [ RunTime:0.000538s ]
INFO: [ app_begin ] --END-- [ RunTime:0.001368s ]
SQL: SHOW COLUMNS FROM `trade_news` [ RunTime:0.2368s ]
SQL: SELECT COUNT(*) AS tp_count FROM trade_news n WHERE ( n.deleted=0 and news_type=1 ) LIMIT 1   [ RunTime:0.0077s ]
SQL: SELECT n.news_id,n.news_title,n.img,n.create_time,n.language,n.group_id FROM trade_news n WHERE ( n.deleted=0 and news_type=1 and language="cn" ) ORDER BY n.create_time desc LIMIT 0,10   [ RunTime:0.7345s ]
INFO: [ view_parse ] --START--
INFO: [ template_filter ] --START--
INFO: Run Behavior\ContentReplaceBehavior [ RunTime:0.000165s ]
INFO: [ template_filter ] --END-- [ RunTime:0.000240s ]
NOTIC: [8] Undefined index: news_content /Volumes/work/htdocs/xinxing/Runtime/Cache/Home/3b9bb8f59aaa4d1691c827dd64ddfa9b.php 第 318 行.
NOTIC: [8] Undefined index: news_content /Volumes/work/htdocs/xinxing/Runtime/Cache/Home/3b9bb8f59aaa4d1691c827dd64ddfa9b.php 第 318 行.
NOTIC: [8] Undefined index: news_content /Volumes/work/htdocs/xinxing/Runtime/Cache/Home/3b9bb8f59aaa4d1691c827dd64ddfa9b.php 第 318 行.
NOTIC: [8] Undefined index: news_content /Volumes/work/htdocs/xinxing/Runtime/Cache/Home/3b9bb8f59aaa4d1691c827dd64ddfa9b.php 第 318 行.
NOTIC: [8] Undefined index: news_content /Volumes/work/htdocs/xinxing/Runtime/Cache/Home/3b9bb8f59aaa4d1691c827dd64ddfa9b.php 第 318 行.
NOTIC: [8] Undefined index: news_content /Volumes/work/htdocs/xinxing/Runtime/Cache/Home/3b9bb8f59aaa4d1691c827dd64ddfa9b.php 第 318 行.
NOTIC: [8] Undefined index: news_content /Volumes/work/htdocs/xinxing/Runtime/Cache/Home/3b9bb8f59aaa4d1691c827dd64ddfa9b.php 第 318 行.
NOTIC: [8] Undefined index: news_content /Volumes/work/htdocs/xinxing/Runtime/Cache/Home/3b9bb8f59aaa4d1691c827dd64ddfa9b.php 第 318 行.
INFO: Run Behavior\ParseTemplateBehavior [ RunTime:0.027788s ]
INFO: [ view_parse ] --END-- [ RunTime:0.027858s ]
INFO: [ view_filter ] --START--
INFO: Run Behavior\WriteHtmlCacheBehavior [ RunTime:0.000156s ]
INFO: [ view_filter ] --END-- [ RunTime:0.000200s ]
INFO: [ app_end ] --START--
INFO: Run Behavior\ShowPageTraceBehavior [ RunTime:0.000639s ]
INFO: [ app_end ] --END-- [ RunTime:0.000718s ]

[ 2016-12-23T23:12:46+08:00 ] ::1 /xinxing/index.php/Home/News/index/p/2.html
INFO: [ app_init ] --START--
INFO: Run Behavior\BuildLiteBehavior [ RunTime:0.000014s ]
INFO: [ app_init ] --END-- [ RunTime:0.000306s ]
INFO: [ app_begin ] --START--
INFO: Run Behavior\ReadHtmlCacheBehavior [ RunTime:0.000394s ]
INFO: Run Behavior\CheckLangBehavior [ RunTime:0.000450s ]
INFO: [ app_begin ] --END-- [ RunTime:0.000946s ]
ERR: 无法加载控制器:News

[ 2016-12-23T23:13:42+08:00 ] ::1 /xinxing/index.php/Home/About/index.html
INFO: [ app_init ] --START--
INFO: Run Behavior\BuildLiteBehavior [ RunTime:0.000017s ]
INFO: [ app_init ] --END-- [ RunTime:0.000355s ]
INFO: [ app_begin ] --START--
INFO: Run Behavior\ReadHtmlCacheBehavior [ RunTime:0.000465s ]
INFO: Run Behavior\CheckLangBehavior [ RunTime:0.000506s ]
INFO: [ app_begin ] --END-- [ RunTime:0.001078s ]
SQL: SHOW COLUMNS FROM `trade_news` [ RunTime:0.0102s ]
SQL: SELECT COUNT(*) AS tp_count FROM trade_news n WHERE ( n.deleted=0 and news_type=1 ) LIMIT 1   [ RunTime:0.0065s ]
SQL: SELECT n.news_id,n.news_title,n.img,n.create_time,n.language,n.group_id FROM trade_news n WHERE ( n.deleted=0 and news_type=1 and language="cn" ) ORDER BY n.create_time desc LIMIT 0,10   [ RunTime:0.0063s ]
INFO: [ view_parse ] --START--
INFO: [ template_filter ] --START--
INFO: Run Behavior\ContentReplaceBehavior [ RunTime:0.000122s ]
INFO: [ template_filter ] --END-- [ RunTime:0.000198s ]
NOTIC: [8] Undefined index: news_content /Volumes/work/htdocs/xinxing/Runtime/Cache/Home/3b9bb8f59aaa4d1691c827dd64ddfa9b.php 第 318 行.
NOTIC: [8] Undefined index: news_content /Volumes/work/htdocs/xinxing/Runtime/Cache/Home/3b9bb8f59aaa4d1691c827dd64ddfa9b.php 第 318 行.
NOTIC: [8] Undefined index: news_content /Volumes/work/htdocs/xinxing/Runtime/Cache/Home/3b9bb8f59aaa4d1691c827dd64ddfa9b.php 第 318 行.
NOTIC: [8] Undefined index: news_content /Volumes/work/htdocs/xinxing/Runtime/Cache/Home/3b9bb8f59aaa4d1691c827dd64ddfa9b.php 第 318 行.
NOTIC: [8] Undefined index: news_content /Volumes/work/htdocs/xinxing/Runtime/Cache/Home/3b9bb8f59aaa4d1691c827dd64ddfa9b.php 第 318 行.
NOTIC: [8] Undefined index: news_content /Volumes/work/htdocs/xinxing/Runtime/Cache/Home/3b9bb8f59aaa4d1691c827dd64ddfa9b.php 第 318 行.
NOTIC: [8] Undefined index: news_content /Volumes/work/htdocs/xinxing/Runtime/Cache/Home/3b9bb8f59aaa4d1691c827dd64ddfa9b.php 第 318 行.
NOTIC: [8] Undefined index: news_content /Volumes/work/htdocs/xinxing/Runtime/Cache/Home/3b9bb8f59aaa4d1691c827dd64ddfa9b.php 第 318 行.
INFO: Run Behavior\ParseTemplateBehavior [ RunTime:0.023148s ]
INFO: [ view_parse ] --END-- [ RunTime:0.023203s ]
INFO: [ view_filter ] --START--
INFO: Run Behavior\WriteHtmlCacheBehavior [ RunTime:0.000177s ]
INFO: [ view_filter ] --END-- [ RunTime:0.000224s ]
INFO: [ app_end ] --START--
INFO: Run Behavior\ShowPageTraceBehavior [ RunTime:0.000813s ]
INFO: [ app_end ] --END-- [ RunTime:0.000900s ]

[ 2016-12-23T23:16:15+08:00 ] ::1 /xinxing/index.php/Home/About/index.html
INFO: [ app_init ] --START--
INFO: Run Behavior\BuildLiteBehavior [ RunTime:0.000018s ]
INFO: [ app_init ] --END-- [ RunTime:0.000359s ]
INFO: [ app_begin ] --START--
INFO: Run Behavior\ReadHtmlCacheBehavior [ RunTime:0.000498s ]
INFO: Run Behavior\CheckLangBehavior [ RunTime:0.000523s ]
INFO: [ app_begin ] --END-- [ RunTime:0.001113s ]
SQL: SHOW COLUMNS FROM `trade_news` [ RunTime:0.0082s ]
SQL: SELECT COUNT(*) AS tp_count FROM trade_news n WHERE ( n.deleted=0 and news_type=1 ) LIMIT 1   [ RunTime:0.2120s ]
SQL: SELECT n.news_id,n.news_title,n.img,n.create_time,n.language,n.group_id FROM trade_news n WHERE ( n.deleted=0 and news_type=1 and language="cn" ) ORDER BY n.create_time desc LIMIT 0,10   [ RunTime:0.0073s ]
INFO: [ view_parse ] --START--
INFO: [ template_filter ] --START--
INFO: Run Behavior\ContentReplaceBehavior [ RunTime:0.000112s ]
INFO: [ template_filter ] --END-- [ RunTime:0.000181s ]
NOTIC: [8] Undefined index: news_content /Volumes/work/htdocs/xinxing/Runtime/Cache/Home/3b9bb8f59aaa4d1691c827dd64ddfa9b.php 第 318 行.
NOTIC: [8] Undefined index: news_content /Volumes/work/htdocs/xinxing/Runtime/Cache/Home/3b9bb8f59aaa4d1691c827dd64ddfa9b.php 第 318 行.
NOTIC: [8] Undefined index: news_content /Volumes/work/htdocs/xinxing/Runtime/Cache/Home/3b9bb8f59aaa4d1691c827dd64ddfa9b.php 第 318 行.
NOTIC: [8] Undefined index: news_content /Volumes/work/htdocs/xinxing/Runtime/Cache/Home/3b9bb8f59aaa4d1691c827dd64ddfa9b.php 第 318 行.
NOTIC: [8] Undefined index: news_content /Volumes/work/htdocs/xinxing/Runtime/Cache/Home/3b9bb8f59aaa4d1691c827dd64ddfa9b.php 第 318 行.
NOTIC: [8] Undefined index: news_content /Volumes/work/htdocs/xinxing/Runtime/Cache/Home/3b9bb8f59aaa4d1691c827dd64ddfa9b.php 第 318 行.
NOTIC: [8] Undefined index: news_content /Volumes/work/htdocs/xinxing/Runtime/Cache/Home/3b9bb8f59aaa4d1691c827dd64ddfa9b.php 第 318 行.
NOTIC: [8] Undefined index: news_content /Volumes/work/htdocs/xinxing/Runtime/Cache/Home/3b9bb8f59aaa4d1691c827dd64ddfa9b.php 第 318 行.
INFO: Run Behavior\ParseTemplateBehavior [ RunTime:0.021831s ]
INFO: [ view_parse ] --END-- [ RunTime:0.021957s ]
INFO: [ view_filter ] --START--
INFO: Run Behavior\WriteHtmlCacheBehavior [ RunTime:0.000199s ]
INFO: [ view_filter ] --END-- [ RunTime:0.000247s ]
INFO: [ app_end ] --START--
INFO: Run Behavior\ShowPageTraceBehavior [ RunTime:0.000538s ]
INFO: [ app_end ] --END-- [ RunTime:0.000615s ]

[ 2016-12-23T23:16:22+08:00 ] ::1 /xinxing/index.php/Home/About/index.html
INFO: [ app_init ] --START--
INFO: Run Behavior\BuildLiteBehavior [ RunTime:0.000015s ]
INFO: [ app_init ] --END-- [ RunTime:0.000338s ]
INFO: [ app_begin ] --START--
INFO: Run Behavior\ReadHtmlCacheBehavior [ RunTime:0.000444s ]
INFO: Run Behavior\CheckLangBehavior [ RunTime:0.000494s ]
INFO: [ app_begin ] --END-- [ RunTime:0.001052s ]
SQL: SHOW COLUMNS FROM `trade_news` [ RunTime:0.0099s ]
SQL: SELECT COUNT(*) AS tp_count FROM trade_news n WHERE ( n.deleted=0 and news_type=1 ) LIMIT 1   [ RunTime:0.0124s ]
SQL: SELECT n.news_id,n.news_title,n.img,n.create_time,n.language,n.group_id FROM trade_news n WHERE ( n.deleted=0 and news_type=1 and language="cn" ) ORDER BY n.create_time desc LIMIT 0,10   [ RunTime:0.0087s ]
INFO: [ view_parse ] --START--
INFO: [ template_filter ] --START--
INFO: Run Behavior\ContentReplaceBehavior [ RunTime:0.000113s ]
INFO: [ template_filter ] --END-- [ RunTime:0.000184s ]
NOTIC: [8] Undefined index: news_content /Volumes/work/htdocs/xinxing/Runtime/Cache/Home/3b9bb8f59aaa4d1691c827dd64ddfa9b.php 第 318 行.
NOTIC: [8] Undefined index: news_content /Volumes/work/htdocs/xinxing/Runtime/Cache/Home/3b9bb8f59aaa4d1691c827dd64ddfa9b.php 第 318 行.
NOTIC: [8] Undefined index: news_content /Volumes/work/htdocs/xinxing/Runtime/Cache/Home/3b9bb8f59aaa4d1691c827dd64ddfa9b.php 第 318 行.
NOTIC: [8] Undefined index: news_content /Volumes/work/htdocs/xinxing/Runtime/Cache/Home/3b9bb8f59aaa4d1691c827dd64ddfa9b.php 第 318 行.
NOTIC: [8] Undefined index: news_content /Volumes/work/htdocs/xinxing/Runtime/Cache/Home/3b9bb8f59aaa4d1691c827dd64ddfa9b.php 第 318 行.
NOTIC: [8] Undefined index: news_content /Volumes/work/htdocs/xinxing/Runtime/Cache/Home/3b9bb8f59aaa4d1691c827dd64ddfa9b.php 第 318 行.
NOTIC: [8] Undefined index: news_content /Volumes/work/htdocs/xinxing/Runtime/Cache/Home/3b9bb8f59aaa4d1691c827dd64ddfa9b.php 第 318 行.
NOTIC: [8] Undefined index: news_content /Volumes/work/htdocs/xinxing/Runtime/Cache/Home/3b9bb8f59aaa4d1691c827dd64ddfa9b.php 第 318 行.
INFO: Run Behavior\ParseTemplateBehavior [ RunTime:0.023805s ]
INFO: [ view_parse ] --END-- [ RunTime:0.023877s ]
INFO: [ view_filter ] --START--
INFO: Run Behavior\WriteHtmlCacheBehavior [ RunTime:0.000151s ]
INFO: [ view_filter ] --END-- [ RunTime:0.000195s ]
INFO: [ app_end ] --START--
INFO: Run Behavior\ShowPageTraceBehavior [ RunTime:0.000462s ]
INFO: [ app_end ] --END-- [ RunTime:0.000509s ]

[ 2016-12-23T23:17:54+08:00 ] ::1 /xinxing/index.php/Home/About/index.html
INFO: [ app_init ] --START--
INFO: Run Behavior\BuildLiteBehavior [ RunTime:0.000023s ]
INFO: [ app_init ] --END-- [ RunTime:0.000632s ]
INFO: [ app_begin ] --START--
INFO: Run Behavior\ReadHtmlCacheBehavior [ RunTime:0.000724s ]
INFO: Run Behavior\CheckLangBehavior [ RunTime:0.000842s ]
INFO: [ app_begin ] --END-- [ RunTime:0.001694s ]
SQL: SHOW COLUMNS FROM `trade_news` [ RunTime:0.0111s ]
SQL: SELECT COUNT(*) AS tp_count FROM trade_news n WHERE ( n.deleted=0 and news_type=1 ) LIMIT 1   [ RunTime:0.0083s ]
SQL: SELECT n.news_id,n.news_title,n.img,n.create_time,n.language,n.group_id FROM trade_news n WHERE ( n.deleted=0 and news_type=1 and language="cn" ) ORDER BY n.create_time desc LIMIT 0,10   [ RunTime:0.0120s ]
INFO: [ view_parse ] --START--
INFO: [ template_filter ] --START--
INFO: Run Behavior\ContentReplaceBehavior [ RunTime:0.000113s ]
INFO: [ template_filter ] --END-- [ RunTime:0.000186s ]
NOTIC: [8] Undefined index: news_content /Volumes/work/htdocs/xinxing/Runtime/Cache/Home/3b9bb8f59aaa4d1691c827dd64ddfa9b.php 第 318 行.
NOTIC: [8] Undefined index: news_content /Volumes/work/htdocs/xinxing/Runtime/Cache/Home/3b9bb8f59aaa4d1691c827dd64ddfa9b.php 第 318 行.
NOTIC: [8] Undefined index: news_content /Volumes/work/htdocs/xinxing/Runtime/Cache/Home/3b9bb8f59aaa4d1691c827dd64ddfa9b.php 第 318 行.
NOTIC: [8] Undefined index: news_content /Volumes/work/htdocs/xinxing/Runtime/Cache/Home/3b9bb8f59aaa4d1691c827dd64ddfa9b.php 第 318 行.
NOTIC: [8] Undefined index: news_content /Volumes/work/htdocs/xinxing/Runtime/Cache/Home/3b9bb8f59aaa4d1691c827dd64ddfa9b.php 第 318 行.
NOTIC: [8] Undefined index: news_content /Volumes/work/htdocs/xinxing/Runtime/Cache/Home/3b9bb8f59aaa4d1691c827dd64ddfa9b.php 第 318 行.
NOTIC: [8] Undefined index: news_content /Volumes/work/htdocs/xinxing/Runtime/Cache/Home/3b9bb8f59aaa4d1691c827dd64ddfa9b.php 第 318 行.
NOTIC: [8] Undefined index: news_content /Volumes/work/htdocs/xinxing/Runtime/Cache/Home/3b9bb8f59aaa4d1691c827dd64ddfa9b.php 第 318 行.
INFO: Run Behavior\ParseTemplateBehavior [ RunTime:0.023669s ]
INFO: [ view_parse ] --END-- [ RunTime:0.023747s ]
INFO: [ view_filter ] --START--
INFO: Run Behavior\WriteHtmlCacheBehavior [ RunTime:0.000175s ]
INFO: [ view_filter ] --END-- [ RunTime:0.000224s ]
INFO: [ app_end ] --START--
INFO: Run Behavior\ShowPageTraceBehavior [ RunTime:0.000531s ]
INFO: [ app_end ] --END-- [ RunTime:0.000585s ]

[ 2016-12-23T23:18:01+08:00 ] ::1 /xinxing/index.php/Home/About/intro.html
INFO: [ app_init ] --START--
INFO: Run Behavior\BuildLiteBehavior [ RunTime:0.000017s ]
INFO: [ app_init ] --END-- [ RunTime:0.000368s ]
INFO: [ app_begin ] --START--
INFO: Run Behavior\ReadHtmlCacheBehavior [ RunTime:0.000510s ]
INFO: Run Behavior\CheckLangBehavior [ RunTime:0.000512s ]
INFO: [ app_begin ] --END-- [ RunTime:0.001124s ]
SQL: SHOW COLUMNS FROM `trade_news` [ RunTime:0.0114s ]
SQL: SELECT * FROM `trade_news` WHERE ( group_id = 1 and language="cn" ) LIMIT 1   [ RunTime:0.0075s ]
INFO: [ view_parse ] --START--
INFO: [ template_filter ] --START--
INFO: Run Behavior\ContentReplaceBehavior [ RunTime:0.000105s ]
INFO: [ template_filter ] --END-- [ RunTime:0.000169s ]
INFO: Run Behavior\ParseTemplateBehavior [ RunTime:0.023021s ]
INFO: [ view_parse ] --END-- [ RunTime:0.023103s ]
INFO: [ view_filter ] --START--
INFO: Run Behavior\WriteHtmlCacheBehavior [ RunTime:0.000203s ]
INFO: [ view_filter ] --END-- [ RunTime:0.000261s ]
INFO: [ app_end ] --START--
INFO: Run Behavior\ShowPageTraceBehavior [ RunTime:0.000553s ]
INFO: [ app_end ] --END-- [ RunTime:0.000608s ]

[ 2016-12-23T23:18:04+08:00 ] ::1 /xinxing/index.php/Home/About/index.html
INFO: [ app_init ] --START--
INFO: Run Behavior\BuildLiteBehavior [ RunTime:0.000014s ]
INFO: [ app_init ] --END-- [ RunTime:0.000311s ]
INFO: [ app_begin ] --START--
INFO: Run Behavior\ReadHtmlCacheBehavior [ RunTime:0.000411s ]
INFO: Run Behavior\CheckLangBehavior [ RunTime:0.000459s ]
INFO: [ app_begin ] --END-- [ RunTime:0.000955s ]
SQL: SHOW COLUMNS FROM `trade_news` [ RunTime:0.0095s ]
SQL: SELECT COUNT(*) AS tp_count FROM trade_news n WHERE ( n.deleted=0 and news_type=1 ) LIMIT 1   [ RunTime:0.0066s ]
SQL: SELECT n.news_id,n.news_title,n.img,n.create_time,n.language,n.group_id FROM trade_news n WHERE ( n.deleted=0 and news_type=1 and language="cn" ) ORDER BY n.create_time desc LIMIT 0,10   [ RunTime:0.0075s ]
INFO: [ view_parse ] --START--
INFO: [ template_filter ] --START--
INFO: Run Behavior\ContentReplaceBehavior [ RunTime:0.000120s ]
INFO: [ template_filter ] --END-- [ RunTime:0.000197s ]
NOTIC: [8] Undefined index: news_content /Volumes/work/htdocs/xinxing/Runtime/Cache/Home/3b9bb8f59aaa4d1691c827dd64ddfa9b.php 第 318 行.
NOTIC: [8] Undefined index: news_content /Volumes/work/htdocs/xinxing/Runtime/Cache/Home/3b9bb8f59aaa4d1691c827dd64ddfa9b.php 第 318 行.
NOTIC: [8] Undefined index: news_content /Volumes/work/htdocs/xinxing/Runtime/Cache/Home/3b9bb8f59aaa4d1691c827dd64ddfa9b.php 第 318 行.
NOTIC: [8] Undefined index: news_content /Volumes/work/htdocs/xinxing/Runtime/Cache/Home/3b9bb8f59aaa4d1691c827dd64ddfa9b.php 第 318 行.
NOTIC: [8] Undefined index: news_content /Volumes/work/htdocs/xinxing/Runtime/Cache/Home/3b9bb8f59aaa4d1691c827dd64ddfa9b.php 第 318 行.
NOTIC: [8] Undefined index: news_content /Volumes/work/htdocs/xinxing/Runtime/Cache/Home/3b9bb8f59aaa4d1691c827dd64ddfa9b.php 第 318 行.
NOTIC: [8] Undefined index: news_content /Volumes/work/htdocs/xinxing/Runtime/Cache/Home/3b9bb8f59aaa4d1691c827dd64ddfa9b.php 第 318 行.
NOTIC: [8] Undefined index: news_content /Volumes/work/htdocs/xinxing/Runtime/Cache/Home/3b9bb8f59aaa4d1691c827dd64ddfa9b.php 第 318 行.
INFO: Run Behavior\ParseTemplateBehavior [ RunTime:0.023244s ]
INFO: [ view_parse ] --END-- [ RunTime:0.023310s ]
INFO: [ view_filter ] --START--
INFO: Run Behavior\WriteHtmlCacheBehavior [ RunTime:0.000187s ]
INFO: [ view_filter ] --END-- [ RunTime:0.000238s ]
INFO: [ app_end ] --START--
INFO: Run Behavior\ShowPageTraceBehavior [ RunTime:0.000529s ]
INFO: [ app_end ] --END-- [ RunTime:0.000583s ]

[ 2016-12-23T23:18:06+08:00 ] ::1 /xinxing/index.php/Home/About/index.html
INFO: [ app_init ] --START--
INFO: Run Behavior\BuildLiteBehavior [ RunTime:0.000013s ]
INFO: [ app_init ] --END-- [ RunTime:0.000310s ]
INFO: [ app_begin ] --START--
INFO: Run Behavior\ReadHtmlCacheBehavior [ RunTime:0.000406s ]
INFO: Run Behavior\CheckLangBehavior [ RunTime:0.000455s ]
INFO: [ app_begin ] --END-- [ RunTime:0.000945s ]
SQL: SHOW COLUMNS FROM `trade_news` [ RunTime:0.0170s ]
SQL: SELECT COUNT(*) AS tp_count FROM trade_news n WHERE ( n.deleted=0 and news_type=1 ) LIMIT 1   [ RunTime:0.2243s ]
SQL: SELECT n.news_id,n.news_title,n.img,n.create_time,n.language,n.group_id FROM trade_news n WHERE ( n.deleted=0 and news_type=1 and language="cn" ) ORDER BY n.create_time desc LIMIT 0,10   [ RunTime:0.0146s ]
INFO: [ view_parse ] --START--
INFO: [ template_filter ] --START--
INFO: Run Behavior\ContentReplaceBehavior [ RunTime:0.000206s ]
INFO: [ template_filter ] --END-- [ RunTime:0.000302s ]
NOTIC: [8] Undefined index: news_content /Volumes/work/htdocs/xinxing/Runtime/Cache/Home/3b9bb8f59aaa4d1691c827dd64ddfa9b.php 第 318 行.
NOTIC: [8] Undefined index: news_content /Volumes/work/htdocs/xinxing/Runtime/Cache/Home/3b9bb8f59aaa4d1691c827dd64ddfa9b.php 第 318 行.
NOTIC: [8] Undefined index: news_content /Volumes/work/htdocs/xinxing/Runtime/Cache/Home/3b9bb8f59aaa4d1691c827dd64ddfa9b.php 第 318 行.
NOTIC: [8] Undefined index: news_content /Volumes/work/htdocs/xinxing/Runtime/Cache/Home/3b9bb8f59aaa4d1691c827dd64ddfa9b.php 第 318 行.
NOTIC: [8] Undefined index: news_content /Volumes/work/htdocs/xinxing/Runtime/Cache/Home/3b9bb8f59aaa4d1691c827dd64ddfa9b.php 第 318 行.
NOTIC: [8] Undefined index: news_content /Volumes/work/htdocs/xinxing/Runtime/Cache/Home/3b9bb8f59aaa4d1691c827dd64ddfa9b.php 第 318 行.
NOTIC: [8] Undefined index: news_content /Volumes/work/htdocs/xinxing/Runtime/Cache/Home/3b9bb8f59aaa4d1691c827dd64ddfa9b.php 第 318 行.
NOTIC: [8] Undefined index: news_content /Volumes/work/htdocs/xinxing/Runtime/Cache/Home/3b9bb8f59aaa4d1691c827dd64ddfa9b.php 第 318 行.
INFO: Run Behavior\ParseTemplateBehavior [ RunTime:0.023301s ]
INFO: [ view_parse ] --END-- [ RunTime:0.023368s ]
INFO: [ view_filter ] --START--
INFO: Run Behavior\WriteHtmlCacheBehavior [ RunTime:0.000146s ]
INFO: [ view_filter ] --END-- [ RunTime:0.000190s ]
INFO: [ app_end ] --START--
INFO: Run Behavior\ShowPageTraceBehavior [ RunTime:0.000461s ]
INFO: [ app_end ] --END-- [ RunTime:0.000510s ]

[ 2016-12-23T23:18:35+08:00 ] ::1 /xinxing/index.php/Home/About/index.html
INFO: [ app_init ] --START--
INFO: Run Behavior\BuildLiteBehavior [ RunTime:0.000023s ]
INFO: [ app_init ] --END-- [ RunTime:0.000425s ]
INFO: [ app_begin ] --START--
INFO: Run Behavior\ReadHtmlCacheBehavior [ RunTime:0.000463s ]
INFO: Run Behavior\CheckLangBehavior [ RunTime:0.000639s ]
INFO: [ app_begin ] --END-- [ RunTime:0.001199s ]
SQL: SHOW COLUMNS FROM `trade_news` [ RunTime:0.0068s ]
SQL: SELECT COUNT(*) AS tp_count FROM trade_news n WHERE ( n.deleted=0 and news_type=1 ) LIMIT 1   [ RunTime:0.0070s ]
SQL: SELECT n.news_id,n.news_title,n.img,n.create_time,n.language,n.group_id FROM trade_news n WHERE ( n.deleted=0 and news_type=1 and language="cn" ) ORDER BY n.create_time desc LIMIT 0,10   [ RunTime:0.0068s ]
INFO: [ view_parse ] --START--
INFO: [ template_filter ] --START--
INFO: Run Behavior\ContentReplaceBehavior [ RunTime:0.000139s ]
INFO: [ template_filter ] --END-- [ RunTime:0.000207s ]
NOTIC: [8] Undefined index: news_content /Volumes/work/htdocs/xinxing/Runtime/Cache/Home/3b9bb8f59aaa4d1691c827dd64ddfa9b.php 第 318 行.
NOTIC: [8] Undefined index: news_content /Volumes/work/htdocs/xinxing/Runtime/Cache/Home/3b9bb8f59aaa4d1691c827dd64ddfa9b.php 第 318 行.
NOTIC: [8] Undefined index: news_content /Volumes/work/htdocs/xinxing/Runtime/Cache/Home/3b9bb8f59aaa4d1691c827dd64ddfa9b.php 第 318 行.
NOTIC: [8] Undefined index: news_content /Volumes/work/htdocs/xinxing/Runtime/Cache/Home/3b9bb8f59aaa4d1691c827dd64ddfa9b.php 第 318 行.
NOTIC: [8] Undefined index: news_content /Volumes/work/htdocs/xinxing/Runtime/Cache/Home/3b9bb8f59aaa4d1691c827dd64ddfa9b.php 第 318 行.
NOTIC: [8] Undefined index: news_content /Volumes/work/htdocs/xinxing/Runtime/Cache/Home/3b9bb8f59aaa4d1691c827dd64ddfa9b.php 第 318 行.
NOTIC: [8] Undefined index: news_content /Volumes/work/htdocs/xinxing/Runtime/Cache/Home/3b9bb8f59aaa4d1691c827dd64ddfa9b.php 第 318 行.
NOTIC: [8] Undefined index: news_content /Volumes/work/htdocs/xinxing/Runtime/Cache/Home/3b9bb8f59aaa4d1691c827dd64ddfa9b.php 第 318 行.
INFO: Run Behavior\ParseTemplateBehavior [ RunTime:0.025932s ]
INFO: [ view_parse ] --END-- [ RunTime:0.026016s ]
INFO: [ view_filter ] --START--
INFO: Run Behavior\WriteHtmlCacheBehavior [ RunTime:0.000341s ]
INFO: [ view_filter ] --END-- [ RunTime:0.000404s ]
INFO: [ app_end ] --START--
INFO: Run Behavior\ShowPageTraceBehavior [ RunTime:0.001056s ]
INFO: [ app_end ] --END-- [ RunTime:0.001143s ]

[ 2016-12-23T23:18:40+08:00 ] ::1 /xinxing/index.php/Home/About/intro.html
INFO: [ app_init ] --START--
INFO: Run Behavior\BuildLiteBehavior [ RunTime:0.000013s ]
INFO: [ app_init ] --END-- [ RunTime:0.000299s ]
INFO: [ app_begin ] --START--
INFO: Run Behavior\ReadHtmlCacheBehavior [ RunTime:0.000403s ]
INFO: Run Behavior\CheckLangBehavior [ RunTime:0.000434s ]
INFO: [ app_begin ] --END-- [ RunTime:0.000938s ]
SQL: SHOW COLUMNS FROM `trade_news` [ RunTime:0.0095s ]
SQL: SELECT * FROM `trade_news` WHERE ( group_id = 1 and language="cn" ) LIMIT 1   [ RunTime:0.0067s ]
INFO: [ view_parse ] --START--
INFO: [ template_filter ] --START--
INFO: Run Behavior\ContentReplaceBehavior [ RunTime:0.000148s ]
INFO: [ template_filter ] --END-- [ RunTime:0.000260s ]
INFO: Run Behavior\ParseTemplateBehavior [ RunTime:0.019972s ]
INFO: [ view_parse ] --END-- [ RunTime:0.020059s ]
INFO: [ view_filter ] --START--
INFO: Run Behavior\WriteHtmlCacheBehavior [ RunTime:0.000202s ]
INFO: [ view_filter ] --END-- [ RunTime:0.000266s ]
INFO: [ app_end ] --START--
INFO: Run Behavior\ShowPageTraceBehavior [ RunTime:0.000579s ]
INFO: [ app_end ] --END-- [ RunTime:0.000687s ]

[ 2016-12-23T23:18:43+08:00 ] ::1 /xinxing/index.php/Home/About/honor.html
INFO: [ app_init ] --START--
INFO: Run Behavior\BuildLiteBehavior [ RunTime:0.000014s ]
INFO: [ app_init ] --END-- [ RunTime:0.000340s ]
INFO: [ app_begin ] --START--
INFO: Run Behavior\ReadHtmlCacheBehavior [ RunTime:0.000538s ]
INFO: Run Behavior\CheckLangBehavior [ RunTime:0.000572s ]
INFO: [ app_begin ] --END-- [ RunTime:0.001203s ]
SQL: SHOW COLUMNS FROM `trade_honor` [ RunTime:0.0126s ]
SQL: SELECT * FROM `trade_honor` WHERE ( language="cn" )  [ RunTime:0.0077s ]
INFO: [ view_parse ] --START--
INFO: [ template_filter ] --START--
INFO: Run Behavior\ContentReplaceBehavior [ RunTime:0.000121s ]
INFO: [ template_filter ] --END-- [ RunTime:0.000195s ]
INFO: Run Behavior\ParseTemplateBehavior [ RunTime:0.025202s ]
INFO: [ view_parse ] --END-- [ RunTime:0.025278s ]
INFO: [ view_filter ] --START--
INFO: Run Behavior\WriteHtmlCacheBehavior [ RunTime:0.000140s ]
INFO: [ view_filter ] --END-- [ RunTime:0.000185s ]
NOTIC: [2] Cannot modify header information - headers already sent by (output started at /Volumes/work/htdocs/xinxing/ThinkPHP/Common/functions.php:850) /Volumes/work/htdocs/xinxing/ThinkPHP/Library/Think/View.class.php 第 91 行.
NOTIC: [2] Cannot modify header information - headers already sent by (output started at /Volumes/work/htdocs/xinxing/ThinkPHP/Common/functions.php:850) /Volumes/work/htdocs/xinxing/ThinkPHP/Library/Think/View.class.php 第 92 行.
NOTIC: [2] Cannot modify header information - headers already sent by (output started at /Volumes/work/htdocs/xinxing/ThinkPHP/Common/functions.php:850) /Volumes/work/htdocs/xinxing/ThinkPHP/Library/Think/View.class.php 第 93 行.
INFO: [ app_end ] --START--
INFO: Run Behavior\ShowPageTraceBehavior [ RunTime:0.000507s ]
INFO: [ app_end ] --END-- [ RunTime:0.000563s ]

[ 2016-12-23T23:19:10+08:00 ] ::1 /xinxing/index.php/Home/About/honor.html
INFO: [ app_init ] --START--
INFO: Run Behavior\BuildLiteBehavior [ RunTime:0.000015s ]
INFO: [ app_init ] --END-- [ RunTime:0.000320s ]
INFO: [ app_begin ] --START--
INFO: Run Behavior\ReadHtmlCacheBehavior [ RunTime:0.000416s ]
INFO: Run Behavior\CheckLangBehavior [ RunTime:0.000469s ]
INFO: [ app_begin ] --END-- [ RunTime:0.000970s ]
SQL: SHOW COLUMNS FROM `trade_honor` [ RunTime:0.0143s ]
SQL: SELECT * FROM `trade_honor` WHERE ( language="cn" )  [ RunTime:0.0091s ]
INFO: [ view_parse ] --START--
INFO: [ template_filter ] --START--
INFO: Run Behavior\ContentReplaceBehavior [ RunTime:0.000109s ]
INFO: [ template_filter ] --END-- [ RunTime:0.000174s ]
INFO: Run Behavior\ParseTemplateBehavior [ RunTime:0.021427s ]
INFO: [ view_parse ] --END-- [ RunTime:0.021502s ]
INFO: [ view_filter ] --START--
INFO: Run Behavior\WriteHtmlCacheBehavior [ RunTime:0.000151s ]
INFO: [ view_filter ] --END-- [ RunTime:0.000197s ]
INFO: [ app_end ] --START--
INFO: Run Behavior\ShowPageTraceBehavior [ RunTime:0.000522s ]
INFO: [ app_end ] --END-- [ RunTime:0.000581s ]

[ 2016-12-23T23:19:12+08:00 ] ::1 /xinxing/index.php/Home/About/index.html
INFO: [ app_init ] --START--
INFO: Run Behavior\BuildLiteBehavior [ RunTime:0.000013s ]
INFO: [ app_init ] --END-- [ RunTime:0.000306s ]
INFO: [ app_begin ] --START--
INFO: Run Behavior\ReadHtmlCacheBehavior [ RunTime:0.000403s ]
INFO: Run Behavior\CheckLangBehavior [ RunTime:0.000446s ]
INFO: [ app_begin ] --END-- [ RunTime:0.000935s ]
SQL: SHOW COLUMNS FROM `trade_news` [ RunTime:0.0157s ]
SQL: SELECT COUNT(*) AS tp_count FROM trade_news n WHERE ( n.deleted=0 and news_type=1 ) LIMIT 1   [ RunTime:0.0064s ]
SQL: SELECT n.news_id,n.news_title,n.img,n.create_time,n.language,n.group_id FROM trade_news n WHERE ( n.deleted=0 and news_type=1 and language="cn" ) ORDER BY n.create_time desc LIMIT 0,10   [ RunTime:0.0071s ]
INFO: [ view_parse ] --START--
INFO: [ template_filter ] --START--
INFO: Run Behavior\ContentReplaceBehavior [ RunTime:0.000114s ]
INFO: [ template_filter ] --END-- [ RunTime:0.000186s ]
NOTIC: [8] Undefined index: news_content /Volumes/work/htdocs/xinxing/Runtime/Cache/Home/3b9bb8f59aaa4d1691c827dd64ddfa9b.php 第 318 行.
NOTIC: [8] Undefined index: news_content /Volumes/work/htdocs/xinxing/Runtime/Cache/Home/3b9bb8f59aaa4d1691c827dd64ddfa9b.php 第 318 行.
NOTIC: [8] Undefined index: news_content /Volumes/work/htdocs/xinxing/Runtime/Cache/Home/3b9bb8f59aaa4d1691c827dd64ddfa9b.php 第 318 行.
NOTIC: [8] Undefined index: news_content /Volumes/work/htdocs/xinxing/Runtime/Cache/Home/3b9bb8f59aaa4d1691c827dd64ddfa9b.php 第 318 行.
NOTIC: [8] Undefined index: news_content /Volumes/work/htdocs/xinxing/Runtime/Cache/Home/3b9bb8f59aaa4d1691c827dd64ddfa9b.php 第 318 行.
NOTIC: [8] Undefined index: news_content /Volumes/work/htdocs/xinxing/Runtime/Cache/Home/3b9bb8f59aaa4d1691c827dd64ddfa9b.php 第 318 行.
NOTIC: [8] Undefined index: news_content /Volumes/work/htdocs/xinxing/Runtime/Cache/Home/3b9bb8f59aaa4d1691c827dd64ddfa9b.php 第 318 行.
NOTIC: [8] Undefined index: news_content /Volumes/work/htdocs/xinxing/Runtime/Cache/Home/3b9bb8f59aaa4d1691c827dd64ddfa9b.php 第 318 行.
INFO: Run Behavior\ParseTemplateBehavior [ RunTime:0.022728s ]
INFO: [ view_parse ] --END-- [ RunTime:0.022790s ]
INFO: [ view_filter ] --START--
INFO: Run Behavior\WriteHtmlCacheBehavior [ RunTime:0.000151s ]
INFO: [ view_filter ] --END-- [ RunTime:0.000195s ]
INFO: [ app_end ] --START--
INFO: Run Behavior\ShowPageTraceBehavior [ RunTime:0.000464s ]
INFO: [ app_end ] --END-- [ RunTime:0.000513s ]

[ 2016-12-23T23:19:13+08:00 ] ::1 /xinxing/index.php/Home/About/index.html
INFO: [ app_init ] --START--
INFO: Run Behavior\BuildLiteBehavior [ RunTime:0.000014s ]
INFO: [ app_init ] --END-- [ RunTime:0.000365s ]
INFO: [ app_begin ] --START--
INFO: Run Behavior\ReadHtmlCacheBehavior [ RunTime:0.000542s ]
INFO: Run Behavior\CheckLangBehavior [ RunTime:0.000569s ]
INFO: [ app_begin ] --END-- [ RunTime:0.001251s ]
SQL: SHOW COLUMNS FROM `trade_news` [ RunTime:0.0117s ]
SQL: SELECT COUNT(*) AS tp_count FROM trade_news n WHERE ( n.deleted=0 and news_type=1 ) LIMIT 1   [ RunTime:0.0087s ]
SQL: SELECT n.news_id,n.news_title,n.img,n.create_time,n.language,n.group_id FROM trade_news n WHERE ( n.deleted=0 and news_type=1 and language="cn" ) ORDER BY n.create_time desc LIMIT 0,10   [ RunTime:0.0073s ]
INFO: [ view_parse ] --START--
INFO: [ template_filter ] --START--
INFO: Run Behavior\ContentReplaceBehavior [ RunTime:0.000111s ]
INFO: [ template_filter ] --END-- [ RunTime:0.000179s ]
NOTIC: [8] Undefined index: news_content /Volumes/work/htdocs/xinxing/Runtime/Cache/Home/3b9bb8f59aaa4d1691c827dd64ddfa9b.php 第 318 行.
NOTIC: [8] Undefined index: news_content /Volumes/work/htdocs/xinxing/Runtime/Cache/Home/3b9bb8f59aaa4d1691c827dd64ddfa9b.php 第 318 行.
NOTIC: [8] Undefined index: news_content /Volumes/work/htdocs/xinxing/Runtime/Cache/Home/3b9bb8f59aaa4d1691c827dd64ddfa9b.php 第 318 行.
NOTIC: [8] Undefined index: news_content /Volumes/work/htdocs/xinxing/Runtime/Cache/Home/3b9bb8f59aaa4d1691c827dd64ddfa9b.php 第 318 行.
NOTIC: [8] Undefined index: news_content /Volumes/work/htdocs/xinxing/Runtime/Cache/Home/3b9bb8f59aaa4d1691c827dd64ddfa9b.php 第 318 行.
NOTIC: [8] Undefined index: news_content /Volumes/work/htdocs/xinxing/Runtime/Cache/Home/3b9bb8f59aaa4d1691c827dd64ddfa9b.php 第 318 行.
NOTIC: [8] Undefined index: news_content /Volumes/work/htdocs/xinxing/Runtime/Cache/Home/3b9bb8f59aaa4d1691c827dd64ddfa9b.php 第 318 行.
NOTIC: [8] Undefined index: news_content /Volumes/work/htdocs/xinxing/Runtime/Cache/Home/3b9bb8f59aaa4d1691c827dd64ddfa9b.php 第 318 行.
INFO: Run Behavior\ParseTemplateBehavior [ RunTime:0.021015s ]
INFO: [ view_parse ] --END-- [ RunTime:0.021078s ]
INFO: [ view_filter ] --START--
INFO: Run Behavior\WriteHtmlCacheBehavior [ RunTime:0.000154s ]
INFO: [ view_filter ] --END-- [ RunTime:0.000198s ]
INFO: [ app_end ] --START--
INFO: Run Behavior\ShowPageTraceBehavior [ RunTime:0.000539s ]
INFO: [ app_end ] --END-- [ RunTime:0.000596s ]

[ 2016-12-23T23:19:34+08:00 ] ::1 /xinxing/index.php/Home/About/index.html
INFO: [ app_init ] --START--
INFO: Run Behavior\BuildLiteBehavior [ RunTime:0.000024s ]
INFO: [ app_init ] --END-- [ RunTime:0.000467s ]
INFO: [ app_begin ] --START--
INFO: Run Behavior\ReadHtmlCacheBehavior [ RunTime:0.000592s ]
INFO: Run Behavior\CheckLangBehavior [ RunTime:0.000828s ]
INFO: [ app_begin ] --END-- [ RunTime:0.001596s ]
SQL: SHOW COLUMNS FROM `trade_news` [ RunTime:0.0109s ]
SQL: SELECT COUNT(*) AS tp_count FROM trade_news n WHERE ( n.deleted=0 and news_type=1 ) LIMIT 1   [ RunTime:0.0056s ]
SQL: SELECT n.news_id,n.news_title,n.img,n.create_time,n.language,n.group_id FROM trade_news n WHERE ( n.deleted=0 and news_type=1 and language="cn" ) ORDER BY n.create_time desc LIMIT 0,10   [ RunTime:0.0066s ]
INFO: [ view_parse ] --START--
INFO: [ template_filter ] --START--
INFO: Run Behavior\ContentReplaceBehavior [ RunTime:0.000129s ]
INFO: [ template_filter ] --END-- [ RunTime:0.000198s ]
NOTIC: [8] Undefined index: news_content /Volumes/work/htdocs/xinxing/Runtime/Cache/Home/3b9bb8f59aaa4d1691c827dd64ddfa9b.php 第 318 行.
NOTIC: [8] Undefined index: news_content /Volumes/work/htdocs/xinxing/Runtime/Cache/Home/3b9bb8f59aaa4d1691c827dd64ddfa9b.php 第 318 行.
NOTIC: [8] Undefined index: news_content /Volumes/work/htdocs/xinxing/Runtime/Cache/Home/3b9bb8f59aaa4d1691c827dd64ddfa9b.php 第 318 行.
NOTIC: [8] Undefined index: news_content /Volumes/work/htdocs/xinxing/Runtime/Cache/Home/3b9bb8f59aaa4d1691c827dd64ddfa9b.php 第 318 行.
NOTIC: [8] Undefined index: news_content /Volumes/work/htdocs/xinxing/Runtime/Cache/Home/3b9bb8f59aaa4d1691c827dd64ddfa9b.php 第 318 行.
NOTIC: [8] Undefined index: news_content /Volumes/work/htdocs/xinxing/Runtime/Cache/Home/3b9bb8f59aaa4d1691c827dd64ddfa9b.php 第 318 行.
NOTIC: [8] Undefined index: news_content /Volumes/work/htdocs/xinxing/Runtime/Cache/Home/3b9bb8f59aaa4d1691c827dd64ddfa9b.php 第 318 行.
NOTIC: [8] Undefined index: news_content /Volumes/work/htdocs/xinxing/Runtime/Cache/Home/3b9bb8f59aaa4d1691c827dd64ddfa9b.php 第 318 行.
INFO: Run Behavior\ParseTemplateBehavior [ RunTime:0.022520s ]
INFO: [ view_parse ] --END-- [ RunTime:0.022614s ]
INFO: [ view_filter ] --START--
INFO: Run Behavior\WriteHtmlCacheBehavior [ RunTime:0.000136s ]
INFO: [ view_filter ] --END-- [ RunTime:0.000178s ]
INFO: [ app_end ] --START--
INFO: Run Behavior\ShowPageTraceBehavior [ RunTime:0.000547s ]
INFO: [ app_end ] --END-- [ RunTime:0.000607s ]

[ 2016-12-23T23:19:46+08:00 ] ::1 /xinxing/index.php/Home/About/index.html
INFO: [ app_init ] --START--
INFO: Run Behavior\BuildLiteBehavior [ RunTime:0.000022s ]
INFO: [ app_init ] --END-- [ RunTime:0.000432s ]
INFO: [ app_begin ] --START--
INFO: Run Behavior\ReadHtmlCacheBehavior [ RunTime:0.000467s ]
INFO: Run Behavior\CheckLangBehavior [ RunTime:0.000497s ]
INFO: [ app_begin ] --END-- [ RunTime:0.001064s ]
SQL: SHOW COLUMNS FROM `trade_news` [ RunTime:0.0075s ]
SQL: SELECT COUNT(*) AS tp_count FROM trade_news n WHERE ( n.deleted=0 and news_type=1 ) LIMIT 1   [ RunTime:0.0061s ]
SQL: SELECT n.news_id,n.news_title,n.img,n.create_time,n.language,n.group_id FROM trade_news n WHERE ( n.deleted=0 and news_type=1 and language="cn" ) ORDER BY n.create_time desc LIMIT 0,10   [ RunTime:0.0067s ]
INFO: [ view_parse ] --START--
INFO: [ template_filter ] --START--
INFO: Run Behavior\ContentReplaceBehavior [ RunTime:0.000141s ]
INFO: [ template_filter ] --END-- [ RunTime:0.000215s ]
NOTIC: [8] Undefined index: news_content /Volumes/work/htdocs/xinxing/Runtime/Cache/Home/3b9bb8f59aaa4d1691c827dd64ddfa9b.php 第 318 行.
NOTIC: [8] Undefined index: news_content /Volumes/work/htdocs/xinxing/Runtime/Cache/Home/3b9bb8f59aaa4d1691c827dd64ddfa9b.php 第 318 行.
NOTIC: [8] Undefined index: news_content /Volumes/work/htdocs/xinxing/Runtime/Cache/Home/3b9bb8f59aaa4d1691c827dd64ddfa9b.php 第 318 行.
NOTIC: [8] Undefined index: news_content /Volumes/work/htdocs/xinxing/Runtime/Cache/Home/3b9bb8f59aaa4d1691c827dd64ddfa9b.php 第 318 行.
NOTIC: [8] Undefined index: news_content /Volumes/work/htdocs/xinxing/Runtime/Cache/Home/3b9bb8f59aaa4d1691c827dd64ddfa9b.php 第 318 行.
NOTIC: [8] Undefined index: news_content /Volumes/work/htdocs/xinxing/Runtime/Cache/Home/3b9bb8f59aaa4d1691c827dd64ddfa9b.php 第 318 行.
NOTIC: [8] Undefined index: news_content /Volumes/work/htdocs/xinxing/Runtime/Cache/Home/3b9bb8f59aaa4d1691c827dd64ddfa9b.php 第 318 行.
NOTIC: [8] Undefined index: news_content /Volumes/work/htdocs/xinxing/Runtime/Cache/Home/3b9bb8f59aaa4d1691c827dd64ddfa9b.php 第 318 行.
INFO: Run Behavior\ParseTemplateBehavior [ RunTime:0.025337s ]
INFO: [ view_parse ] --END-- [ RunTime:0.025417s ]
INFO: [ view_filter ] --START--
INFO: Run Behavior\WriteHtmlCacheBehavior [ RunTime:0.000149s ]
INFO: [ view_filter ] --END-- [ RunTime:0.000192s ]
INFO: [ app_end ] --START--
INFO: Run Behavior\ShowPageTraceBehavior [ RunTime:0.000687s ]
INFO: [ app_end ] --END-- [ RunTime:0.000746s ]

[ 2016-12-23T23:19:56+08:00 ] ::1 /xinxing/index.php/Home/About/index.html
INFO: [ app_init ] --START--
INFO: Run Behavior\BuildLiteBehavior [ RunTime:0.000022s ]
INFO: [ app_init ] --END-- [ RunTime:0.000443s ]
INFO: [ app_begin ] --START--
INFO: Run Behavior\ReadHtmlCacheBehavior [ RunTime:0.000507s ]
INFO: Run Behavior\CheckLangBehavior [ RunTime:0.000522s ]
INFO: [ app_begin ] --END-- [ RunTime:0.001132s ]
SQL: SHOW COLUMNS FROM `trade_news` [ RunTime:0.0098s ]
SQL: SELECT COUNT(*) AS tp_count FROM trade_news n WHERE ( n.deleted=0 and news_type=1 ) LIMIT 1   [ RunTime:0.0062s ]
SQL: SELECT n.news_id,n.news_title,n.img,n.create_time,n.language,n.group_id FROM trade_news n WHERE ( n.deleted=0 and news_type=1 and language="cn" ) ORDER BY n.create_time desc LIMIT 0,10   [ RunTime:0.0066s ]
INFO: [ view_parse ] --START--
INFO: [ template_filter ] --START--
INFO: Run Behavior\ContentReplaceBehavior [ RunTime:0.000136s ]
INFO: [ template_filter ] --END-- [ RunTime:0.000208s ]
NOTIC: [8] Undefined index: news_content /Volumes/work/htdocs/xinxing/Runtime/Cache/Home/3b9bb8f59aaa4d1691c827dd64ddfa9b.php 第 318 行.
NOTIC: [8] Undefined index: news_content /Volumes/work/htdocs/xinxing/Runtime/Cache/Home/3b9bb8f59aaa4d1691c827dd64ddfa9b.php 第 318 行.
NOTIC: [8] Undefined index: news_content /Volumes/work/htdocs/xinxing/Runtime/Cache/Home/3b9bb8f59aaa4d1691c827dd64ddfa9b.php 第 318 行.
NOTIC: [8] Undefined index: news_content /Volumes/work/htdocs/xinxing/Runtime/Cache/Home/3b9bb8f59aaa4d1691c827dd64ddfa9b.php 第 318 行.
NOTIC: [8] Undefined index: news_content /Volumes/work/htdocs/xinxing/Runtime/Cache/Home/3b9bb8f59aaa4d1691c827dd64ddfa9b.php 第 318 行.
NOTIC: [8] Undefined index: news_content /Volumes/work/htdocs/xinxing/Runtime/Cache/Home/3b9bb8f59aaa4d1691c827dd64ddfa9b.php 第 318 行.
NOTIC: [8] Undefined index: news_content /Volumes/work/htdocs/xinxing/Runtime/Cache/Home/3b9bb8f59aaa4d1691c827dd64ddfa9b.php 第 318 行.
NOTIC: [8] Undefined index: news_content /Volumes/work/htdocs/xinxing/Runtime/Cache/Home/3b9bb8f59aaa4d1691c827dd64ddfa9b.php 第 318 行.
INFO: Run Behavior\ParseTemplateBehavior [ RunTime:0.023787s ]
INFO: [ view_parse ] --END-- [ RunTime:0.023857s ]
INFO: [ view_filter ] --START--
INFO: Run Behavior\WriteHtmlCacheBehavior [ RunTime:0.000188s ]
INFO: [ view_filter ] --END-- [ RunTime:0.000232s ]
INFO: [ app_end ] --START--
INFO: Run Behavior\ShowPageTraceBehavior [ RunTime:0.000877s ]
INFO: [ app_end ] --END-- [ RunTime:0.000953s ]

[ 2016-12-23T23:19:59+08:00 ] ::1 /xinxing/index.php/Home/News/index/p/2.html
INFO: [ app_init ] --START--
INFO: Run Behavior\BuildLiteBehavior [ RunTime:0.000016s ]
INFO: [ app_init ] --END-- [ RunTime:0.000409s ]
INFO: [ app_begin ] --START--
INFO: Run Behavior\ReadHtmlCacheBehavior [ RunTime:0.000666s ]
INFO: Run Behavior\CheckLangBehavior [ RunTime:0.000590s ]
INFO: [ app_begin ] --END-- [ RunTime:0.001359s ]
ERR: 无法加载控制器:News

[ 2016-12-23T23:20:19+08:00 ] ::1 /xinxing/index.php/Home/News/index/p/2.html
INFO: [ app_init ] --START--
INFO: Run Behavior\BuildLiteBehavior [ RunTime:0.000014s ]
INFO: [ app_init ] --END-- [ RunTime:0.000332s ]
INFO: [ app_begin ] --START--
INFO: Run Behavior\ReadHtmlCacheBehavior [ RunTime:0.000594s ]
INFO: Run Behavior\CheckLangBehavior [ RunTime:0.000657s ]
INFO: [ app_begin ] --END-- [ RunTime:0.001411s ]
ERR: 无法加载控制器:News

[ 2016-12-23T23:20:20+08:00 ] ::1 /xinxing/index.php/Home/About/index.html
INFO: [ app_init ] --START--
INFO: Run Behavior\BuildLiteBehavior [ RunTime:0.000014s ]
INFO: [ app_init ] --END-- [ RunTime:0.000309s ]
INFO: [ app_begin ] --START--
INFO: Run Behavior\ReadHtmlCacheBehavior [ RunTime:0.000403s ]
INFO: Run Behavior\CheckLangBehavior [ RunTime:0.000449s ]
INFO: [ app_begin ] --END-- [ RunTime:0.000935s ]
SQL: SHOW COLUMNS FROM `trade_news` [ RunTime:0.0106s ]
SQL: SELECT COUNT(*) AS tp_count FROM trade_news n WHERE ( n.deleted=0 and news_type=1 ) LIMIT 1   [ RunTime:0.0065s ]
SQL: SELECT n.news_id,n.news_title,n.img,n.create_time,n.language,n.group_id FROM trade_news n WHERE ( n.deleted=0 and news_type=1 and language="cn" ) ORDER BY n.create_time desc LIMIT 0,10   [ RunTime:0.0087s ]
INFO: [ view_parse ] --START--
INFO: [ template_filter ] --START--
INFO: Run Behavior\ContentReplaceBehavior [ RunTime:0.000121s ]
INFO: [ template_filter ] --END-- [ RunTime:0.000198s ]
NOTIC: [8] Undefined index: news_content /Volumes/work/htdocs/xinxing/Runtime/Cache/Home/3b9bb8f59aaa4d1691c827dd64ddfa9b.php 第 318 行.
NOTIC: [8] Undefined index: news_content /Volumes/work/htdocs/xinxing/Runtime/Cache/Home/3b9bb8f59aaa4d1691c827dd64ddfa9b.php 第 318 行.
NOTIC: [8] Undefined index: news_content /Volumes/work/htdocs/xinxing/Runtime/Cache/Home/3b9bb8f59aaa4d1691c827dd64ddfa9b.php 第 318 行.
NOTIC: [8] Undefined index: news_content /Volumes/work/htdocs/xinxing/Runtime/Cache/Home/3b9bb8f59aaa4d1691c827dd64ddfa9b.php 第 318 行.
NOTIC: [8] Undefined index: news_content /Volumes/work/htdocs/xinxing/Runtime/Cache/Home/3b9bb8f59aaa4d1691c827dd64ddfa9b.php 第 318 行.
NOTIC: [8] Undefined index: news_content /Volumes/work/htdocs/xinxing/Runtime/Cache/Home/3b9bb8f59aaa4d1691c827dd64ddfa9b.php 第 318 行.
NOTIC: [8] Undefined index: news_content /Volumes/work/htdocs/xinxing/Runtime/Cache/Home/3b9bb8f59aaa4d1691c827dd64ddfa9b.php 第 318 行.
NOTIC: [8] Undefined index: news_content /Volumes/work/htdocs/xinxing/Runtime/Cache/Home/3b9bb8f59aaa4d1691c827dd64ddfa9b.php 第 318 行.
INFO: Run Behavior\ParseTemplateBehavior [ RunTime:0.023885s ]
INFO: [ view_parse ] --END-- [ RunTime:0.023962s ]
INFO: [ view_filter ] --START--
INFO: Run Behavior\WriteHtmlCacheBehavior [ RunTime:0.000158s ]
INFO: [ view_filter ] --END-- [ RunTime:0.000203s ]
INFO: [ app_end ] --START--
INFO: Run Behavior\ShowPageTraceBehavior [ RunTime:0.000652s ]
INFO: [ app_end ] --END-- [ RunTime:0.000719s ]

[ 2016-12-23T23:20:24+08:00 ] ::1 /xinxing/index.php/Home/About/index/p/2.html
INFO: [ app_init ] --START--
INFO: Run Behavior\BuildLiteBehavior [ RunTime:0.000016s ]
INFO: [ app_init ] --END-- [ RunTime:0.000350s ]
INFO: [ app_begin ] --START--
INFO: Run Behavior\ReadHtmlCacheBehavior [ RunTime:0.000653s ]
INFO: Run Behavior\CheckLangBehavior [ RunTime:0.000539s ]
INFO: [ app_begin ] --END-- [ RunTime:0.001301s ]
SQL: SHOW COLUMNS FROM `trade_news` [ RunTime:0.0081s ]
SQL: SELECT COUNT(*) AS tp_count FROM trade_news n WHERE ( n.deleted=0 and news_type=1 ) LIMIT 1   [ RunTime:0.0057s ]
SQL: SELECT n.news_id,n.news_title,n.img,n.create_time,n.language,n.group_id FROM trade_news n WHERE ( n.deleted=0 and news_type=1 and language="cn" ) ORDER BY n.create_time desc LIMIT 10,10   [ RunTime:0.0081s ]
INFO: [ view_parse ] --START--
INFO: [ template_filter ] --START--
INFO: Run Behavior\ContentReplaceBehavior [ RunTime:0.000114s ]
INFO: [ template_filter ] --END-- [ RunTime:0.000178s ]
INFO: Run Behavior\ParseTemplateBehavior [ RunTime:0.021453s ]
INFO: [ view_parse ] --END-- [ RunTime:0.021538s ]
INFO: [ view_filter ] --START--
INFO: Run Behavior\WriteHtmlCacheBehavior [ RunTime:0.000160s ]
INFO: [ view_filter ] --END-- [ RunTime:0.000204s ]
INFO: [ app_end ] --START--
INFO: Run Behavior\ShowPageTraceBehavior [ RunTime:0.000550s ]
INFO: [ app_end ] --END-- [ RunTime:0.000610s ]

[ 2016-12-23T23:20:26+08:00 ] ::1 /xinxing/index.php/Home/About/index/p/3.html
INFO: [ app_init ] --START--
INFO: Run Behavior\BuildLiteBehavior [ RunTime:0.000019s ]
INFO: [ app_init ] --END-- [ RunTime:0.000454s ]
INFO: [ app_begin ] --START--
INFO: Run Behavior\ReadHtmlCacheBehavior [ RunTime:0.000602s ]
INFO: Run Behavior\CheckLangBehavior [ RunTime:0.000802s ]
INFO: [ app_begin ] --END-- [ RunTime:0.001626s ]
SQL: SHOW COLUMNS FROM `trade_news` [ RunTime:0.0147s ]
SQL: SELECT COUNT(*) AS tp_count FROM trade_news n WHERE ( n.deleted=0 and news_type=1 ) LIMIT 1   [ RunTime:0.0074s ]
SQL: SELECT n.news_id,n.news_title,n.img,n.create_time,n.language,n.group_id FROM trade_news n WHERE ( n.deleted=0 and news_type=1 and language="cn" ) ORDER BY n.create_time desc LIMIT 20,10   [ RunTime:0.0081s ]
INFO: [ view_parse ] --START--
INFO: [ template_filter ] --START--
INFO: Run Behavior\ContentReplaceBehavior [ RunTime:0.000221s ]
INFO: [ template_filter ] --END-- [ RunTime:0.000332s ]
INFO: Run Behavior\ParseTemplateBehavior [ RunTime:0.024210s ]
INFO: [ view_parse ] --END-- [ RunTime:0.024301s ]
INFO: [ view_filter ] --START--
INFO: Run Behavior\WriteHtmlCacheBehavior [ RunTime:0.000193s ]
INFO: [ view_filter ] --END-- [ RunTime:0.000258s ]
INFO: [ app_end ] --START--
INFO: Run Behavior\ShowPageTraceBehavior [ RunTime:0.000515s ]
INFO: [ app_end ] --END-- [ RunTime:0.000594s ]

[ 2016-12-23T23:20:28+08:00 ] ::1 /xinxing/index.php/Home/About/index/p/1.html
INFO: [ app_init ] --START--
INFO: Run Behavior\BuildLiteBehavior [ RunTime:0.000013s ]
INFO: [ app_init ] --END-- [ RunTime:0.000303s ]
INFO: [ app_begin ] --START--
INFO: Run Behavior\ReadHtmlCacheBehavior [ RunTime:0.000397s ]
INFO: Run Behavior\CheckLangBehavior [ RunTime:0.000472s ]
INFO: [ app_begin ] --END-- [ RunTime:0.000952s ]
SQL: SHOW COLUMNS FROM `trade_news` [ RunTime:0.0119s ]
SQL: SELECT COUNT(*) AS tp_count FROM trade_news n WHERE ( n.deleted=0 and news_type=1 ) LIMIT 1   [ RunTime:0.0070s ]
SQL: SELECT n.news_id,n.news_title,n.img,n.create_time,n.language,n.group_id FROM trade_news n WHERE ( n.deleted=0 and news_type=1 and language="cn" ) ORDER BY n.create_time desc LIMIT 0,10   [ RunTime:0.0110s ]
INFO: [ view_parse ] --START--
INFO: [ template_filter ] --START--
INFO: Run Behavior\ContentReplaceBehavior [ RunTime:0.000110s ]
INFO: [ template_filter ] --END-- [ RunTime:0.000175s ]
NOTIC: [8] Undefined index: news_content /Volumes/work/htdocs/xinxing/Runtime/Cache/Home/3b9bb8f59aaa4d1691c827dd64ddfa9b.php 第 318 行.
NOTIC: [8] Undefined index: news_content /Volumes/work/htdocs/xinxing/Runtime/Cache/Home/3b9bb8f59aaa4d1691c827dd64ddfa9b.php 第 318 行.
NOTIC: [8] Undefined index: news_content /Volumes/work/htdocs/xinxing/Runtime/Cache/Home/3b9bb8f59aaa4d1691c827dd64ddfa9b.php 第 318 行.
NOTIC: [8] Undefined index: news_content /Volumes/work/htdocs/xinxing/Runtime/Cache/Home/3b9bb8f59aaa4d1691c827dd64ddfa9b.php 第 318 行.
NOTIC: [8] Undefined index: news_content /Volumes/work/htdocs/xinxing/Runtime/Cache/Home/3b9bb8f59aaa4d1691c827dd64ddfa9b.php 第 318 行.
NOTIC: [8] Undefined index: news_content /Volumes/work/htdocs/xinxing/Runtime/Cache/Home/3b9bb8f59aaa4d1691c827dd64ddfa9b.php 第 318 行.
NOTIC: [8] Undefined index: news_content /Volumes/work/htdocs/xinxing/Runtime/Cache/Home/3b9bb8f59aaa4d1691c827dd64ddfa9b.php 第 318 行.
NOTIC: [8] Undefined index: news_content /Volumes/work/htdocs/xinxing/Runtime/Cache/Home/3b9bb8f59aaa4d1691c827dd64ddfa9b.php 第 318 行.
INFO: Run Behavior\ParseTemplateBehavior [ RunTime:0.023270s ]
INFO: [ view_parse ] --END-- [ RunTime:0.023335s ]
INFO: [ view_filter ] --START--
INFO: Run Behavior\WriteHtmlCacheBehavior [ RunTime:0.000139s ]
INFO: [ view_filter ] --END-- [ RunTime:0.000181s ]
INFO: [ app_end ] --START--
INFO: Run Behavior\ShowPageTraceBehavior [ RunTime:0.000630s ]
INFO: [ app_end ] --END-- [ RunTime:0.000696s ]

[ 2016-12-23T23:20:44+08:00 ] ::1 /xinxing/index.php/Home/About/index/p/1.html
INFO: [ app_init ] --START--
INFO: Run Behavior\BuildLiteBehavior [ RunTime:0.000019s ]
INFO: [ app_init ] --END-- [ RunTime:0.000434s ]
INFO: [ app_begin ] --START--
INFO: Run Behavior\ReadHtmlCacheBehavior [ RunTime:0.000499s ]
INFO: Run Behavior\CheckLangBehavior [ RunTime:0.000520s ]
INFO: [ app_begin ] --END-- [ RunTime:0.001123s ]
SQL: SHOW COLUMNS FROM `trade_news` [ RunTime:0.0105s ]
SQL: SELECT COUNT(*) AS tp_count FROM trade_news n WHERE ( n.deleted=0 and news_type=1 and language="cn" ) LIMIT 1   [ RunTime:0.0067s ]
NOTIC: [8] Undefined variable: count /Volumes/work/htdocs/xinxing/Application/Home/Controller/AboutController.class.php 第 16 行.
SQL: SELECT n.news_id,n.news_title,n.img,n.create_time,n.language,n.group_id FROM trade_news n WHERE ( n.deleted=0 and news_type=1 and language="cn" ) ORDER BY n.create_time desc LIMIT 0,10   [ RunTime:0.0065s ]
INFO: [ view_parse ] --START--
INFO: [ template_filter ] --START--
INFO: Run Behavior\ContentReplaceBehavior [ RunTime:0.000161s ]
INFO: [ template_filter ] --END-- [ RunTime:0.000232s ]
NOTIC: [8] Undefined index: news_content /Volumes/work/htdocs/xinxing/Runtime/Cache/Home/3b9bb8f59aaa4d1691c827dd64ddfa9b.php 第 318 行.
NOTIC: [8] Undefined index: news_content /Volumes/work/htdocs/xinxing/Runtime/Cache/Home/3b9bb8f59aaa4d1691c827dd64ddfa9b.php 第 318 行.
NOTIC: [8] Undefined index: news_content /Volumes/work/htdocs/xinxing/Runtime/Cache/Home/3b9bb8f59aaa4d1691c827dd64ddfa9b.php 第 318 行.
NOTIC: [8] Undefined index: news_content /Volumes/work/htdocs/xinxing/Runtime/Cache/Home/3b9bb8f59aaa4d1691c827dd64ddfa9b.php 第 318 行.
NOTIC: [8] Undefined index: news_content /Volumes/work/htdocs/xinxing/Runtime/Cache/Home/3b9bb8f59aaa4d1691c827dd64ddfa9b.php 第 318 行.
NOTIC: [8] Undefined index: news_content /Volumes/work/htdocs/xinxing/Runtime/Cache/Home/3b9bb8f59aaa4d1691c827dd64ddfa9b.php 第 318 行.
NOTIC: [8] Undefined index: news_content /Volumes/work/htdocs/xinxing/Runtime/Cache/Home/3b9bb8f59aaa4d1691c827dd64ddfa9b.php 第 318 行.
NOTIC: [8] Undefined index: news_content /Volumes/work/htdocs/xinxing/Runtime/Cache/Home/3b9bb8f59aaa4d1691c827dd64ddfa9b.php 第 318 行.
INFO: Run Behavior\ParseTemplateBehavior [ RunTime:0.024487s ]
INFO: [ view_parse ] --END-- [ RunTime:0.024541s ]
INFO: [ view_filter ] --START--
INFO: Run Behavior\WriteHtmlCacheBehavior [ RunTime:0.000152s ]
INFO: [ view_filter ] --END-- [ RunTime:0.000196s ]
INFO: [ app_end ] --START--
INFO: Run Behavior\ShowPageTraceBehavior [ RunTime:0.000720s ]
INFO: [ app_end ] --END-- [ RunTime:0.000796s ]

[ 2016-12-23T23:20:48+08:00 ] ::1 /xinxing/index.php/Home/About/index/p/1.html
INFO: [ app_init ] --START--
INFO: Run Behavior\BuildLiteBehavior [ RunTime:0.000016s ]
INFO: [ app_init ] --END-- [ RunTime:0.000366s ]
INFO: [ app_begin ] --START--
INFO: Run Behavior\ReadHtmlCacheBehavior [ RunTime:0.000427s ]
INFO: Run Behavior\CheckLangBehavior [ RunTime:0.000469s ]
INFO: [ app_begin ] --END-- [ RunTime:0.000979s ]
SQL: SHOW COLUMNS FROM `trade_news` [ RunTime:0.0103s ]
SQL: SELECT COUNT(*) AS tp_count FROM trade_news n WHERE ( n.deleted=0 and news_type=1 and language="cn" ) LIMIT 1   [ RunTime:0.0069s ]
NOTIC: [8] Undefined variable: count /Volumes/work/htdocs/xinxing/Application/Home/Controller/AboutController.class.php 第 16 行.
SQL: SELECT n.news_id,n.news_title,n.img,n.create_time,n.language,n.group_id FROM trade_news n WHERE ( n.deleted=0 and news_type=1 and language="cn" ) ORDER BY n.create_time desc LIMIT 0,10   [ RunTime:0.0072s ]
INFO: [ view_parse ] --START--
INFO: [ template_filter ] --START--
INFO: Run Behavior\ContentReplaceBehavior [ RunTime:0.000164s ]
INFO: [ template_filter ] --END-- [ RunTime:0.000262s ]
NOTIC: [8] Undefined index: news_content /Volumes/work/htdocs/xinxing/Runtime/Cache/Home/3b9bb8f59aaa4d1691c827dd64ddfa9b.php 第 318 行.
NOTIC: [8] Undefined index: news_content /Volumes/work/htdocs/xinxing/Runtime/Cache/Home/3b9bb8f59aaa4d1691c827dd64ddfa9b.php 第 318 行.
NOTIC: [8] Undefined index: news_content /Volumes/work/htdocs/xinxing/Runtime/Cache/Home/3b9bb8f59aaa4d1691c827dd64ddfa9b.php 第 318 行.
NOTIC: [8] Undefined index: news_content /Volumes/work/htdocs/xinxing/Runtime/Cache/Home/3b9bb8f59aaa4d1691c827dd64ddfa9b.php 第 318 行.
NOTIC: [8] Undefined index: news_content /Volumes/work/htdocs/xinxing/Runtime/Cache/Home/3b9bb8f59aaa4d1691c827dd64ddfa9b.php 第 318 行.
NOTIC: [8] Undefined index: news_content /Volumes/work/htdocs/xinxing/Runtime/Cache/Home/3b9bb8f59aaa4d1691c827dd64ddfa9b.php 第 318 行.
NOTIC: [8] Undefined index: news_content /Volumes/work/htdocs/xinxing/Runtime/Cache/Home/3b9bb8f59aaa4d1691c827dd64ddfa9b.php 第 318 行.
NOTIC: [8] Undefined index: news_content /Volumes/work/htdocs/xinxing/Runtime/Cache/Home/3b9bb8f59aaa4d1691c827dd64ddfa9b.php 第 318 行.
INFO: Run Behavior\ParseTemplateBehavior [ RunTime:0.023924s ]
INFO: [ view_parse ] --END-- [ RunTime:0.023989s ]
INFO: [ view_filter ] --START--
INFO: Run Behavior\WriteHtmlCacheBehavior [ RunTime:0.000162s ]
INFO: [ view_filter ] --END-- [ RunTime:0.000212s ]
INFO: [ app_end ] --START--
INFO: Run Behavior\ShowPageTraceBehavior [ RunTime:0.000528s ]
INFO: [ app_end ] --END-- [ RunTime:0.000579s ]

[ 2016-12-23T23:20:51+08:00 ] ::1 /xinxing/index.php/Home/About/index
INFO: [ app_init ] --START--
INFO: Run Behavior\BuildLiteBehavior [ RunTime:0.000016s ]
INFO: [ app_init ] --END-- [ RunTime:0.000340s ]
INFO: [ app_begin ] --START--
INFO: Run Behavior\ReadHtmlCacheBehavior [ RunTime:0.000410s ]
INFO: Run Behavior\CheckLangBehavior [ RunTime:0.000459s ]
INFO: [ app_begin ] --END-- [ RunTime:0.000955s ]
SQL: SHOW COLUMNS FROM `trade_news` [ RunTime:0.0112s ]
SQL: SELECT COUNT(*) AS tp_count FROM trade_news n WHERE ( n.deleted=0 and news_type=1 and language="cn" ) LIMIT 1   [ RunTime:0.0060s ]
NOTIC: [8] Undefined variable: count /Volumes/work/htdocs/xinxing/Application/Home/Controller/AboutController.class.php 第 16 行.
SQL: SELECT n.news_id,n.news_title,n.img,n.create_time,n.language,n.group_id FROM trade_news n WHERE ( n.deleted=0 and news_type=1 and language="cn" ) ORDER BY n.create_time desc LIMIT 0,10   [ RunTime:0.0086s ]
INFO: [ view_parse ] --START--
INFO: [ template_filter ] --START--
INFO: Run Behavior\ContentReplaceBehavior [ RunTime:0.000141s ]
INFO: [ template_filter ] --END-- [ RunTime:0.000220s ]
NOTIC: [8] Undefined index: news_content /Volumes/work/htdocs/xinxing/Runtime/Cache/Home/3b9bb8f59aaa4d1691c827dd64ddfa9b.php 第 318 行.
NOTIC: [8] Undefined index: news_content /Volumes/work/htdocs/xinxing/Runtime/Cache/Home/3b9bb8f59aaa4d1691c827dd64ddfa9b.php 第 318 行.
NOTIC: [8] Undefined index: news_content /Volumes/work/htdocs/xinxing/Runtime/Cache/Home/3b9bb8f59aaa4d1691c827dd64ddfa9b.php 第 318 行.
NOTIC: [8] Undefined index: news_content /Volumes/work/htdocs/xinxing/Runtime/Cache/Home/3b9bb8f59aaa4d1691c827dd64ddfa9b.php 第 318 行.
NOTIC: [8] Undefined index: news_content /Volumes/work/htdocs/xinxing/Runtime/Cache/Home/3b9bb8f59aaa4d1691c827dd64ddfa9b.php 第 318 行.
NOTIC: [8] Undefined index: news_content /Volumes/work/htdocs/xinxing/Runtime/Cache/Home/3b9bb8f59aaa4d1691c827dd64ddfa9b.php 第 318 行.
NOTIC: [8] Undefined index: news_content /Volumes/work/htdocs/xinxing/Runtime/Cache/Home/3b9bb8f59aaa4d1691c827dd64ddfa9b.php 第 318 行.
NOTIC: [8] Undefined index: news_content /Volumes/work/htdocs/xinxing/Runtime/Cache/Home/3b9bb8f59aaa4d1691c827dd64ddfa9b.php 第 318 行.
INFO: Run Behavior\ParseTemplateBehavior [ RunTime:0.026296s ]
INFO: [ view_parse ] --END-- [ RunTime:0.026369s ]
INFO: [ view_filter ] --START--
INFO: Run Behavior\WriteHtmlCacheBehavior [ RunTime:0.000168s ]
INFO: [ view_filter ] --END-- [ RunTime:0.000215s ]
INFO: [ app_end ] --START--
INFO: Run Behavior\ShowPageTraceBehavior [ RunTime:0.000476s ]
INFO: [ app_end ] --END-- [ RunTime:0.000526s ]

[ 2016-12-23T23:21:00+08:00 ] ::1 /xinxing/index.php/Home/About/index
INFO: [ app_init ] --START--
INFO: Run Behavior\BuildLiteBehavior [ RunTime:0.000015s ]
INFO: [ app_init ] --END-- [ RunTime:0.000312s ]
INFO: [ app_begin ] --START--
INFO: Run Behavior\ReadHtmlCacheBehavior [ RunTime:0.000398s ]
INFO: Run Behavior\CheckLangBehavior [ RunTime:0.000457s ]
INFO: [ app_begin ] --END-- [ RunTime:0.000936s ]
SQL: SHOW COLUMNS FROM `trade_news` [ RunTime:0.0092s ]
SQL: SELECT COUNT(*) AS tp_count FROM trade_news n WHERE ( n.deleted=0 and news_type=1 and language="cn" ) LIMIT 1   [ RunTime:0.0073s ]
SQL: SELECT n.news_id,n.news_title,n.img,n.create_time,n.language,n.group_id FROM trade_news n WHERE ( n.deleted=0 and news_type=1 and language="cn" ) ORDER BY n.create_time desc LIMIT 0,10   [ RunTime:0.0065s ]
INFO: [ view_parse ] --START--
INFO: [ template_filter ] --START--
INFO: Run Behavior\ContentReplaceBehavior [ RunTime:0.000140s ]
INFO: [ template_filter ] --END-- [ RunTime:0.000214s ]
NOTIC: [8] Undefined index: news_content /Volumes/work/htdocs/xinxing/Runtime/Cache/Home/3b9bb8f59aaa4d1691c827dd64ddfa9b.php 第 318 行.
NOTIC: [8] Undefined index: news_content /Volumes/work/htdocs/xinxing/Runtime/Cache/Home/3b9bb8f59aaa4d1691c827dd64ddfa9b.php 第 318 行.
NOTIC: [8] Undefined index: news_content /Volumes/work/htdocs/xinxing/Runtime/Cache/Home/3b9bb8f59aaa4d1691c827dd64ddfa9b.php 第 318 行.
NOTIC: [8] Undefined index: news_content /Volumes/work/htdocs/xinxing/Runtime/Cache/Home/3b9bb8f59aaa4d1691c827dd64ddfa9b.php 第 318 行.
NOTIC: [8] Undefined index: news_content /Volumes/work/htdocs/xinxing/Runtime/Cache/Home/3b9bb8f59aaa4d1691c827dd64ddfa9b.php 第 318 行.
NOTIC: [8] Undefined index: news_content /Volumes/work/htdocs/xinxing/Runtime/Cache/Home/3b9bb8f59aaa4d1691c827dd64ddfa9b.php 第 318 行.
NOTIC: [8] Undefined index: news_content /Volumes/work/htdocs/xinxing/Runtime/Cache/Home/3b9bb8f59aaa4d1691c827dd64ddfa9b.php 第 318 行.
NOTIC: [8] Undefined index: news_content /Volumes/work/htdocs/xinxing/Runtime/Cache/Home/3b9bb8f59aaa4d1691c827dd64ddfa9b.php 第 318 行.
INFO: Run Behavior\ParseTemplateBehavior [ RunTime:0.021634s ]
INFO: [ view_parse ] --END-- [ RunTime:0.021692s ]
INFO: [ view_filter ] --START--
INFO: Run Behavior\WriteHtmlCacheBehavior [ RunTime:0.000135s ]
INFO: [ view_filter ] --END-- [ RunTime:0.000178s ]
INFO: [ app_end ] --START--
INFO: Run Behavior\ShowPageTraceBehavior [ RunTime:0.000477s ]
INFO: [ app_end ] --END-- [ RunTime:0.000533s ]

[ 2016-12-23T23:21:06+08:00 ] ::1 /xinxing/index.php/Home/About/index
INFO: [ app_init ] --START--
INFO: Run Behavior\BuildLiteBehavior [ RunTime:0.000024s ]
INFO: [ app_init ] --END-- [ RunTime:0.000590s ]
INFO: [ app_begin ] --START--
INFO: Run Behavior\ReadHtmlCacheBehavior [ RunTime:0.000489s ]
INFO: Run Behavior\CheckLangBehavior [ RunTime:0.000526s ]
INFO: [ app_begin ] --END-- [ RunTime:0.001117s ]
SQL: SHOW COLUMNS FROM `trade_news` [ RunTime:0.0100s ]
SQL: SELECT COUNT(*) AS tp_count FROM trade_news n WHERE ( n.deleted=0 and news_type=1 and language="cn" ) LIMIT 1   [ RunTime:0.0056s ]
SQL: SELECT n.news_id,n.news_title,n.img,n.create_time,n.language,n.group_id FROM trade_news n WHERE ( n.deleted=0 and news_type=1 and language="cn" ) ORDER BY n.create_time desc LIMIT 0,8   [ RunTime:0.0065s ]
INFO: [ view_parse ] --START--
INFO: [ template_filter ] --START--
INFO: Run Behavior\ContentReplaceBehavior [ RunTime:0.000137s ]
INFO: [ template_filter ] --END-- [ RunTime:0.000206s ]
NOTIC: [8] Undefined index: news_content /Volumes/work/htdocs/xinxing/Runtime/Cache/Home/3b9bb8f59aaa4d1691c827dd64ddfa9b.php 第 318 行.
NOTIC: [8] Undefined index: news_content /Volumes/work/htdocs/xinxing/Runtime/Cache/Home/3b9bb8f59aaa4d1691c827dd64ddfa9b.php 第 318 行.
NOTIC: [8] Undefined index: news_content /Volumes/work/htdocs/xinxing/Runtime/Cache/Home/3b9bb8f59aaa4d1691c827dd64ddfa9b.php 第 318 行.
NOTIC: [8] Undefined index: news_content /Volumes/work/htdocs/xinxing/Runtime/Cache/Home/3b9bb8f59aaa4d1691c827dd64ddfa9b.php 第 318 行.
NOTIC: [8] Undefined index: news_content /Volumes/work/htdocs/xinxing/Runtime/Cache/Home/3b9bb8f59aaa4d1691c827dd64ddfa9b.php 第 318 行.
NOTIC: [8] Undefined index: news_content /Volumes/work/htdocs/xinxing/Runtime/Cache/Home/3b9bb8f59aaa4d1691c827dd64ddfa9b.php 第 318 行.
NOTIC: [8] Undefined index: news_content /Volumes/work/htdocs/xinxing/Runtime/Cache/Home/3b9bb8f59aaa4d1691c827dd64ddfa9b.php 第 318 行.
NOTIC: [8] Undefined index: news_content /Volumes/work/htdocs/xinxing/Runtime/Cache/Home/3b9bb8f59aaa4d1691c827dd64ddfa9b.php 第 318 行.
INFO: Run Behavior\ParseTemplateBehavior [ RunTime:0.024937s ]
INFO: [ view_parse ] --END-- [ RunTime:0.025017s ]
INFO: [ view_filter ] --START--
INFO: Run Behavior\WriteHtmlCacheBehavior [ RunTime:0.000205s ]
INFO: [ view_filter ] --END-- [ RunTime:0.000249s ]
INFO: [ app_end ] --START--
INFO: Run Behavior\ShowPageTraceBehavior [ RunTime:0.000900s ]
INFO: [ app_end ] --END-- [ RunTime:0.001019s ]

[ 2016-12-23T23:21:08+08:00 ] ::1 /xinxing/index.php/Home/About/index
INFO: [ app_init ] --START--
INFO: Run Behavior\BuildLiteBehavior [ RunTime:0.000014s ]
INFO: [ app_init ] --END-- [ RunTime:0.000328s ]
INFO: [ app_begin ] --START--
INFO: Run Behavior\ReadHtmlCacheBehavior [ RunTime:0.000479s ]
INFO: Run Behavior\CheckLangBehavior [ RunTime:0.000473s ]
INFO: [ app_begin ] --END-- [ RunTime:0.001048s ]
SQL: SHOW COLUMNS FROM `trade_news` [ RunTime:0.0074s ]
SQL: SELECT COUNT(*) AS tp_count FROM trade_news n WHERE ( n.deleted=0 and news_type=1 and language="cn" ) LIMIT 1   [ RunTime:0.0069s ]
SQL: SELECT n.news_id,n.news_title,n.img,n.create_time,n.language,n.group_id FROM trade_news n WHERE ( n.deleted=0 and news_type=1 and language="cn" ) ORDER BY n.create_time desc LIMIT 0,8   [ RunTime:0.0064s ]
INFO: [ view_parse ] --START--
INFO: [ template_filter ] --START--
INFO: Run Behavior\ContentReplaceBehavior [ RunTime:0.000121s ]
INFO: [ template_filter ] --END-- [ RunTime:0.000196s ]
NOTIC: [8] Undefined index: news_content /Volumes/work/htdocs/xinxing/Runtime/Cache/Home/3b9bb8f59aaa4d1691c827dd64ddfa9b.php 第 318 行.
NOTIC: [8] Undefined index: news_content /Volumes/work/htdocs/xinxing/Runtime/Cache/Home/3b9bb8f59aaa4d1691c827dd64ddfa9b.php 第 318 行.
NOTIC: [8] Undefined index: news_content /Volumes/work/htdocs/xinxing/Runtime/Cache/Home/3b9bb8f59aaa4d1691c827dd64ddfa9b.php 第 318 行.
NOTIC: [8] Undefined index: news_content /Volumes/work/htdocs/xinxing/Runtime/Cache/Home/3b9bb8f59aaa4d1691c827dd64ddfa9b.php 第 318 行.
NOTIC: [8] Undefined index: news_content /Volumes/work/htdocs/xinxing/Runtime/Cache/Home/3b9bb8f59aaa4d1691c827dd64ddfa9b.php 第 318 行.
NOTIC: [8] Undefined index: news_content /Volumes/work/htdocs/xinxing/Runtime/Cache/Home/3b9bb8f59aaa4d1691c827dd64ddfa9b.php 第 318 行.
NOTIC: [8] Undefined index: news_content /Volumes/work/htdocs/xinxing/Runtime/Cache/Home/3b9bb8f59aaa4d1691c827dd64ddfa9b.php 第 318 行.
NOTIC: [8] Undefined index: news_content /Volumes/work/htdocs/xinxing/Runtime/Cache/Home/3b9bb8f59aaa4d1691c827dd64ddfa9b.php 第 318 行.
INFO: Run Behavior\ParseTemplateBehavior [ RunTime:0.024824s ]
INFO: [ view_parse ] --END-- [ RunTime:0.024909s ]
INFO: [ view_filter ] --START--
INFO: Run Behavior\WriteHtmlCacheBehavior [ RunTime:0.000192s ]
INFO: [ view_filter ] --END-- [ RunTime:0.000250s ]
INFO: [ app_end ] --START--
INFO: Run Behavior\ShowPageTraceBehavior [ RunTime:0.000738s ]
INFO: [ app_end ] --END-- [ RunTime:0.000864s ]

[ 2016-12-23T23:22:31+08:00 ] ::1 /xinxing/index.php/Home/About/index
INFO: [ app_init ] --START--
INFO: Run Behavior\BuildLiteBehavior [ RunTime:0.000013s ]
INFO: [ app_init ] --END-- [ RunTime:0.000312s ]
INFO: [ app_begin ] --START--
INFO: Run Behavior\ReadHtmlCacheBehavior [ RunTime:0.000405s ]
INFO: Run Behavior\CheckLangBehavior [ RunTime:0.000463s ]
INFO: [ app_begin ] --END-- [ RunTime:0.000954s ]
SQL: SHOW COLUMNS FROM `trade_news` [ RunTime:0.0096s ]
SQL: SELECT COUNT(*) AS tp_count FROM trade_news n WHERE ( n.deleted=0 and news_type=1 and language="cn" ) LIMIT 1   [ RunTime:0.0063s ]
SQL: SELECT n.news_id,n.news_title,n.img,n.create_time,n.language,n.group_id FROM trade_news n WHERE ( n.deleted=0 and news_type=1 and language="cn" ) ORDER BY n.create_time desc LIMIT 0,8   [ RunTime:0.0066s ]
INFO: [ view_parse ] --START--
INFO: [ template_filter ] --START--
INFO: Run Behavior\ContentReplaceBehavior [ RunTime:0.000120s ]
INFO: [ template_filter ] --END-- [ RunTime:0.000206s ]
NOTIC: [8] Undefined index: news_content /Volumes/work/htdocs/xinxing/Runtime/Cache/Home/3b9bb8f59aaa4d1691c827dd64ddfa9b.php 第 318 行.
NOTIC: [8] Undefined index: news_content /Volumes/work/htdocs/xinxing/Runtime/Cache/Home/3b9bb8f59aaa4d1691c827dd64ddfa9b.php 第 318 行.
NOTIC: [8] Undefined index: news_content /Volumes/work/htdocs/xinxing/Runtime/Cache/Home/3b9bb8f59aaa4d1691c827dd64ddfa9b.php 第 318 行.
NOTIC: [8] Undefined index: news_content /Volumes/work/htdocs/xinxing/Runtime/Cache/Home/3b9bb8f59aaa4d1691c827dd64ddfa9b.php 第 318 行.
NOTIC: [8] Undefined index: news_content /Volumes/work/htdocs/xinxing/Runtime/Cache/Home/3b9bb8f59aaa4d1691c827dd64ddfa9b.php 第 318 行.
NOTIC: [8] Undefined index: news_content /Volumes/work/htdocs/xinxing/Runtime/Cache/Home/3b9bb8f59aaa4d1691c827dd64ddfa9b.php 第 318 行.
NOTIC: [8] Undefined index: news_content /Volumes/work/htdocs/xinxing/Runtime/Cache/Home/3b9bb8f59aaa4d1691c827dd64ddfa9b.php 第 318 行.
NOTIC: [8] Undefined index: news_content /Volumes/work/htdocs/xinxing/Runtime/Cache/Home/3b9bb8f59aaa4d1691c827dd64ddfa9b.php 第 318 行.
INFO: Run Behavior\ParseTemplateBehavior [ RunTime:0.023967s ]
INFO: [ view_parse ] --END-- [ RunTime:0.024040s ]
INFO: [ view_filter ] --START--
INFO: Run Behavior\WriteHtmlCacheBehavior [ RunTime:0.000151s ]
INFO: [ view_filter ] --END-- [ RunTime:0.000194s ]
INFO: [ app_end ] --START--
INFO: Run Behavior\ShowPageTraceBehavior [ RunTime:0.000526s ]
INFO: [ app_end ] --END-- [ RunTime:0.000585s ]

[ 2016-12-23T23:22:33+08:00 ] ::1 /xinxing/index.php/Home/About/index/p/2.html
INFO: [ app_init ] --START--
INFO: Run Behavior\BuildLiteBehavior [ RunTime:0.000014s ]
INFO: [ app_init ] --END-- [ RunTime:0.000316s ]
INFO: [ app_begin ] --START--
INFO: Run Behavior\ReadHtmlCacheBehavior [ RunTime:0.000394s ]
INFO: Run Behavior\CheckLangBehavior [ RunTime:0.000430s ]
INFO: [ app_begin ] --END-- [ RunTime:0.000904s ]
SQL: SHOW COLUMNS FROM `trade_news` [ RunTime:0.0091s ]
SQL: SELECT COUNT(*) AS tp_count FROM trade_news n WHERE ( n.deleted=0 and news_type=1 and language="cn" ) LIMIT 1   [ RunTime:0.0069s ]
SQL: SELECT n.news_id,n.news_title,n.img,n.create_time,n.language,n.group_id FROM trade_news n WHERE ( n.deleted=0 and news_type=1 and language="cn" ) ORDER BY n.create_time desc LIMIT 8,8   [ RunTime:0.0065s ]
INFO: [ view_parse ] --START--
INFO: [ template_filter ] --START--
INFO: Run Behavior\ContentReplaceBehavior [ RunTime:0.000111s ]
INFO: [ template_filter ] --END-- [ RunTime:0.000180s ]
NOTIC: [8] Undefined index: news_content /Volumes/work/htdocs/xinxing/Runtime/Cache/Home/3b9bb8f59aaa4d1691c827dd64ddfa9b.php 第 318 行.
INFO: Run Behavior\ParseTemplateBehavior [ RunTime:0.022939s ]
INFO: [ view_parse ] --END-- [ RunTime:0.023030s ]
INFO: [ view_filter ] --START--
INFO: Run Behavior\WriteHtmlCacheBehavior [ RunTime:0.000157s ]
INFO: [ view_filter ] --END-- [ RunTime:0.000200s ]
INFO: [ app_end ] --START--
INFO: Run Behavior\ShowPageTraceBehavior [ RunTime:0.000547s ]
INFO: [ app_end ] --END-- [ RunTime:0.000605s ]

[ 2016-12-23T23:22:36+08:00 ] ::1 /xinxing/index.php/Home/About/index/p/1.html
INFO: [ app_init ] --START--
INFO: Run Behavior\BuildLiteBehavior [ RunTime:0.000014s ]
INFO: [ app_init ] --END-- [ RunTime:0.000383s ]
INFO: [ app_begin ] --START--
INFO: Run Behavior\ReadHtmlCacheBehavior [ RunTime:0.000485s ]
INFO: Run Behavior\CheckLangBehavior [ RunTime:0.000529s ]
INFO: [ app_begin ] --END-- [ RunTime:0.001141s ]
SQL: SHOW COLUMNS FROM `trade_news` [ RunTime:0.0089s ]
SQL: SELECT COUNT(*) AS tp_count FROM trade_news n WHERE ( n.deleted=0 and news_type=1 and language="cn" ) LIMIT 1   [ RunTime:0.0060s ]
SQL: SELECT n.news_id,n.news_title,n.img,n.create_time,n.language,n.group_id FROM trade_news n WHERE ( n.deleted=0 and news_type=1 and language="cn" ) ORDER BY n.create_time desc LIMIT 0,8   [ RunTime:0.0147s ]
INFO: [ view_parse ] --START--
INFO: [ template_filter ] --START--
INFO: Run Behavior\ContentReplaceBehavior [ RunTime:0.000111s ]
INFO: [ template_filter ] --END-- [ RunTime:0.000179s ]
NOTIC: [8] Undefined index: news_content /Volumes/work/htdocs/xinxing/Runtime/Cache/Home/3b9bb8f59aaa4d1691c827dd64ddfa9b.php 第 318 行.
NOTIC: [8] Undefined index: news_content /Volumes/work/htdocs/xinxing/Runtime/Cache/Home/3b9bb8f59aaa4d1691c827dd64ddfa9b.php 第 318 行.
NOTIC: [8] Undefined index: news_content /Volumes/work/htdocs/xinxing/Runtime/Cache/Home/3b9bb8f59aaa4d1691c827dd64ddfa9b.php 第 318 行.
NOTIC: [8] Undefined index: news_content /Volumes/work/htdocs/xinxing/Runtime/Cache/Home/3b9bb8f59aaa4d1691c827dd64ddfa9b.php 第 318 行.
NOTIC: [8] Undefined index: news_content /Volumes/work/htdocs/xinxing/Runtime/Cache/Home/3b9bb8f59aaa4d1691c827dd64ddfa9b.php 第 318 行.
NOTIC: [8] Undefined index: news_content /Volumes/work/htdocs/xinxing/Runtime/Cache/Home/3b9bb8f59aaa4d1691c827dd64ddfa9b.php 第 318 行.
NOTIC: [8] Undefined index: news_content /Volumes/work/htdocs/xinxing/Runtime/Cache/Home/3b9bb8f59aaa4d1691c827dd64ddfa9b.php 第 318 行.
NOTIC: [8] Undefined index: news_content /Volumes/work/htdocs/xinxing/Runtime/Cache/Home/3b9bb8f59aaa4d1691c827dd64ddfa9b.php 第 318 行.
INFO: Run Behavior\ParseTemplateBehavior [ RunTime:0.026029s ]
INFO: [ view_parse ] --END-- [ RunTime:0.026105s ]
INFO: [ view_filter ] --START--
INFO: Run Behavior\WriteHtmlCacheBehavior [ RunTime:0.000203s ]
INFO: [ view_filter ] --END-- [ RunTime:0.000261s ]
INFO: [ app_end ] --START--
INFO: Run Behavior\ShowPageTraceBehavior [ RunTime:0.000596s ]
INFO: [ app_end ] --END-- [ RunTime:0.000659s ]

[ 2016-12-23T23:23:44+08:00 ] ::1 /xinxing/index.php/Home/About/intro.html
INFO: [ app_init ] --START--
INFO: Run Behavior\BuildLiteBehavior [ RunTime:0.000015s ]
INFO: [ app_init ] --END-- [ RunTime:0.000329s ]
INFO: [ app_begin ] --START--
INFO: Run Behavior\ReadHtmlCacheBehavior [ RunTime:0.000423s ]
INFO: Run Behavior\CheckLangBehavior [ RunTime:0.000467s ]
INFO: [ app_begin ] --END-- [ RunTime:0.000976s ]
SQL: SHOW COLUMNS FROM `trade_news` [ RunTime:0.0105s ]
SQL: SELECT * FROM `trade_news` WHERE ( group_id = 1 and language="cn" ) LIMIT 1   [ RunTime:0.0072s ]
INFO: [ view_parse ] --START--
INFO: [ template_filter ] --START--
INFO: Run Behavior\ContentReplaceBehavior [ RunTime:0.000107s ]
INFO: [ template_filter ] --END-- [ RunTime:0.000171s ]
INFO: Run Behavior\ParseTemplateBehavior [ RunTime:0.020281s ]
INFO: [ view_parse ] --END-- [ RunTime:0.020353s ]
INFO: [ view_filter ] --START--
INFO: Run Behavior\WriteHtmlCacheBehavior [ RunTime:0.000150s ]
INFO: [ view_filter ] --END-- [ RunTime:0.000192s ]
INFO: [ app_end ] --START--
INFO: Run Behavior\ShowPageTraceBehavior [ RunTime:0.000540s ]
INFO: [ app_end ] --END-- [ RunTime:0.000590s ]

[ 2016-12-23T23:23:47+08:00 ] ::1 /xinxing/index.php/Home/About/honor.html
INFO: [ app_init ] --START--
INFO: Run Behavior\BuildLiteBehavior [ RunTime:0.000015s ]
INFO: [ app_init ] --END-- [ RunTime:0.000343s ]
INFO: [ app_begin ] --START--
INFO: Run Behavior\ReadHtmlCacheBehavior [ RunTime:0.000440s ]
INFO: Run Behavior\CheckLangBehavior [ RunTime:0.000486s ]
INFO: [ app_begin ] --END-- [ RunTime:0.001016s ]
SQL: SHOW COLUMNS FROM `trade_honor` [ RunTime:0.0092s ]
SQL: SELECT * FROM `trade_honor` WHERE ( language="cn" )  [ RunTime:0.0063s ]
INFO: [ view_parse ] --START--
INFO: [ template_filter ] --START--
INFO: Run Behavior\ContentReplaceBehavior [ RunTime:0.000107s ]
INFO: [ template_filter ] --END-- [ RunTime:0.000166s ]
INFO: Run Behavior\ParseTemplateBehavior [ RunTime:0.020837s ]
INFO: [ view_parse ] --END-- [ RunTime:0.020907s ]
INFO: [ view_filter ] --START--
INFO: Run Behavior\WriteHtmlCacheBehavior [ RunTime:0.000130s ]
INFO: [ view_filter ] --END-- [ RunTime:0.000174s ]
INFO: [ app_end ] --START--
INFO: Run Behavior\ShowPageTraceBehavior [ RunTime:0.000445s ]
INFO: [ app_end ] --END-- [ RunTime:0.000492s ]

[ 2016-12-23T23:23:53+08:00 ] ::1 /xinxing/index.php/Home/Video/index.html
INFO: [ app_init ] --START--
INFO: Run Behavior\BuildLiteBehavior [ RunTime:0.000014s ]
INFO: [ app_init ] --END-- [ RunTime:0.000308s ]
INFO: [ app_begin ] --START--
INFO: Run Behavior\ReadHtmlCacheBehavior [ RunTime:0.000394s ]
INFO: Run Behavior\CheckLangBehavior [ RunTime:0.000447s ]
INFO: [ app_begin ] --END-- [ RunTime:0.000926s ]
INFO: [ view_parse ] --START--
INFO: [ template_filter ] --START--
INFO: Run Behavior\ContentReplaceBehavior [ RunTime:0.000107s ]
INFO: [ template_filter ] --END-- [ RunTime:0.000179s ]
INFO: Run Behavior\ParseTemplateBehavior [ RunTime:0.018855s ]
INFO: [ view_parse ] --END-- [ RunTime:0.018912s ]
INFO: [ view_filter ] --START--
INFO: Run Behavior\WriteHtmlCacheBehavior [ RunTime:0.000148s ]
INFO: [ view_filter ] --END-- [ RunTime:0.000188s ]
INFO: [ app_end ] --START--
INFO: Run Behavior\ShowPageTraceBehavior [ RunTime:0.000567s ]
INFO: [ app_end ] --END-- [ RunTime:0.000629s ]

[ 2016-12-23T23:31:24+08:00 ] ::1 /xinxing/index.php/Home/Video/index.html
INFO: [ app_init ] --START--
INFO: Run Behavior\BuildLiteBehavior [ RunTime:0.000013s ]
INFO: [ app_init ] --END-- [ RunTime:0.000301s ]
INFO: [ app_begin ] --START--
INFO: Run Behavior\ReadHtmlCacheBehavior [ RunTime:0.000398s ]
INFO: Run Behavior\CheckLangBehavior [ RunTime:0.000450s ]
INFO: [ app_begin ] --END-- [ RunTime:0.000931s ]
SQL: SHOW COLUMNS FROM `trade_video` [ RunTime:0.0114s ]
ERR: SQLSTATE[42000]: Syntax error or access violation: 1064 You have an error in your SQL syntax; check the manual that corresponds to your MySQL server version for the right syntax to use near 'and language="cn" ) LIMIT 1' at line 1

[ 2016-12-23T23:32:06+08:00 ] ::1 /xinxing/index.php/Home/Video/index.html
INFO: [ app_init ] --START--
INFO: Run Behavior\BuildLiteBehavior [ RunTime:0.000016s ]
INFO: [ app_init ] --END-- [ RunTime:0.000383s ]
INFO: [ app_begin ] --START--
INFO: Run Behavior\ReadHtmlCacheBehavior [ RunTime:0.000506s ]
INFO: Run Behavior\CheckLangBehavior [ RunTime:0.000558s ]
INFO: [ app_begin ] --END-- [ RunTime:0.001166s ]
SQL: SHOW COLUMNS FROM `trade_video` [ RunTime:0.0106s ]
SQL: SELECT COUNT(*) AS tp_count FROM trade_video n WHERE ( n.deleted=0 and language="cn" ) LIMIT 1   [ RunTime:0.0096s ]
SQL: SELECT n.video_id,n.video_title,n.video_link,n.create_time,n.language,n.group_id FROM trade_video n WHERE ( n.deleted=0 and language="cn" ) ORDER BY n.create_time desc LIMIT 0,8   [ RunTime:0.0074s ]
INFO: [ view_parse ] --START--
INFO: [ template_filter ] --START--
INFO: Run Behavior\ContentReplaceBehavior [ RunTime:0.000123s ]
INFO: [ template_filter ] --END-- [ RunTime:0.000195s ]
INFO: Run Behavior\ParseTemplateBehavior [ RunTime:0.022820s ]
INFO: [ view_parse ] --END-- [ RunTime:0.022879s ]
INFO: [ view_filter ] --START--
INFO: Run Behavior\WriteHtmlCacheBehavior [ RunTime:0.000139s ]
INFO: [ view_filter ] --END-- [ RunTime:0.000182s ]
INFO: [ app_end ] --START--
INFO: Run Behavior\ShowPageTraceBehavior [ RunTime:0.000459s ]
INFO: [ app_end ] --END-- [ RunTime:0.000507s ]

[ 2016-12-23T23:32:39+08:00 ] ::1 /xinxing/index.php/Home/Video/index.html
INFO: [ app_init ] --START--
INFO: Run Behavior\BuildLiteBehavior [ RunTime:0.000015s ]
INFO: [ app_init ] --END-- [ RunTime:0.000399s ]
INFO: [ app_begin ] --START--
INFO: Run Behavior\ReadHtmlCacheBehavior [ RunTime:0.000468s ]
INFO: Run Behavior\CheckLangBehavior [ RunTime:0.000682s ]
INFO: [ app_begin ] --END-- [ RunTime:0.001256s ]
SQL: SHOW COLUMNS FROM `trade_video` [ RunTime:0.0080s ]
SQL: SELECT COUNT(*) AS tp_count FROM trade_video n WHERE ( n.deleted=0 and language="cn" ) LIMIT 1   [ RunTime:0.0058s ]
SQL: SELECT n.video_id,n.video_title,n.video_link,n.create_time,n.language,n.group_id FROM trade_video n WHERE ( n.deleted=0 and language="cn" ) ORDER BY n.create_time desc LIMIT 0,8   [ RunTime:0.0065s ]
INFO: [ view_parse ] --START--
INFO: [ template_filter ] --START--
INFO: Run Behavior\ContentReplaceBehavior [ RunTime:0.000204s ]
INFO: [ template_filter ] --END-- [ RunTime:0.000322s ]
INFO: Run Behavior\ParseTemplateBehavior [ RunTime:0.024063s ]
INFO: [ view_parse ] --END-- [ RunTime:0.024164s ]
INFO: [ view_filter ] --START--
INFO: Run Behavior\WriteHtmlCacheBehavior [ RunTime:0.000162s ]
INFO: [ view_filter ] --END-- [ RunTime:0.000208s ]
INFO: [ app_end ] --START--
INFO: Run Behavior\ShowPageTraceBehavior [ RunTime:0.000457s ]
INFO: [ app_end ] --END-- [ RunTime:0.000507s ]

[ 2016-12-23T23:32:53+08:00 ] ::1 /xinxing/index.php/Home/Video/index.html
INFO: [ app_init ] --START--
INFO: Run Behavior\BuildLiteBehavior [ RunTime:0.000023s ]
INFO: [ app_init ] --END-- [ RunTime:0.000465s ]
INFO: [ app_begin ] --START--
INFO: Run Behavior\ReadHtmlCacheBehavior [ RunTime:0.000688s ]
INFO: Run Behavior\CheckLangBehavior [ RunTime:0.000704s ]
INFO: [ app_begin ] --END-- [ RunTime:0.001518s ]
SQL: SHOW COLUMNS FROM `trade_video` [ RunTime:0.0108s ]
SQL: SELECT COUNT(*) AS tp_count FROM trade_video n WHERE ( n.deleted=0 and language="cn" ) LIMIT 1   [ RunTime:0.0064s ]
SQL: SELECT n.video_id,n.video_title,n.video_link,n.create_time,n.language,n.group_id FROM trade_video n WHERE ( n.deleted=0 and language="cn" ) ORDER BY n.create_time desc LIMIT 0,8   [ RunTime:0.0077s ]
INFO: [ view_parse ] --START--
INFO: [ template_filter ] --START--
INFO: Run Behavior\ContentReplaceBehavior [ RunTime:0.000294s ]
INFO: [ template_filter ] --END-- [ RunTime:0.000397s ]
INFO: Run Behavior\ParseTemplateBehavior [ RunTime:0.022920s ]
INFO: [ view_parse ] --END-- [ RunTime:0.022996s ]
INFO: [ view_filter ] --START--
INFO: Run Behavior\WriteHtmlCacheBehavior [ RunTime:0.000201s ]
INFO: [ view_filter ] --END-- [ RunTime:0.000254s ]
INFO: [ app_end ] --START--
INFO: Run Behavior\ShowPageTraceBehavior [ RunTime:0.000817s ]
INFO: [ app_end ] --END-- [ RunTime:0.000895s ]

[ 2016-12-23T23:33:13+08:00 ] ::1 /xinxing/index.php/Home/Video/index.html
INFO: [ app_init ] --START--
INFO: Run Behavior\BuildLiteBehavior [ RunTime:0.000016s ]
INFO: [ app_init ] --END-- [ RunTime:0.000391s ]
INFO: [ app_begin ] --START--
INFO: Run Behavior\ReadHtmlCacheBehavior [ RunTime:0.000413s ]
INFO: Run Behavior\CheckLangBehavior [ RunTime:0.000463s ]
INFO: [ app_begin ] --END-- [ RunTime:0.000961s ]
SQL: SHOW COLUMNS FROM `trade_video` [ RunTime:0.0136s ]
SQL: SELECT COUNT(*) AS tp_count FROM trade_video n WHERE ( n.deleted=0 and language="cn" ) LIMIT 1   [ RunTime:0.0063s ]
SQL: SELECT n.video_id,n.video_title,n.video_link,n.create_time,n.language,n.group_id FROM trade_video n WHERE ( n.deleted=0 and language="cn" ) ORDER BY n.create_time desc LIMIT 0,8   [ RunTime:0.0056s ]
INFO: [ view_parse ] --START--
INFO: [ template_filter ] --START--
INFO: Run Behavior\ContentReplaceBehavior [ RunTime:0.000111s ]
INFO: [ template_filter ] --END-- [ RunTime:0.000187s ]
INFO: Run Behavior\ParseTemplateBehavior [ RunTime:0.019665s ]
INFO: [ view_parse ] --END-- [ RunTime:0.019743s ]
INFO: [ view_filter ] --START--
INFO: Run Behavior\WriteHtmlCacheBehavior [ RunTime:0.000199s ]
INFO: [ view_filter ] --END-- [ RunTime:0.000252s ]
INFO: [ app_end ] --START--
INFO: Run Behavior\ShowPageTraceBehavior [ RunTime:0.000470s ]
INFO: [ app_end ] --END-- [ RunTime:0.000521s ]

[ 2016-12-23T23:33:19+08:00 ] ::1 /xinxing/index.php/Home/Video/index.html
INFO: [ app_init ] --START--
INFO: Run Behavior\BuildLiteBehavior [ RunTime:0.000013s ]
INFO: [ app_init ] --END-- [ RunTime:0.000303s ]
INFO: [ app_begin ] --START--
INFO: Run Behavior\ReadHtmlCacheBehavior [ RunTime:0.000443s ]
INFO: Run Behavior\CheckLangBehavior [ RunTime:0.000477s ]
INFO: [ app_begin ] --END-- [ RunTime:0.001004s ]
SQL: SHOW COLUMNS FROM `trade_video` [ RunTime:0.0125s ]
SQL: SELECT COUNT(*) AS tp_count FROM trade_video n WHERE ( n.deleted=0 and language="cn" ) LIMIT 1   [ RunTime:0.0064s ]
SQL: SELECT n.video_id,n.video_title,n.video_link,n.create_time,n.language,n.group_id FROM trade_video n WHERE ( n.deleted=0 and language="cn" ) ORDER BY n.create_time desc LIMIT 0,8   [ RunTime:0.0076s ]
INFO: [ view_parse ] --START--
INFO: [ template_filter ] --START--
INFO: Run Behavior\ContentReplaceBehavior [ RunTime:0.000118s ]
INFO: [ template_filter ] --END-- [ RunTime:0.000191s ]
INFO: Run Behavior\ParseTemplateBehavior [ RunTime:0.024552s ]
INFO: [ view_parse ] --END-- [ RunTime:0.024638s ]
INFO: [ view_filter ] --START--
INFO: Run Behavior\WriteHtmlCacheBehavior [ RunTime:0.000136s ]
INFO: [ view_filter ] --END-- [ RunTime:0.000181s ]
INFO: [ app_end ] --START--
INFO: Run Behavior\ShowPageTraceBehavior [ RunTime:0.000811s ]
INFO: [ app_end ] --END-- [ RunTime:0.000891s ]

[ 2016-12-23T23:35:50+08:00 ] ::1 /xinxing/index.php/Home/Video/index.html
INFO: [ app_init ] --START--
INFO: Run Behavior\BuildLiteBehavior [ RunTime:0.000015s ]
INFO: [ app_init ] --END-- [ RunTime:0.000339s ]
INFO: [ app_begin ] --START--
INFO: Run Behavior\ReadHtmlCacheBehavior [ RunTime:0.000448s ]
INFO: Run Behavior\CheckLangBehavior [ RunTime:0.000505s ]
INFO: [ app_begin ] --END-- [ RunTime:0.001045s ]
SQL: SHOW COLUMNS FROM `trade_video` [ RunTime:0.0110s ]
SQL: SELECT COUNT(*) AS tp_count FROM trade_video n WHERE ( n.deleted=0 and language="cn" ) LIMIT 1   [ RunTime:0.0136s ]
SQL: SELECT n.video_id,n.video_title,n.video_link,n.create_time,n.language,n.group_id FROM trade_video n WHERE ( n.deleted=0 and language="cn" ) ORDER BY n.create_time desc LIMIT 0,8   [ RunTime:0.0079s ]
INFO: [ view_parse ] --START--
INFO: [ template_filter ] --START--
INFO: Run Behavior\ContentReplaceBehavior [ RunTime:0.000111s ]
INFO: [ template_filter ] --END-- [ RunTime:0.000188s ]
INFO: Run Behavior\ParseTemplateBehavior [ RunTime:0.022115s ]
INFO: [ view_parse ] --END-- [ RunTime:0.022206s ]
INFO: [ view_filter ] --START--
INFO: Run Behavior\WriteHtmlCacheBehavior [ RunTime:0.000154s ]
INFO: [ view_filter ] --END-- [ RunTime:0.000200s ]
INFO: [ app_end ] --START--
INFO: Run Behavior\ShowPageTraceBehavior [ RunTime:0.000472s ]
INFO: [ app_end ] --END-- [ RunTime:0.000519s ]

[ 2016-12-23T23:38:05+08:00 ] ::1 /xinxing/index.php/Home/Video/index.html
INFO: [ app_init ] --START--
INFO: Run Behavior\BuildLiteBehavior [ RunTime:0.000012s ]
INFO: [ app_init ] --END-- [ RunTime:0.000295s ]
INFO: [ app_begin ] --START--
INFO: Run Behavior\ReadHtmlCacheBehavior [ RunTime:0.000395s ]
INFO: Run Behavior\CheckLangBehavior [ RunTime:0.000507s ]
INFO: [ app_begin ] --END-- [ RunTime:0.000985s ]
SQL: SHOW COLUMNS FROM `trade_video` [ RunTime:0.0095s ]
SQL: SELECT COUNT(*) AS tp_count FROM trade_video n WHERE ( n.deleted=0 and language="cn" ) LIMIT 1   [ RunTime:0.0058s ]
SQL: SELECT n.video_id,n.video_title,n.video_link,n.create_time,n.language,n.group_id FROM trade_video n WHERE ( n.deleted=0 and language="cn" ) ORDER BY n.create_time desc LIMIT 0,8   [ RunTime:0.0103s ]
INFO: [ view_parse ] --START--
INFO: [ template_filter ] --START--
INFO: Run Behavior\ContentReplaceBehavior [ RunTime:0.000122s ]
INFO: [ template_filter ] --END-- [ RunTime:0.000198s ]
INFO: Run Behavior\ParseTemplateBehavior [ RunTime:0.022458s ]
INFO: [ view_parse ] --END-- [ RunTime:0.022570s ]
INFO: [ view_filter ] --START--
INFO: Run Behavior\WriteHtmlCacheBehavior [ RunTime:0.000177s ]
INFO: [ view_filter ] --END-- [ RunTime:0.000224s ]
INFO: [ app_end ] --START--
INFO: Run Behavior\ShowPageTraceBehavior [ RunTime:0.000460s ]
INFO: [ app_end ] --END-- [ RunTime:0.000508s ]

[ 2016-12-23T23:38:29+08:00 ] ::1 /xinxing/index.php/Home/Video/index.html
INFO: [ app_init ] --START--
INFO: Run Behavior\BuildLiteBehavior [ RunTime:0.000013s ]
INFO: [ app_init ] --END-- [ RunTime:0.000304s ]
INFO: [ app_begin ] --START--
INFO: Run Behavior\ReadHtmlCacheBehavior [ RunTime:0.000395s ]
INFO: Run Behavior\CheckLangBehavior [ RunTime:0.000453s ]
INFO: [ app_begin ] --END-- [ RunTime:0.000930s ]
SQL: SHOW COLUMNS FROM `trade_video` [ RunTime:0.0104s ]
SQL: SELECT COUNT(*) AS tp_count FROM trade_video n WHERE ( n.deleted=0 and language="cn" ) LIMIT 1   [ RunTime:0.0073s ]
SQL: SELECT n.video_id,n.video_title,n.video_link,n.create_time,n.language,n.group_id FROM trade_video n WHERE ( n.deleted=0 and language="cn" ) ORDER BY n.create_time desc LIMIT 0,8   [ RunTime:0.0081s ]
INFO: [ view_parse ] --START--
INFO: [ template_filter ] --START--
INFO: Run Behavior\ContentReplaceBehavior [ RunTime:0.000115s ]
INFO: [ template_filter ] --END-- [ RunTime:0.000190s ]
INFO: Run Behavior\ParseTemplateBehavior [ RunTime:0.021339s ]
INFO: [ view_parse ] --END-- [ RunTime:0.021417s ]
INFO: [ view_filter ] --START--
INFO: Run Behavior\WriteHtmlCacheBehavior [ RunTime:0.000166s ]
INFO: [ view_filter ] --END-- [ RunTime:0.000212s ]
INFO: [ app_end ] --START--
INFO: Run Behavior\ShowPageTraceBehavior [ RunTime:0.000470s ]
INFO: [ app_end ] --END-- [ RunTime:0.000520s ]

[ 2016-12-23T23:38:42+08:00 ] ::1 /xinxing/index.php/Home/Video/index.html
INFO: [ app_init ] --START--
INFO: Run Behavior\BuildLiteBehavior [ RunTime:0.000015s ]
INFO: [ app_init ] --END-- [ RunTime:0.000309s ]
INFO: [ app_begin ] --START--
INFO: Run Behavior\ReadHtmlCacheBehavior [ RunTime:0.000391s ]
INFO: Run Behavior\CheckLangBehavior [ RunTime:0.000455s ]
INFO: [ app_begin ] --END-- [ RunTime:0.000928s ]
SQL: SHOW COLUMNS FROM `trade_video` [ RunTime:0.0116s ]
SQL: SELECT COUNT(*) AS tp_count FROM trade_video n WHERE ( n.deleted=0 and language="cn" ) LIMIT 1   [ RunTime:0.0065s ]
SQL: SELECT n.video_id,n.video_title,n.video_link,n.create_time,n.language,n.group_id FROM trade_video n WHERE ( n.deleted=0 and language="cn" ) ORDER BY n.create_time desc LIMIT 0,8   [ RunTime:0.0118s ]
INFO: [ view_parse ] --START--
INFO: [ template_filter ] --START--
INFO: Run Behavior\ContentReplaceBehavior [ RunTime:0.000108s ]
INFO: [ template_filter ] --END-- [ RunTime:0.000176s ]
INFO: Run Behavior\ParseTemplateBehavior [ RunTime:0.021186s ]
INFO: [ view_parse ] --END-- [ RunTime:0.021265s ]
INFO: [ view_filter ] --START--
INFO: Run Behavior\WriteHtmlCacheBehavior [ RunTime:0.000138s ]
INFO: [ view_filter ] --END-- [ RunTime:0.000182s ]
INFO: [ app_end ] --START--
INFO: Run Behavior\ShowPageTraceBehavior [ RunTime:0.000445s ]
INFO: [ app_end ] --END-- [ RunTime:0.000494s ]

[ 2016-12-23T23:38:50+08:00 ] ::1 /xinxing/index.php/Home/Recruit/index.html
INFO: [ app_init ] --START--
INFO: Run Behavior\BuildLiteBehavior [ RunTime:0.000029s ]
INFO: [ app_init ] --END-- [ RunTime:0.000360s ]
INFO: [ app_begin ] --START--
INFO: Run Behavior\ReadHtmlCacheBehavior [ RunTime:0.000423s ]
INFO: Run Behavior\CheckLangBehavior [ RunTime:0.000458s ]
INFO: [ app_begin ] --END-- [ RunTime:0.000967s ]
INFO: [ view_parse ] --START--
INFO: [ template_filter ] --START--
INFO: Run Behavior\ContentReplaceBehavior [ RunTime:0.000099s ]
INFO: [ template_filter ] --END-- [ RunTime:0.000157s ]
INFO: Run Behavior\ParseTemplateBehavior [ RunTime:0.018515s ]
INFO: [ view_parse ] --END-- [ RunTime:0.018579s ]
INFO: [ view_filter ] --START--
INFO: Run Behavior\WriteHtmlCacheBehavior [ RunTime:0.000129s ]
INFO: [ view_filter ] --END-- [ RunTime:0.000170s ]
INFO: [ app_end ] --START--
INFO: Run Behavior\ShowPageTraceBehavior [ RunTime:0.000553s ]
INFO: [ app_end ] --END-- [ RunTime:0.000612s ]

[ 2016-12-23T23:44:46+08:00 ] ::1 /xinxing/index.php/Home/Recruit/index.html
INFO: [ app_init ] --START--
INFO: Run Behavior\BuildLiteBehavior [ RunTime:0.000012s ]
INFO: [ app_init ] --END-- [ RunTime:0.000299s ]
INFO: [ app_begin ] --START--
INFO: Run Behavior\ReadHtmlCacheBehavior [ RunTime:0.000399s ]
INFO: Run Behavior\CheckLangBehavior [ RunTime:0.000449s ]
INFO: [ app_begin ] --END-- [ RunTime:0.000930s ]
SQL: SHOW COLUMNS FROM `trade_recruit` [ RunTime:0.0086s ]
SQL: SELECT COUNT(*) AS tp_count FROM trade_recruit n WHERE ( n.deleted=0 and language="cn" ) LIMIT 1   [ RunTime:0.0052s ]
SQL: SELECT n.recruit_id,n.recruit_title,n.recruit_content,n.create_time,n.language,n.group_id FROM trade_recruit n WHERE ( n.deleted=0 and language="cn" ) ORDER BY n.create_time desc LIMIT 0,8   [ RunTime:0.0051s ]
INFO: [ view_parse ] --START--
INFO: [ template_filter ] --START--
INFO: Run Behavior\ContentReplaceBehavior [ RunTime:0.000105s ]
INFO: [ template_filter ] --END-- [ RunTime:0.000166s ]
INFO: Run Behavior\ParseTemplateBehavior [ RunTime:0.020753s ]
INFO: [ view_parse ] --END-- [ RunTime:0.020825s ]
INFO: [ view_filter ] --START--
INFO: Run Behavior\WriteHtmlCacheBehavior [ RunTime:0.000137s ]
INFO: [ view_filter ] --END-- [ RunTime:0.000178s ]
INFO: [ app_end ] --START--
INFO: Run Behavior\ShowPageTraceBehavior [ RunTime:0.000578s ]
INFO: [ app_end ] --END-- [ RunTime:0.000669s ]

[ 2016-12-23T23:51:09+08:00 ] ::1 /xinxing/index.php/Home/Recruit/index.html
INFO: [ app_init ] --START--
INFO: Run Behavior\BuildLiteBehavior [ RunTime:0.000015s ]
INFO: [ app_init ] --END-- [ RunTime:0.000333s ]
INFO: [ app_begin ] --START--
INFO: Run Behavior\ReadHtmlCacheBehavior [ RunTime:0.000526s ]
INFO: Run Behavior\CheckLangBehavior [ RunTime:0.000960s ]
INFO: [ app_begin ] --END-- [ RunTime:0.001680s ]
SQL: SHOW COLUMNS FROM `trade_recruit` [ RunTime:0.0098s ]
SQL: SELECT COUNT(*) AS tp_count FROM trade_recruit n WHERE ( n.deleted=0 and language="cn" ) LIMIT 1   [ RunTime:0.0060s ]
SQL: SELECT n.recruit_id,n.recruit_title,n.recruit_content,n.create_time,n.language,n.group_id FROM trade_recruit n WHERE ( n.deleted=0 and language="cn" ) ORDER BY n.create_time desc LIMIT 0,8   [ RunTime:0.0066s ]
INFO: [ view_parse ] --START--
INFO: [ template_filter ] --START--
INFO: Run Behavior\ContentReplaceBehavior [ RunTime:0.000121s ]
INFO: [ template_filter ] --END-- [ RunTime:0.000237s ]
INFO: Run Behavior\ParseTemplateBehavior [ RunTime:0.020430s ]
INFO: [ view_parse ] --END-- [ RunTime:0.020502s ]
INFO: [ view_filter ] --START--
INFO: Run Behavior\WriteHtmlCacheBehavior [ RunTime:0.000192s ]
INFO: [ view_filter ] --END-- [ RunTime:0.000258s ]
INFO: [ app_end ] --START--
INFO: Run Behavior\ShowPageTraceBehavior [ RunTime:0.000557s ]
INFO: [ app_end ] --END-- [ RunTime:0.000619s ]

[ 2016-12-23T23:51:45+08:00 ] ::1 /xinxing/index.php/Home/Recruit/index.html
INFO: [ app_init ] --START--
INFO: Run Behavior\BuildLiteBehavior [ RunTime:0.000014s ]
INFO: [ app_init ] --END-- [ RunTime:0.000362s ]
INFO: [ app_begin ] --START--
INFO: Run Behavior\ReadHtmlCacheBehavior [ RunTime:0.000421s ]
INFO: Run Behavior\CheckLangBehavior [ RunTime:0.000474s ]
INFO: [ app_begin ] --END-- [ RunTime:0.000982s ]
SQL: SHOW COLUMNS FROM `trade_recruit` [ RunTime:0.0103s ]
SQL: SELECT COUNT(*) AS tp_count FROM trade_recruit n WHERE ( n.deleted=0 and language="cn" ) LIMIT 1   [ RunTime:0.0061s ]
SQL: SELECT n.recruit_id,n.recruit_title,n.recruit_content,n.create_time,n.language,n.group_id FROM trade_recruit n WHERE ( n.deleted=0 and language="cn" ) ORDER BY n.create_time desc LIMIT 0,8   [ RunTime:0.0089s ]
INFO: [ view_parse ] --START--
INFO: [ template_filter ] --START--
INFO: Run Behavior\ContentReplaceBehavior [ RunTime:0.000101s ]
INFO: [ template_filter ] --END-- [ RunTime:0.000165s ]
INFO: Run Behavior\ParseTemplateBehavior [ RunTime:0.020913s ]
INFO: [ view_parse ] --END-- [ RunTime:0.020992s ]
INFO: [ view_filter ] --START--
INFO: Run Behavior\WriteHtmlCacheBehavior [ RunTime:0.000130s ]
INFO: [ view_filter ] --END-- [ RunTime:0.000173s ]
INFO: [ app_end ] --START--
INFO: Run Behavior\ShowPageTraceBehavior [ RunTime:0.000680s ]
INFO: [ app_end ] --END-- [ RunTime:0.000754s ]

[ 2016-12-23T23:56:15+08:00 ] ::1 /xinxing/index.php/Home/Contact/index.html
INFO: [ app_init ] --START--
INFO: Run Behavior\BuildLiteBehavior [ RunTime:0.000013s ]
INFO: [ app_init ] --END-- [ RunTime:0.000303s ]
INFO: [ app_begin ] --START--
INFO: Run Behavior\ReadHtmlCacheBehavior [ RunTime:0.000397s ]
INFO: Run Behavior\CheckLangBehavior [ RunTime:0.000574s ]
INFO: [ app_begin ] --END-- [ RunTime:0.001059s ]
INFO: [ view_parse ] --START--
INFO: [ template_filter ] --START--
INFO: Run Behavior\ContentReplaceBehavior [ RunTime:0.000154s ]
INFO: [ template_filter ] --END-- [ RunTime:0.000223s ]
INFO: Run Behavior\ParseTemplateBehavior [ RunTime:0.018646s ]
INFO: [ view_parse ] --END-- [ RunTime:0.018710s ]
INFO: [ view_filter ] --START--
INFO: Run Behavior\WriteHtmlCacheBehavior [ RunTime:0.000136s ]
INFO: [ view_filter ] --END-- [ RunTime:0.000181s ]
INFO: [ app_end ] --START--
INFO: Run Behavior\ShowPageTraceBehavior [ RunTime:0.000438s ]
INFO: [ app_end ] --END-- [ RunTime:0.000488s ]

[ 2016-12-23T23:58:34+08:00 ] ::1 /xinxing/index.php/Home/Recruit/index.html
INFO: [ app_init ] --START--
INFO: Run Behavior\BuildLiteBehavior [ RunTime:0.000013s ]
INFO: [ app_init ] --END-- [ RunTime:0.000302s ]
INFO: [ app_begin ] --START--
INFO: Run Behavior\ReadHtmlCacheBehavior [ RunTime:0.000526s ]
INFO: Run Behavior\CheckLangBehavior [ RunTime:0.000555s ]
INFO: [ app_begin ] --END-- [ RunTime:0.001232s ]
SQL: SHOW COLUMNS FROM `trade_recruit` [ RunTime:0.0516s ]
SQL: SELECT COUNT(*) AS tp_count FROM trade_recruit n WHERE ( n.deleted=0 and language="cn" ) LIMIT 1   [ RunTime:0.2831s ]
SQL: SELECT n.recruit_id,n.recruit_title,n.recruit_content,n.create_time,n.language,n.group_id FROM trade_recruit n WHERE ( n.deleted=0 and language="cn" ) ORDER BY n.create_time desc LIMIT 0,8   [ RunTime:0.0162s ]
INFO: [ view_parse ] --START--
INFO: [ template_filter ] --START--
INFO: Run Behavior\ContentReplaceBehavior [ RunTime:0.000103s ]
INFO: [ template_filter ] --END-- [ RunTime:0.000162s ]
INFO: Run Behavior\ParseTemplateBehavior [ RunTime:0.020671s ]
INFO: [ view_parse ] --END-- [ RunTime:0.020731s ]
INFO: [ view_filter ] --START--
INFO: Run Behavior\WriteHtmlCacheBehavior [ RunTime:0.000132s ]
INFO: [ view_filter ] --END-- [ RunTime:0.000174s ]
INFO: [ app_end ] --START--
INFO: Run Behavior\ShowPageTraceBehavior [ RunTime:0.000799s ]
INFO: [ app_end ] --END-- [ RunTime:0.000894s ]

[ 2016-12-23T23:58:42+08:00 ] ::1 /xinxing/index.php/Home/Goods/index.html
INFO: [ app_init ] --START--
INFO: Run Behavior\BuildLiteBehavior [ RunTime:0.000016s ]
INFO: [ app_init ] --END-- [ RunTime:0.000366s ]
INFO: [ app_begin ] --START--
INFO: Run Behavior\ReadHtmlCacheBehavior [ RunTime:0.000408s ]
INFO: Run Behavior\CheckLangBehavior [ RunTime:0.000449s ]
INFO: [ app_begin ] --END-- [ RunTime:0.000939s ]
INFO: [ view_parse ] --START--
INFO: [ template_filter ] --START--
INFO: Run Behavior\ContentReplaceBehavior [ RunTime:0.000124s ]
INFO: [ template_filter ] --END-- [ RunTime:0.000199s ]
INFO: Run Behavior\ParseTemplateBehavior [ RunTime:0.023263s ]
INFO: [ view_parse ] --END-- [ RunTime:0.023328s ]
INFO: [ view_filter ] --START--
INFO: Run Behavior\WriteHtmlCacheBehavior [ RunTime:0.000142s ]
INFO: [ view_filter ] --END-- [ RunTime:0.000183s ]
INFO: [ app_end ] --START--
INFO: Run Behavior\ShowPageTraceBehavior [ RunTime:0.000568s ]
INFO: [ app_end ] --END-- [ RunTime:0.000628s ]

[ 2016-12-23T23:58:45+08:00 ] ::1 /xinxing/index.php/Home/Range/index.html
INFO: [ app_init ] --START--
INFO: Run Behavior\BuildLiteBehavior [ RunTime:0.000017s ]
INFO: [ app_init ] --END-- [ RunTime:0.000335s ]
INFO: [ app_begin ] --START--
INFO: Run Behavior\ReadHtmlCacheBehavior [ RunTime:0.000452s ]
INFO: Run Behavior\CheckLangBehavior [ RunTime:0.000640s ]
INFO: [ app_begin ] --END-- [ RunTime:0.001196s ]
SQL: SHOW COLUMNS FROM `trade_range` [ RunTime:0.0149s ]
SQL: SELECT * FROM `trade_range` WHERE ( group_id = 1 and language="cn" )  [ RunTime:0.0082s ]
INFO: [ view_parse ] --START--
INFO: [ template_filter ] --START--
INFO: Run Behavior\ContentReplaceBehavior [ RunTime:0.000114s ]
INFO: [ template_filter ] --END-- [ RunTime:0.000188s ]
INFO: Run Behavior\ParseTemplateBehavior [ RunTime:0.025563s ]
INFO: [ view_parse ] --END-- [ RunTime:0.025633s ]
INFO: [ view_filter ] --START--
INFO: Run Behavior\WriteHtmlCacheBehavior [ RunTime:0.000220s ]
INFO: [ view_filter ] --END-- [ RunTime:0.000271s ]
NOTIC: [2] Cannot modify header information - headers already sent by (output started at /Volumes/work/htdocs/xinxing/ThinkPHP/Common/functions.php:850) /Volumes/work/htdocs/xinxing/ThinkPHP/Library/Think/View.class.php 第 91 行.
NOTIC: [2] Cannot modify header information - headers already sent by (output started at /Volumes/work/htdocs/xinxing/ThinkPHP/Common/functions.php:850) /Volumes/work/htdocs/xinxing/ThinkPHP/Library/Think/View.class.php 第 92 行.
NOTIC: [2] Cannot modify header information - headers already sent by (output started at /Volumes/work/htdocs/xinxing/ThinkPHP/Common/functions.php:850) /Volumes/work/htdocs/xinxing/ThinkPHP/Library/Think/View.class.php 第 93 行.
INFO: [ app_end ] --START--
INFO: Run Behavior\ShowPageTraceBehavior [ RunTime:0.000592s ]
INFO: [ app_end ] --END-- [ RunTime:0.000659s ]

