[ 2016-12-27T18:48:05+08:00 ] ::1 /xinxing/index.php
INFO: [ app_init ] --START--
INFO: Run Behavior\BuildLiteBehavior [ RunTime:0.000028s ]
INFO: [ app_init ] --END-- [ RunTime:0.000862s ]
INFO: [ app_begin ] --START--
INFO: Run Behavior\ReadHtmlCacheBehavior [ RunTime:0.000678s ]
INFO: Run Behavior\CheckLangBehavior [ RunTime:0.002129s ]
INFO: [ app_begin ] --END-- [ RunTime:0.002965s ]
SQL: SHOW COLUMNS FROM `trade_category` [ RunTime:0.0084s ]
SQL: SELECT * FROM `trade_category` WHERE ( `deleted` = 0 and `language` = 'cn' and `category_pid` = 0 )  [ RunTime:0.0100s ]
SQL: SELECT * FROM `trade_category` WHERE ( `deleted` = 0 and `language` = 'cn' and `category_pid` = 1 )  [ RunTime:0.0123s ]
SQL: SELECT * FROM `trade_category` WHERE ( `deleted` = 0 and `language` = 'cn' and `category_pid` = 2 )  [ RunTime:0.0126s ]
SQL: SELECT * FROM `trade_category` WHERE ( `deleted` = 0 and `language` = 'cn' and `category_pid` = 3 )  [ RunTime:0.0142s ]
SQL: SELECT * FROM `trade_category` WHERE ( `deleted` = 0 and `language` = 'cn' and `category_pid` = 4 )  [ RunTime:0.0105s ]
SQL: SELECT * FROM `trade_category` WHERE ( `deleted` = 0 and `language` = 'cn' and `category_pid` = 5 )  [ RunTime:0.0144s ]
SQL: SELECT * FROM `trade_category` WHERE ( `deleted` = 0 and `language` = 'cn' and `category_pid` = 6 )  [ RunTime:0.0212s ]
SQL: SHOW COLUMNS FROM `trade_image_home` [ RunTime:0.0071s ]
SQL: SELECT * FROM trade_image_home n WHERE ( n.deleted=0 and language="cn" ) ORDER BY n.create_time desc  [ RunTime:0.0089s ]
SQL: SHOW COLUMNS FROM `trade_image_other` [ RunTime:0.0055s ]
SQL: SELECT * FROM trade_image_other n WHERE ( n.deleted=0 and language="cn" ) ORDER BY n.create_time desc  [ RunTime:0.0057s ]
SQL: SELECT * FROM trade_image_home n WHERE ( n.deleted=0 and language="cn" ) ORDER BY n.create_time desc  [ RunTime:0.0048s ]
INFO: [ view_parse ] --START--
INFO: [ template_filter ] --START--
INFO: Run Behavior\ContentReplaceBehavior [ RunTime:0.000170s ]
INFO: [ template_filter ] --END-- [ RunTime:0.000253s ]
INFO: Run Behavior\ParseTemplateBehavior [ RunTime:0.046332s ]
INFO: [ view_parse ] --END-- [ RunTime:0.046454s ]
INFO: [ view_filter ] --START--
INFO: Run Behavior\WriteHtmlCacheBehavior [ RunTime:0.000271s ]
INFO: [ view_filter ] --END-- [ RunTime:0.000359s ]
INFO: [ app_end ] --START--
INFO: Run Behavior\ShowPageTraceBehavior [ RunTime:0.000903s ]
INFO: [ app_end ] --END-- [ RunTime:0.000982s ]

[ 2016-12-27T18:48:17+08:00 ] ::1 /xinxing/index.php/Home/Goods/index.html
INFO: [ app_init ] --START--
INFO: Run Behavior\BuildLiteBehavior [ RunTime:0.000019s ]
INFO: [ app_init ] --END-- [ RunTime:0.000488s ]
INFO: [ app_begin ] --START--
INFO: Run Behavior\ReadHtmlCacheBehavior [ RunTime:0.000454s ]
INFO: Run Behavior\CheckLangBehavior [ RunTime:0.000487s ]
INFO: [ app_begin ] --END-- [ RunTime:0.001059s ]
SQL: SHOW COLUMNS FROM `trade_category` [ RunTime:0.0061s ]
SQL: SELECT * FROM `trade_category` WHERE ( `deleted` = 0 and `language` = 'cn' and `category_pid` = 0 )  [ RunTime:0.0078s ]
SQL: SELECT * FROM `trade_category` WHERE ( `deleted` = 0 and `language` = 'cn' and `category_pid` = 1 )  [ RunTime:0.0096s ]
SQL: SELECT * FROM `trade_category` WHERE ( `deleted` = 0 and `language` = 'cn' and `category_pid` = 2 )  [ RunTime:0.0107s ]
SQL: SELECT * FROM `trade_category` WHERE ( `deleted` = 0 and `language` = 'cn' and `category_pid` = 3 )  [ RunTime:0.0091s ]
SQL: SELECT * FROM `trade_category` WHERE ( `deleted` = 0 and `language` = 'cn' and `category_pid` = 4 )  [ RunTime:0.0073s ]
SQL: SELECT * FROM `trade_category` WHERE ( `deleted` = 0 and `language` = 'cn' and `category_pid` = 5 )  [ RunTime:0.0097s ]
SQL: SELECT * FROM `trade_category` WHERE ( `deleted` = 0 and `language` = 'cn' and `category_pid` = 6 )  [ RunTime:0.0070s ]
SQL: SHOW COLUMNS FROM `trade_image_home` [ RunTime:0.0087s ]
SQL: SELECT * FROM trade_image_home n WHERE ( n.deleted=0 and language="cn" ) ORDER BY n.create_time desc  [ RunTime:0.0135s ]
SQL: SHOW COLUMNS FROM `trade_image_other` [ RunTime:0.0077s ]
SQL: SELECT * FROM trade_image_other n WHERE ( n.deleted=0 and language="cn" ) ORDER BY n.create_time desc  [ RunTime:0.0073s ]
SQL: SHOW COLUMNS FROM `trade_goods` [ RunTime:0.0194s ]
SQL: SELECT COUNT(*) AS tp_count FROM trade_goods n WHERE n.deleted = 0 AND n.language = 'cn' AND n.category_pid = 1 LIMIT 1   [ RunTime:0.0059s ]
SQL: SELECT n.goods_id,n.goods_name,n.goods_code,n.goods_weight,n.goods_size,n.goods_img0,n.create_time,n.language,n.group_id,c1.category_name as category_pname FROM trade_goods n left join trade_category c1 ON c1.category_id = n.category_pid left join trade_category c2 ON c2.category_id = n.category_id  WHERE n.deleted = 0 AND n.language = 'cn' AND n.category_pid = 1 ORDER BY n.create_time desc LIMIT 0,8   [ RunTime:0.0058s ]
INFO: [ view_parse ] --START--
INFO: [ template_filter ] --START--
INFO: Run Behavior\ContentReplaceBehavior [ RunTime:0.000388s ]
INFO: [ template_filter ] --END-- [ RunTime:0.000740s ]
NOTIC: [8] Undefined index: keyword /Volumes/work/htdocs/xinxing/Runtime/Cache/Home/63839bc489ada1b251c78e0251f28b7d.php 第 194 行.
INFO: Run Behavior\ParseTemplateBehavior [ RunTime:0.036398s ]
INFO: [ view_parse ] --END-- [ RunTime:0.036478s ]
INFO: [ view_filter ] --START--
INFO: Run Behavior\WriteHtmlCacheBehavior [ RunTime:0.000174s ]
INFO: [ view_filter ] --END-- [ RunTime:0.000221s ]
INFO: [ app_end ] --START--
INFO: Run Behavior\ShowPageTraceBehavior [ RunTime:0.000620s ]
INFO: [ app_end ] --END-- [ RunTime:0.000686s ]

[ 2016-12-27T18:48:19+08:00 ] ::1 /xinxing/index.php/Home/Goods/detail/id/88.html
INFO: [ app_init ] --START--
INFO: Run Behavior\BuildLiteBehavior [ RunTime:0.000013s ]
INFO: [ app_init ] --END-- [ RunTime:0.000333s ]
INFO: [ app_begin ] --START--
INFO: Run Behavior\ReadHtmlCacheBehavior [ RunTime:0.000451s ]
INFO: Run Behavior\CheckLangBehavior [ RunTime:0.000477s ]
INFO: [ app_begin ] --END-- [ RunTime:0.001014s ]
SQL: SHOW COLUMNS FROM `trade_category` [ RunTime:0.0101s ]
SQL: SELECT * FROM `trade_category` WHERE ( `deleted` = 0 and `language` = 'cn' and `category_pid` = 0 )  [ RunTime:0.0122s ]
SQL: SELECT * FROM `trade_category` WHERE ( `deleted` = 0 and `language` = 'cn' and `category_pid` = 1 )  [ RunTime:0.0072s ]
SQL: SELECT * FROM `trade_category` WHERE ( `deleted` = 0 and `language` = 'cn' and `category_pid` = 2 )  [ RunTime:0.0068s ]
SQL: SELECT * FROM `trade_category` WHERE ( `deleted` = 0 and `language` = 'cn' and `category_pid` = 3 )  [ RunTime:0.0083s ]
SQL: SELECT * FROM `trade_category` WHERE ( `deleted` = 0 and `language` = 'cn' and `category_pid` = 4 )  [ RunTime:0.0084s ]
SQL: SELECT * FROM `trade_category` WHERE ( `deleted` = 0 and `language` = 'cn' and `category_pid` = 5 )  [ RunTime:0.0073s ]
SQL: SELECT * FROM `trade_category` WHERE ( `deleted` = 0 and `language` = 'cn' and `category_pid` = 6 )  [ RunTime:0.0084s ]
SQL: SHOW COLUMNS FROM `trade_image_home` [ RunTime:0.0086s ]
SQL: SELECT * FROM trade_image_home n WHERE ( n.deleted=0 and language="cn" ) ORDER BY n.create_time desc  [ RunTime:0.0075s ]
SQL: SHOW COLUMNS FROM `trade_image_other` [ RunTime:0.0098s ]
SQL: SELECT * FROM trade_image_other n WHERE ( n.deleted=0 and language="cn" ) ORDER BY n.create_time desc  [ RunTime:0.0069s ]
SQL: SHOW COLUMNS FROM `trade_goods` [ RunTime:0.0210s ]
SQL: SELECT * FROM `trade_goods` WHERE ( goods_id = 88 ) LIMIT 1   [ RunTime:0.0095s ]
SQL: SELECT `category_name` FROM `trade_category` WHERE ( category_id = 1 ) LIMIT 1   [ RunTime:0.0067s ]
INFO: [ view_parse ] --START--
INFO: [ template_filter ] --START--
INFO: Run Behavior\ContentReplaceBehavior [ RunTime:0.000151s ]
INFO: [ template_filter ] --END-- [ RunTime:0.000232s ]
NOTIC: [8] Undefined index: keyword /Volumes/work/htdocs/xinxing/Runtime/Cache/Home/795e274f7e0defaaba4ae5ed57f62a8c.php 第 194 行.
NOTIC: [8] Undefined variable: thisCpid /Volumes/work/htdocs/xinxing/Runtime/Cache/Home/795e274f7e0defaaba4ae5ed57f62a8c.php 第 275 行.
NOTIC: [8] Undefined variable: thisCpid /Volumes/work/htdocs/xinxing/Runtime/Cache/Home/795e274f7e0defaaba4ae5ed57f62a8c.php 第 275 行.
NOTIC: [8] Undefined variable: thisCpid /Volumes/work/htdocs/xinxing/Runtime/Cache/Home/795e274f7e0defaaba4ae5ed57f62a8c.php 第 275 行.
NOTIC: [8] Undefined variable: thisCpid /Volumes/work/htdocs/xinxing/Runtime/Cache/Home/795e274f7e0defaaba4ae5ed57f62a8c.php 第 275 行.
NOTIC: [8] Undefined variable: thisCpid /Volumes/work/htdocs/xinxing/Runtime/Cache/Home/795e274f7e0defaaba4ae5ed57f62a8c.php 第 275 行.
NOTIC: [8] Undefined variable: thisCpid /Volumes/work/htdocs/xinxing/Runtime/Cache/Home/795e274f7e0defaaba4ae5ed57f62a8c.php 第 275 行.
NOTIC: [8] Use of undefined constant sm - assumed 'sm' /Volumes/work/htdocs/xinxing/Runtime/Cache/Home/795e274f7e0defaaba4ae5ed57f62a8c.php 第 319 行.
NOTIC: [8] Use of undefined constant sm - assumed 'sm' /Volumes/work/htdocs/xinxing/Runtime/Cache/Home/795e274f7e0defaaba4ae5ed57f62a8c.php 第 319 行.
NOTIC: [8] Use of undefined constant sm - assumed 'sm' /Volumes/work/htdocs/xinxing/Runtime/Cache/Home/795e274f7e0defaaba4ae5ed57f62a8c.php 第 319 行.
INFO: Run Behavior\ParseTemplateBehavior [ RunTime:0.031886s ]
INFO: [ view_parse ] --END-- [ RunTime:0.031947s ]
INFO: [ view_filter ] --START--
INFO: Run Behavior\WriteHtmlCacheBehavior [ RunTime:0.000177s ]
INFO: [ view_filter ] --END-- [ RunTime:0.000224s ]
INFO: [ app_end ] --START--
INFO: Run Behavior\ShowPageTraceBehavior [ RunTime:0.000565s ]
INFO: [ app_end ] --END-- [ RunTime:0.000636s ]

[ 2016-12-27T18:48:25+08:00 ] ::1 /xinxing/index.php/Home/Goods/index/cpid/2.html
INFO: [ app_init ] --START--
INFO: Run Behavior\BuildLiteBehavior [ RunTime:0.000016s ]
INFO: [ app_init ] --END-- [ RunTime:0.000436s ]
INFO: [ app_begin ] --START--
INFO: Run Behavior\ReadHtmlCacheBehavior [ RunTime:0.000631s ]
INFO: Run Behavior\CheckLangBehavior [ RunTime:0.000712s ]
INFO: [ app_begin ] --END-- [ RunTime:0.001487s ]
SQL: SHOW COLUMNS FROM `trade_category` [ RunTime:0.0092s ]
SQL: SELECT * FROM `trade_category` WHERE ( `deleted` = 0 and `language` = 'cn' and `category_pid` = 0 )  [ RunTime:0.0058s ]
SQL: SELECT * FROM `trade_category` WHERE ( `deleted` = 0 and `language` = 'cn' and `category_pid` = 1 )  [ RunTime:0.0060s ]
SQL: SELECT * FROM `trade_category` WHERE ( `deleted` = 0 and `language` = 'cn' and `category_pid` = 2 )  [ RunTime:0.0070s ]
SQL: SELECT * FROM `trade_category` WHERE ( `deleted` = 0 and `language` = 'cn' and `category_pid` = 3 )  [ RunTime:0.0067s ]
SQL: SELECT * FROM `trade_category` WHERE ( `deleted` = 0 and `language` = 'cn' and `category_pid` = 4 )  [ RunTime:0.0061s ]
SQL: SELECT * FROM `trade_category` WHERE ( `deleted` = 0 and `language` = 'cn' and `category_pid` = 5 )  [ RunTime:0.0065s ]
SQL: SELECT * FROM `trade_category` WHERE ( `deleted` = 0 and `language` = 'cn' and `category_pid` = 6 )  [ RunTime:0.0063s ]
SQL: SHOW COLUMNS FROM `trade_image_home` [ RunTime:0.0064s ]
SQL: SELECT * FROM trade_image_home n WHERE ( n.deleted=0 and language="cn" ) ORDER BY n.create_time desc  [ RunTime:0.0095s ]
SQL: SHOW COLUMNS FROM `trade_image_other` [ RunTime:0.0097s ]
SQL: SELECT * FROM trade_image_other n WHERE ( n.deleted=0 and language="cn" ) ORDER BY n.create_time desc  [ RunTime:0.0085s ]
SQL: SHOW COLUMNS FROM `trade_goods` [ RunTime:0.0120s ]
SQL: SELECT COUNT(*) AS tp_count FROM trade_goods n WHERE n.deleted = 0 AND n.language = 'cn' AND n.category_pid = '2' LIMIT 1   [ RunTime:0.0153s ]
SQL: SELECT n.goods_id,n.goods_name,n.goods_code,n.goods_weight,n.goods_size,n.goods_img0,n.create_time,n.language,n.group_id,c1.category_name as category_pname FROM trade_goods n left join trade_category c1 ON c1.category_id = n.category_pid left join trade_category c2 ON c2.category_id = n.category_id  WHERE n.deleted = 0 AND n.language = 'cn' AND n.category_pid = '2' ORDER BY n.create_time desc LIMIT 0,8   [ RunTime:0.0118s ]
INFO: [ view_parse ] --START--
INFO: [ template_filter ] --START--
INFO: Run Behavior\ContentReplaceBehavior [ RunTime:0.000138s ]
INFO: [ template_filter ] --END-- [ RunTime:0.000206s ]
NOTIC: [8] Undefined index: keyword /Volumes/work/htdocs/xinxing/Runtime/Cache/Home/63839bc489ada1b251c78e0251f28b7d.php 第 194 行.
INFO: Run Behavior\ParseTemplateBehavior [ RunTime:0.034433s ]
INFO: [ view_parse ] --END-- [ RunTime:0.034554s ]
INFO: [ view_filter ] --START--
INFO: Run Behavior\WriteHtmlCacheBehavior [ RunTime:0.000134s ]
INFO: [ view_filter ] --END-- [ RunTime:0.000177s ]
INFO: [ app_end ] --START--
INFO: Run Behavior\ShowPageTraceBehavior [ RunTime:0.000750s ]
INFO: [ app_end ] --END-- [ RunTime:0.000861s ]

[ 2016-12-27T18:48:27+08:00 ] ::1 /xinxing/index.php/Home/Goods/detail/id/18.html
INFO: [ app_init ] --START--
INFO: Run Behavior\BuildLiteBehavior [ RunTime:0.000012s ]
INFO: [ app_init ] --END-- [ RunTime:0.000290s ]
INFO: [ app_begin ] --START--
INFO: Run Behavior\ReadHtmlCacheBehavior [ RunTime:0.000381s ]
INFO: Run Behavior\CheckLangBehavior [ RunTime:0.000951s ]
INFO: [ app_begin ] --END-- [ RunTime:0.001430s ]
SQL: SHOW COLUMNS FROM `trade_category` [ RunTime:0.0069s ]
SQL: SELECT * FROM `trade_category` WHERE ( `deleted` = 0 and `language` = 'cn' and `category_pid` = 0 )  [ RunTime:0.0077s ]
SQL: SELECT * FROM `trade_category` WHERE ( `deleted` = 0 and `language` = 'cn' and `category_pid` = 1 )  [ RunTime:0.0077s ]
SQL: SELECT * FROM `trade_category` WHERE ( `deleted` = 0 and `language` = 'cn' and `category_pid` = 2 )  [ RunTime:0.0070s ]
SQL: SELECT * FROM `trade_category` WHERE ( `deleted` = 0 and `language` = 'cn' and `category_pid` = 3 )  [ RunTime:0.0068s ]
SQL: SELECT * FROM `trade_category` WHERE ( `deleted` = 0 and `language` = 'cn' and `category_pid` = 4 )  [ RunTime:0.0065s ]
SQL: SELECT * FROM `trade_category` WHERE ( `deleted` = 0 and `language` = 'cn' and `category_pid` = 5 )  [ RunTime:0.0074s ]
SQL: SELECT * FROM `trade_category` WHERE ( `deleted` = 0 and `language` = 'cn' and `category_pid` = 6 )  [ RunTime:0.0066s ]
SQL: SHOW COLUMNS FROM `trade_image_home` [ RunTime:0.0090s ]
SQL: SELECT * FROM trade_image_home n WHERE ( n.deleted=0 and language="cn" ) ORDER BY n.create_time desc  [ RunTime:0.0098s ]
SQL: SHOW COLUMNS FROM `trade_image_other` [ RunTime:0.0073s ]
SQL: SELECT * FROM trade_image_other n WHERE ( n.deleted=0 and language="cn" ) ORDER BY n.create_time desc  [ RunTime:0.0058s ]
SQL: SHOW COLUMNS FROM `trade_goods` [ RunTime:0.0107s ]
SQL: SELECT * FROM `trade_goods` WHERE ( goods_id = 18 ) LIMIT 1   [ RunTime:0.0071s ]
SQL: SELECT `category_name` FROM `trade_category` WHERE ( category_id = 2 ) LIMIT 1   [ RunTime:0.0099s ]
INFO: [ view_parse ] --START--
INFO: [ template_filter ] --START--
INFO: Run Behavior\ContentReplaceBehavior [ RunTime:0.000133s ]
INFO: [ template_filter ] --END-- [ RunTime:0.000203s ]
NOTIC: [8] Undefined index: keyword /Volumes/work/htdocs/xinxing/Runtime/Cache/Home/795e274f7e0defaaba4ae5ed57f62a8c.php 第 194 行.
NOTIC: [8] Undefined variable: thisCpid /Volumes/work/htdocs/xinxing/Runtime/Cache/Home/795e274f7e0defaaba4ae5ed57f62a8c.php 第 275 行.
NOTIC: [8] Undefined variable: thisCpid /Volumes/work/htdocs/xinxing/Runtime/Cache/Home/795e274f7e0defaaba4ae5ed57f62a8c.php 第 275 行.
NOTIC: [8] Undefined variable: thisCpid /Volumes/work/htdocs/xinxing/Runtime/Cache/Home/795e274f7e0defaaba4ae5ed57f62a8c.php 第 275 行.
NOTIC: [8] Undefined variable: thisCpid /Volumes/work/htdocs/xinxing/Runtime/Cache/Home/795e274f7e0defaaba4ae5ed57f62a8c.php 第 275 行.
NOTIC: [8] Undefined variable: thisCpid /Volumes/work/htdocs/xinxing/Runtime/Cache/Home/795e274f7e0defaaba4ae5ed57f62a8c.php 第 275 行.
NOTIC: [8] Undefined variable: thisCpid /Volumes/work/htdocs/xinxing/Runtime/Cache/Home/795e274f7e0defaaba4ae5ed57f62a8c.php 第 275 行.
NOTIC: [8] Use of undefined constant sm - assumed 'sm' /Volumes/work/htdocs/xinxing/Runtime/Cache/Home/795e274f7e0defaaba4ae5ed57f62a8c.php 第 319 行.
NOTIC: [8] Use of undefined constant sm - assumed 'sm' /Volumes/work/htdocs/xinxing/Runtime/Cache/Home/795e274f7e0defaaba4ae5ed57f62a8c.php 第 319 行.
NOTIC: [8] Use of undefined constant sm - assumed 'sm' /Volumes/work/htdocs/xinxing/Runtime/Cache/Home/795e274f7e0defaaba4ae5ed57f62a8c.php 第 319 行.
INFO: Run Behavior\ParseTemplateBehavior [ RunTime:0.035166s ]
INFO: [ view_parse ] --END-- [ RunTime:0.035238s ]
INFO: [ view_filter ] --START--
INFO: Run Behavior\WriteHtmlCacheBehavior [ RunTime:0.000181s ]
INFO: [ view_filter ] --END-- [ RunTime:0.000230s ]
INFO: [ app_end ] --START--
INFO: Run Behavior\ShowPageTraceBehavior [ RunTime:0.000479s ]
INFO: [ app_end ] --END-- [ RunTime:0.000530s ]

