[ 2016-12-22T16:37:34+08:00 ] ::1 /xinxing/index.php/Home/About/
INFO: [ app_init ] --START--
INFO: Run Behavior\BuildLiteBehavior [ RunTime:0.000017s ]
INFO: [ app_init ] --END-- [ RunTime:0.000420s ]
INFO: [ app_begin ] --START--
INFO: Run Behavior\ReadHtmlCacheBehavior [ RunTime:0.000472s ]
INFO: Run Behavior\CheckLangBehavior [ RunTime:0.000543s ]
INFO: [ app_begin ] --END-- [ RunTime:0.001110s ]
SQL: SHOW COLUMNS FROM `trade_news` [ RunTime:0.0067s ]
SQL: SELECT * FROM `trade_news` WHERE ( language="cn" )  [ RunTime:0.0040s ]
SQL: SELECT COUNT(*) AS tp_count FROM trade_news n left join trade_lang l ON l.lang_code = n.language  WHERE ( n.deleted=0 and news_type=1 ) GROUP BY n.group_id LIMIT 1   [ RunTime:0.0042s ]
SQL: SELECT n.news_id,n.news_title,n.create_time,l.lang_name,n.group_id FROM trade_news n left join trade_lang l ON l.lang_code = n.language  WHERE ( n.deleted=0 and news_type=1 ) GROUP BY n.group_id ORDER BY l.lang_level asc,n.news_id desc LIMIT 0,10   [ RunTime:0.0081s ]
INFO: [ view_parse ] --START--
INFO: [ template_filter ] --START--
INFO: Run Behavior\ContentReplaceBehavior [ RunTime:0.000119s ]
INFO: [ template_filter ] --END-- [ RunTime:0.000184s ]
INFO: Run Behavior\ParseTemplateBehavior [ RunTime:0.020442s ]
INFO: [ view_parse ] --END-- [ RunTime:0.020508s ]
INFO: [ view_filter ] --START--
INFO: Run Behavior\WriteHtmlCacheBehavior [ RunTime:0.000190s ]
INFO: [ view_filter ] --END-- [ RunTime:0.000235s ]
INFO: [ app_end ] --START--
INFO: Run Behavior\ShowPageTraceBehavior [ RunTime:0.000504s ]
INFO: [ app_end ] --END-- [ RunTime:0.000557s ]

[ 2016-12-22T16:37:35+08:00 ] ::1 /xinxing/index.php/Home/About/
INFO: [ app_init ] --START--
INFO: Run Behavior\BuildLiteBehavior [ RunTime:0.000019s ]
INFO: [ app_init ] --END-- [ RunTime:0.000429s ]
INFO: [ app_begin ] --START--
INFO: Run Behavior\ReadHtmlCacheBehavior [ RunTime:0.000597s ]
INFO: Run Behavior\CheckLangBehavior [ RunTime:0.000651s ]
INFO: [ app_begin ] --END-- [ RunTime:0.001379s ]
SQL: SHOW COLUMNS FROM `trade_news` [ RunTime:0.0050s ]
SQL: SELECT * FROM `trade_news` WHERE ( language="cn" )  [ RunTime:0.0052s ]
SQL: SELECT COUNT(*) AS tp_count FROM trade_news n left join trade_lang l ON l.lang_code = n.language  WHERE ( n.deleted=0 and news_type=1 ) GROUP BY n.group_id LIMIT 1   [ RunTime:0.0045s ]
SQL: SELECT n.news_id,n.news_title,n.create_time,l.lang_name,n.group_id FROM trade_news n left join trade_lang l ON l.lang_code = n.language  WHERE ( n.deleted=0 and news_type=1 ) GROUP BY n.group_id ORDER BY l.lang_level asc,n.news_id desc LIMIT 0,10   [ RunTime:0.0066s ]
INFO: [ view_parse ] --START--
INFO: [ template_filter ] --START--
INFO: Run Behavior\ContentReplaceBehavior [ RunTime:0.000119s ]
INFO: [ template_filter ] --END-- [ RunTime:0.000199s ]
INFO: Run Behavior\ParseTemplateBehavior [ RunTime:0.023771s ]
INFO: [ view_parse ] --END-- [ RunTime:0.023855s ]
INFO: [ view_filter ] --START--
INFO: Run Behavior\WriteHtmlCacheBehavior [ RunTime:0.000173s ]
INFO: [ view_filter ] --END-- [ RunTime:0.000224s ]
INFO: [ app_end ] --START--
INFO: Run Behavior\ShowPageTraceBehavior [ RunTime:0.000533s ]
INFO: [ app_end ] --END-- [ RunTime:0.000602s ]

[ 2016-12-22T16:37:37+08:00 ] ::1 /xinxing/index.php/Home/About/
INFO: [ app_init ] --START--
INFO: Run Behavior\BuildLiteBehavior [ RunTime:0.000015s ]
INFO: [ app_init ] --END-- [ RunTime:0.000340s ]
INFO: [ app_begin ] --START--
INFO: Run Behavior\ReadHtmlCacheBehavior [ RunTime:0.000561s ]
INFO: Run Behavior\CheckLangBehavior [ RunTime:0.000527s ]
INFO: [ app_begin ] --END-- [ RunTime:0.001208s ]
SQL: SHOW COLUMNS FROM `trade_news` [ RunTime:0.0102s ]
SQL: SELECT * FROM `trade_news` WHERE ( language="cn" )  [ RunTime:0.0087s ]
SQL: SELECT COUNT(*) AS tp_count FROM trade_news n left join trade_lang l ON l.lang_code = n.language  WHERE ( n.deleted=0 and news_type=1 ) GROUP BY n.group_id LIMIT 1   [ RunTime:0.0040s ]
SQL: SELECT n.news_id,n.news_title,n.create_time,l.lang_name,n.group_id FROM trade_news n left join trade_lang l ON l.lang_code = n.language  WHERE ( n.deleted=0 and news_type=1 ) GROUP BY n.group_id ORDER BY l.lang_level asc,n.news_id desc LIMIT 0,10   [ RunTime:0.0058s ]
INFO: [ view_parse ] --START--
INFO: [ template_filter ] --START--
INFO: Run Behavior\ContentReplaceBehavior [ RunTime:0.000154s ]
INFO: [ template_filter ] --END-- [ RunTime:0.000271s ]
INFO: Run Behavior\ParseTemplateBehavior [ RunTime:0.025689s ]
INFO: [ view_parse ] --END-- [ RunTime:0.025780s ]
INFO: [ view_filter ] --START--
INFO: Run Behavior\WriteHtmlCacheBehavior [ RunTime:0.000239s ]
INFO: [ view_filter ] --END-- [ RunTime:0.000308s ]
INFO: [ app_end ] --START--
INFO: Run Behavior\ShowPageTraceBehavior [ RunTime:0.000756s ]
INFO: [ app_end ] --END-- [ RunTime:0.000844s ]

[ 2016-12-22T16:37:54+08:00 ] ::1 /xinxing/index.php/Home/About/
INFO: [ app_init ] --START--
INFO: Run Behavior\BuildLiteBehavior [ RunTime:0.000013s ]
INFO: [ app_init ] --END-- [ RunTime:0.000323s ]
INFO: [ app_begin ] --START--
INFO: Run Behavior\ReadHtmlCacheBehavior [ RunTime:0.000420s ]
INFO: Run Behavior\CheckLangBehavior [ RunTime:0.000520s ]
INFO: [ app_begin ] --END-- [ RunTime:0.001026s ]
SQL: SHOW COLUMNS FROM `trade_news` [ RunTime:0.0091s ]
SQL: SELECT * FROM `trade_news` WHERE ( language="cn" )  [ RunTime:0.0066s ]
SQL: SELECT COUNT(*) AS tp_count FROM trade_news n left join trade_lang l ON l.lang_code = n.language  WHERE ( n.deleted=0 and news_type=1 ) GROUP BY n.group_id LIMIT 1   [ RunTime:0.0049s ]
SQL: SELECT n.news_id,n.news_title,n.create_time,l.lang_name,n.group_id FROM trade_news n left join trade_lang l ON l.lang_code = n.language  WHERE ( n.deleted=0 and news_type=1 ) GROUP BY n.group_id ORDER BY l.lang_level asc,n.news_id desc LIMIT 0,10   [ RunTime:0.0071s ]
INFO: [ view_parse ] --START--
INFO: [ template_filter ] --START--
INFO: Run Behavior\ContentReplaceBehavior [ RunTime:0.000147s ]
INFO: [ template_filter ] --END-- [ RunTime:0.000217s ]
INFO: Run Behavior\ParseTemplateBehavior [ RunTime:0.019168s ]
INFO: [ view_parse ] --END-- [ RunTime:0.019253s ]
INFO: [ view_filter ] --START--
INFO: Run Behavior\WriteHtmlCacheBehavior [ RunTime:0.000149s ]
INFO: [ view_filter ] --END-- [ RunTime:0.000194s ]
INFO: [ app_end ] --START--
INFO: Run Behavior\ShowPageTraceBehavior [ RunTime:0.000447s ]
INFO: [ app_end ] --END-- [ RunTime:0.000495s ]

[ 2016-12-22T16:37:56+08:00 ] ::1 /xinxing/index.php/Home/About/
INFO: [ app_init ] --START--
INFO: Run Behavior\BuildLiteBehavior [ RunTime:0.000016s ]
INFO: [ app_init ] --END-- [ RunTime:0.000312s ]
INFO: [ app_begin ] --START--
INFO: Run Behavior\ReadHtmlCacheBehavior [ RunTime:0.000399s ]
INFO: Run Behavior\CheckLangBehavior [ RunTime:0.000449s ]
INFO: [ app_begin ] --END-- [ RunTime:0.000931s ]
SQL: SHOW COLUMNS FROM `trade_news` [ RunTime:0.0083s ]
SQL: SELECT * FROM `trade_news` WHERE ( language="cn" )  [ RunTime:0.0148s ]
SQL: SELECT COUNT(*) AS tp_count FROM trade_news n left join trade_lang l ON l.lang_code = n.language  WHERE ( n.deleted=0 and news_type=1 ) GROUP BY n.group_id LIMIT 1   [ RunTime:0.0056s ]
SQL: SELECT n.news_id,n.news_title,n.create_time,l.lang_name,n.group_id FROM trade_news n left join trade_lang l ON l.lang_code = n.language  WHERE ( n.deleted=0 and news_type=1 ) GROUP BY n.group_id ORDER BY l.lang_level asc,n.news_id desc LIMIT 0,10   [ RunTime:0.0057s ]
INFO: [ view_parse ] --START--
INFO: [ template_filter ] --START--
INFO: Run Behavior\ContentReplaceBehavior [ RunTime:0.000105s ]
INFO: [ template_filter ] --END-- [ RunTime:0.000163s ]
INFO: Run Behavior\ParseTemplateBehavior [ RunTime:0.020009s ]
INFO: [ view_parse ] --END-- [ RunTime:0.020075s ]
INFO: [ view_filter ] --START--
INFO: Run Behavior\WriteHtmlCacheBehavior [ RunTime:0.000138s ]
INFO: [ view_filter ] --END-- [ RunTime:0.000191s ]
INFO: [ app_end ] --START--
INFO: Run Behavior\ShowPageTraceBehavior [ RunTime:0.000510s ]
INFO: [ app_end ] --END-- [ RunTime:0.000579s ]

[ 2016-12-22T16:37:58+08:00 ] ::1 /xinxing/index.php/Home/About/
INFO: [ app_init ] --START--
INFO: Run Behavior\BuildLiteBehavior [ RunTime:0.000016s ]
INFO: [ app_init ] --END-- [ RunTime:0.000360s ]
INFO: [ app_begin ] --START--
INFO: Run Behavior\ReadHtmlCacheBehavior [ RunTime:0.000482s ]
INFO: Run Behavior\CheckLangBehavior [ RunTime:0.000501s ]
INFO: [ app_begin ] --END-- [ RunTime:0.001092s ]
SQL: SHOW COLUMNS FROM `trade_news` [ RunTime:0.0063s ]
SQL: SELECT * FROM `trade_news` WHERE ( language="cn" )  [ RunTime:0.0059s ]
SQL: SELECT COUNT(*) AS tp_count FROM trade_news n left join trade_lang l ON l.lang_code = n.language  WHERE ( n.deleted=0 and news_type=1 ) GROUP BY n.group_id LIMIT 1   [ RunTime:0.0056s ]
SQL: SELECT n.news_id,n.news_title,n.create_time,l.lang_name,n.group_id FROM trade_news n left join trade_lang l ON l.lang_code = n.language  WHERE ( n.deleted=0 and news_type=1 ) GROUP BY n.group_id ORDER BY l.lang_level asc,n.news_id desc LIMIT 0,10   [ RunTime:0.0062s ]
INFO: [ view_parse ] --START--
INFO: [ template_filter ] --START--
INFO: Run Behavior\ContentReplaceBehavior [ RunTime:0.000119s ]
INFO: [ template_filter ] --END-- [ RunTime:0.000194s ]
INFO: Run Behavior\ParseTemplateBehavior [ RunTime:0.020479s ]
INFO: [ view_parse ] --END-- [ RunTime:0.020557s ]
INFO: [ view_filter ] --START--
INFO: Run Behavior\WriteHtmlCacheBehavior [ RunTime:0.000204s ]
INFO: [ view_filter ] --END-- [ RunTime:0.000251s ]
INFO: [ app_end ] --START--
INFO: Run Behavior\ShowPageTraceBehavior [ RunTime:0.000481s ]
INFO: [ app_end ] --END-- [ RunTime:0.000530s ]

[ 2016-12-22T16:38:26+08:00 ] ::1 /xinxing/index.php/Home/About/
INFO: [ app_init ] --START--
INFO: Run Behavior\BuildLiteBehavior [ RunTime:0.000013s ]
INFO: [ app_init ] --END-- [ RunTime:0.000309s ]
INFO: [ app_begin ] --START--
INFO: Run Behavior\ReadHtmlCacheBehavior [ RunTime:0.000399s ]
INFO: Run Behavior\CheckLangBehavior [ RunTime:0.000450s ]
INFO: [ app_begin ] --END-- [ RunTime:0.000934s ]
SQL: SHOW COLUMNS FROM `trade_news` [ RunTime:0.0126s ]
SQL: SELECT * FROM `trade_news` WHERE ( language="cn" )  [ RunTime:0.0436s ]
SQL: SELECT COUNT(*) AS tp_count FROM trade_news n left join trade_lang l ON l.lang_code = n.language  WHERE ( n.deleted=0 and news_type=1 ) GROUP BY n.group_id LIMIT 1   [ RunTime:0.0074s ]
SQL: SELECT n.news_id,n.news_title,n.create_time,l.lang_name,n.group_id FROM trade_news n left join trade_lang l ON l.lang_code = n.language  WHERE ( n.deleted=0 and news_type=1 ) GROUP BY n.group_id ORDER BY l.lang_level asc,n.news_id desc LIMIT 0,10   [ RunTime:0.0108s ]
INFO: [ view_parse ] --START--
INFO: [ template_filter ] --START--
INFO: Run Behavior\ContentReplaceBehavior [ RunTime:0.000108s ]
INFO: [ template_filter ] --END-- [ RunTime:0.000169s ]
INFO: Run Behavior\ParseTemplateBehavior [ RunTime:0.019352s ]
INFO: [ view_parse ] --END-- [ RunTime:0.019431s ]
INFO: [ view_filter ] --START--
INFO: Run Behavior\WriteHtmlCacheBehavior [ RunTime:0.000173s ]
INFO: [ view_filter ] --END-- [ RunTime:0.000226s ]
INFO: [ app_end ] --START--
INFO: Run Behavior\ShowPageTraceBehavior [ RunTime:0.000582s ]
INFO: [ app_end ] --END-- [ RunTime:0.000650s ]

[ 2016-12-22T16:38:27+08:00 ] ::1 /xinxing/index.php/Home/About/
INFO: [ app_init ] --START--
INFO: Run Behavior\BuildLiteBehavior [ RunTime:0.000023s ]
INFO: [ app_init ] --END-- [ RunTime:0.000400s ]
INFO: [ app_begin ] --START--
INFO: Run Behavior\ReadHtmlCacheBehavior [ RunTime:0.000480s ]
INFO: Run Behavior\CheckLangBehavior [ RunTime:0.000608s ]
INFO: [ app_begin ] --END-- [ RunTime:0.001223s ]
SQL: SHOW COLUMNS FROM `trade_news` [ RunTime:0.0096s ]
SQL: SELECT * FROM `trade_news` WHERE ( language="cn" )  [ RunTime:0.0086s ]
SQL: SELECT COUNT(*) AS tp_count FROM trade_news n left join trade_lang l ON l.lang_code = n.language  WHERE ( n.deleted=0 and news_type=1 ) GROUP BY n.group_id LIMIT 1   [ RunTime:0.0079s ]
SQL: SELECT n.news_id,n.news_title,n.create_time,l.lang_name,n.group_id FROM trade_news n left join trade_lang l ON l.lang_code = n.language  WHERE ( n.deleted=0 and news_type=1 ) GROUP BY n.group_id ORDER BY l.lang_level asc,n.news_id desc LIMIT 0,10   [ RunTime:0.0083s ]
INFO: [ view_parse ] --START--
INFO: [ template_filter ] --START--
INFO: Run Behavior\ContentReplaceBehavior [ RunTime:0.000109s ]
INFO: [ template_filter ] --END-- [ RunTime:0.000187s ]
INFO: Run Behavior\ParseTemplateBehavior [ RunTime:0.020793s ]
INFO: [ view_parse ] --END-- [ RunTime:0.020862s ]
INFO: [ view_filter ] --START--
INFO: Run Behavior\WriteHtmlCacheBehavior [ RunTime:0.000135s ]
INFO: [ view_filter ] --END-- [ RunTime:0.000177s ]
INFO: [ app_end ] --START--
INFO: Run Behavior\ShowPageTraceBehavior [ RunTime:0.000520s ]
INFO: [ app_end ] --END-- [ RunTime:0.000577s ]

[ 2016-12-22T16:38:28+08:00 ] ::1 /xinxing/index.php/Home/About/
INFO: [ app_init ] --START--
INFO: Run Behavior\BuildLiteBehavior [ RunTime:0.000014s ]
INFO: [ app_init ] --END-- [ RunTime:0.000338s ]
INFO: [ app_begin ] --START--
INFO: Run Behavior\ReadHtmlCacheBehavior [ RunTime:0.000462s ]
INFO: Run Behavior\CheckLangBehavior [ RunTime:0.000495s ]
INFO: [ app_begin ] --END-- [ RunTime:0.001047s ]
SQL: SHOW COLUMNS FROM `trade_news` [ RunTime:0.0101s ]
SQL: SELECT * FROM `trade_news` WHERE ( language="cn" )  [ RunTime:0.0362s ]
SQL: SELECT COUNT(*) AS tp_count FROM trade_news n left join trade_lang l ON l.lang_code = n.language  WHERE ( n.deleted=0 and news_type=1 ) GROUP BY n.group_id LIMIT 1   [ RunTime:0.0071s ]
SQL: SELECT n.news_id,n.news_title,n.create_time,l.lang_name,n.group_id FROM trade_news n left join trade_lang l ON l.lang_code = n.language  WHERE ( n.deleted=0 and news_type=1 ) GROUP BY n.group_id ORDER BY l.lang_level asc,n.news_id desc LIMIT 0,10   [ RunTime:0.0077s ]
INFO: [ view_parse ] --START--
INFO: [ template_filter ] --START--
INFO: Run Behavior\ContentReplaceBehavior [ RunTime:0.000113s ]
INFO: [ template_filter ] --END-- [ RunTime:0.000187s ]
INFO: Run Behavior\ParseTemplateBehavior [ RunTime:0.021473s ]
INFO: [ view_parse ] --END-- [ RunTime:0.021554s ]
INFO: [ view_filter ] --START--
INFO: Run Behavior\WriteHtmlCacheBehavior [ RunTime:0.000168s ]
INFO: [ view_filter ] --END-- [ RunTime:0.000213s ]
INFO: [ app_end ] --START--
INFO: Run Behavior\ShowPageTraceBehavior [ RunTime:0.000475s ]
INFO: [ app_end ] --END-- [ RunTime:0.000523s ]

[ 2016-12-22T16:39:06+08:00 ] ::1 /xinxing/index.php/Home/About/
INFO: [ app_init ] --START--
INFO: Run Behavior\BuildLiteBehavior [ RunTime:0.000016s ]
INFO: [ app_init ] --END-- [ RunTime:0.000636s ]
INFO: [ app_begin ] --START--
INFO: Run Behavior\ReadHtmlCacheBehavior [ RunTime:0.000489s ]
INFO: Run Behavior\CheckLangBehavior [ RunTime:0.000539s ]
INFO: [ app_begin ] --END-- [ RunTime:0.001127s ]
SQL: SHOW COLUMNS FROM `trade_news` [ RunTime:0.0075s ]
SQL: SELECT * FROM `trade_news` WHERE ( language="cn" )  [ RunTime:0.0066s ]
SQL: SELECT COUNT(*) AS tp_count FROM trade_news n left join trade_lang l ON l.lang_code = n.language  WHERE ( n.deleted=0 and news_type=1 ) GROUP BY n.group_id LIMIT 1   [ RunTime:0.0074s ]
SQL: SELECT n.news_id,n.news_title,n.create_time,l.lang_name,n.group_id FROM trade_news n left join trade_lang l ON l.lang_code = n.language  WHERE ( n.deleted=0 and news_type=1 ) GROUP BY n.group_id ORDER BY l.lang_level asc,n.news_id desc LIMIT 0,10   [ RunTime:0.0107s ]
INFO: [ view_parse ] --START--
INFO: [ template_filter ] --START--
INFO: Run Behavior\ContentReplaceBehavior [ RunTime:0.000105s ]
INFO: [ template_filter ] --END-- [ RunTime:0.000173s ]
INFO: Run Behavior\ParseTemplateBehavior [ RunTime:0.022717s ]
INFO: [ view_parse ] --END-- [ RunTime:0.022801s ]
INFO: [ view_filter ] --START--
INFO: Run Behavior\WriteHtmlCacheBehavior [ RunTime:0.000172s ]
INFO: [ view_filter ] --END-- [ RunTime:0.000224s ]
INFO: [ app_end ] --START--
INFO: Run Behavior\ShowPageTraceBehavior [ RunTime:0.000552s ]
INFO: [ app_end ] --END-- [ RunTime:0.000610s ]

[ 2016-12-22T16:39:08+08:00 ] ::1 /xinxing/index.php/Home/About/
INFO: [ app_init ] --START--
INFO: Run Behavior\BuildLiteBehavior [ RunTime:0.000012s ]
INFO: [ app_init ] --END-- [ RunTime:0.000295s ]
INFO: [ app_begin ] --START--
INFO: Run Behavior\ReadHtmlCacheBehavior [ RunTime:0.000462s ]
INFO: Run Behavior\CheckLangBehavior [ RunTime:0.000444s ]
INFO: [ app_begin ] --END-- [ RunTime:0.001002s ]
SQL: SHOW COLUMNS FROM `trade_news` [ RunTime:0.0059s ]
SQL: SELECT * FROM `trade_news` WHERE ( language="cn" )  [ RunTime:0.0066s ]
SQL: SELECT COUNT(*) AS tp_count FROM trade_news n left join trade_lang l ON l.lang_code = n.language  WHERE ( n.deleted=0 and news_type=1 ) GROUP BY n.group_id LIMIT 1   [ RunTime:0.0064s ]
SQL: SELECT n.news_id,n.news_title,n.create_time,l.lang_name,n.group_id FROM trade_news n left join trade_lang l ON l.lang_code = n.language  WHERE ( n.deleted=0 and news_type=1 ) GROUP BY n.group_id ORDER BY l.lang_level asc,n.news_id desc LIMIT 0,10   [ RunTime:0.0085s ]
INFO: [ view_parse ] --START--
INFO: [ template_filter ] --START--
INFO: Run Behavior\ContentReplaceBehavior [ RunTime:0.000115s ]
INFO: [ template_filter ] --END-- [ RunTime:0.000188s ]
INFO: Run Behavior\ParseTemplateBehavior [ RunTime:0.021755s ]
INFO: [ view_parse ] --END-- [ RunTime:0.021826s ]
INFO: [ view_filter ] --START--
INFO: Run Behavior\WriteHtmlCacheBehavior [ RunTime:0.000147s ]
INFO: [ view_filter ] --END-- [ RunTime:0.000189s ]
INFO: [ app_end ] --START--
INFO: Run Behavior\ShowPageTraceBehavior [ RunTime:0.000552s ]
INFO: [ app_end ] --END-- [ RunTime:0.000629s ]

[ 2016-12-22T16:39:09+08:00 ] ::1 /xinxing/index.php/Home/About/
INFO: [ app_init ] --START--
INFO: Run Behavior\BuildLiteBehavior [ RunTime:0.000013s ]
INFO: [ app_init ] --END-- [ RunTime:0.000305s ]
INFO: [ app_begin ] --START--
INFO: Run Behavior\ReadHtmlCacheBehavior [ RunTime:0.000397s ]
INFO: Run Behavior\CheckLangBehavior [ RunTime:0.000446s ]
INFO: [ app_begin ] --END-- [ RunTime:0.000926s ]
SQL: SHOW COLUMNS FROM `trade_news` [ RunTime:0.0112s ]
SQL: SELECT * FROM `trade_news` WHERE ( language="cn" )  [ RunTime:0.0130s ]
SQL: SELECT COUNT(*) AS tp_count FROM trade_news n left join trade_lang l ON l.lang_code = n.language  WHERE ( n.deleted=0 and news_type=1 ) GROUP BY n.group_id LIMIT 1   [ RunTime:0.0134s ]
SQL: SELECT n.news_id,n.news_title,n.create_time,l.lang_name,n.group_id FROM trade_news n left join trade_lang l ON l.lang_code = n.language  WHERE ( n.deleted=0 and news_type=1 ) GROUP BY n.group_id ORDER BY l.lang_level asc,n.news_id desc LIMIT 0,10   [ RunTime:0.0066s ]
INFO: [ view_parse ] --START--
INFO: [ template_filter ] --START--
INFO: Run Behavior\ContentReplaceBehavior [ RunTime:0.000100s ]
INFO: [ template_filter ] --END-- [ RunTime:0.000154s ]
INFO: Run Behavior\ParseTemplateBehavior [ RunTime:0.019978s ]
INFO: [ view_parse ] --END-- [ RunTime:0.020069s ]
INFO: [ view_filter ] --START--
INFO: Run Behavior\WriteHtmlCacheBehavior [ RunTime:0.000132s ]
INFO: [ view_filter ] --END-- [ RunTime:0.000182s ]
INFO: [ app_end ] --START--
INFO: Run Behavior\ShowPageTraceBehavior [ RunTime:0.000523s ]
INFO: [ app_end ] --END-- [ RunTime:0.000581s ]

[ 2016-12-22T16:39:17+08:00 ] ::1 /xinxing/index.php/Home/About/index
INFO: [ app_init ] --START--
INFO: Run Behavior\BuildLiteBehavior [ RunTime:0.000015s ]
INFO: [ app_init ] --END-- [ RunTime:0.000346s ]
INFO: [ app_begin ] --START--
INFO: Run Behavior\ReadHtmlCacheBehavior [ RunTime:0.000402s ]
INFO: Run Behavior\CheckLangBehavior [ RunTime:0.000629s ]
INFO: [ app_begin ] --END-- [ RunTime:0.001157s ]
SQL: SHOW COLUMNS FROM `trade_news` [ RunTime:0.0167s ]
SQL: SELECT * FROM `trade_news` WHERE ( language="cn" )  [ RunTime:0.0367s ]
SQL: SELECT COUNT(*) AS tp_count FROM trade_news n left join trade_lang l ON l.lang_code = n.language  WHERE ( n.deleted=0 and news_type=1 ) GROUP BY n.group_id LIMIT 1   [ RunTime:0.0077s ]
SQL: SELECT n.news_id,n.news_title,n.create_time,l.lang_name,n.group_id FROM trade_news n left join trade_lang l ON l.lang_code = n.language  WHERE ( n.deleted=0 and news_type=1 ) GROUP BY n.group_id ORDER BY l.lang_level asc,n.news_id desc LIMIT 0,10   [ RunTime:0.0094s ]
INFO: [ view_parse ] --START--
INFO: [ template_filter ] --START--
INFO: Run Behavior\ContentReplaceBehavior [ RunTime:0.000109s ]
INFO: [ template_filter ] --END-- [ RunTime:0.000180s ]
INFO: Run Behavior\ParseTemplateBehavior [ RunTime:0.019492s ]
INFO: [ view_parse ] --END-- [ RunTime:0.019558s ]
INFO: [ view_filter ] --START--
INFO: Run Behavior\WriteHtmlCacheBehavior [ RunTime:0.000170s ]
INFO: [ view_filter ] --END-- [ RunTime:0.000213s ]
INFO: [ app_end ] --START--
INFO: Run Behavior\ShowPageTraceBehavior [ RunTime:0.000497s ]
INFO: [ app_end ] --END-- [ RunTime:0.000548s ]

[ 2016-12-22T16:40:06+08:00 ] ::1 /xinxing/index.php/Home/About/index
INFO: [ app_init ] --START--
INFO: Run Behavior\BuildLiteBehavior [ RunTime:0.000013s ]
INFO: [ app_init ] --END-- [ RunTime:0.000305s ]
INFO: [ app_begin ] --START--
INFO: Run Behavior\ReadHtmlCacheBehavior [ RunTime:0.000390s ]
INFO: Run Behavior\CheckLangBehavior [ RunTime:0.000464s ]
INFO: [ app_begin ] --END-- [ RunTime:0.000948s ]
SQL: SHOW COLUMNS FROM `trade_news` [ RunTime:0.0065s ]
SQL: SELECT * FROM `trade_news` WHERE ( language="cn" )  [ RunTime:0.0071s ]
SQL: SELECT COUNT(*) AS tp_count FROM trade_news n left join trade_lang l ON l.lang_code = n.language  WHERE ( n.deleted=0 and news_type=1 ) GROUP BY n.group_id LIMIT 1   [ RunTime:0.0060s ]
SQL: SELECT n.news_id,n.news_title,n.create_time,l.lang_name,n.group_id FROM trade_news n left join trade_lang l ON l.lang_code = n.language  WHERE ( n.deleted=0 and news_type=1 ) GROUP BY n.group_id ORDER BY l.lang_level asc,n.news_id desc LIMIT 0,10   [ RunTime:0.0049s ]
INFO: [ view_parse ] --START--
INFO: [ template_filter ] --START--
INFO: Run Behavior\ContentReplaceBehavior [ RunTime:0.000112s ]
INFO: [ template_filter ] --END-- [ RunTime:0.000187s ]
INFO: Run Behavior\ParseTemplateBehavior [ RunTime:0.018357s ]
INFO: [ view_parse ] --END-- [ RunTime:0.018424s ]
INFO: [ view_filter ] --START--
INFO: Run Behavior\WriteHtmlCacheBehavior [ RunTime:0.000180s ]
INFO: [ view_filter ] --END-- [ RunTime:0.000225s ]
INFO: [ app_end ] --START--
INFO: Run Behavior\ShowPageTraceBehavior [ RunTime:0.000528s ]
INFO: [ app_end ] --END-- [ RunTime:0.000581s ]

[ 2016-12-22T16:40:12+08:00 ] ::1 /xinxing/index.php/Home/About/index
INFO: [ app_init ] --START--
INFO: Run Behavior\BuildLiteBehavior [ RunTime:0.000018s ]
INFO: [ app_init ] --END-- [ RunTime:0.000433s ]
INFO: [ app_begin ] --START--
INFO: Run Behavior\ReadHtmlCacheBehavior [ RunTime:0.000680s ]
INFO: Run Behavior\CheckLangBehavior [ RunTime:0.000717s ]
INFO: [ app_begin ] --END-- [ RunTime:0.001539s ]
SQL: SHOW COLUMNS FROM `trade_news` [ RunTime:0.0091s ]
SQL: SELECT * FROM `trade_news` WHERE ( language="cn" )  [ RunTime:0.0060s ]
SQL: SELECT COUNT(*) AS tp_count FROM trade_news n left join trade_lang l ON l.lang_code = n.language  WHERE ( n.deleted=0 and news_type=1 ) GROUP BY n.group_id LIMIT 1   [ RunTime:0.0057s ]
SQL: SELECT n.news_id,n.news_title,n.create_time,l.lang_name,n.group_id FROM trade_news n left join trade_lang l ON l.lang_code = n.language  WHERE ( n.deleted=0 and news_type=1 ) GROUP BY n.group_id ORDER BY l.lang_level asc,n.news_id desc LIMIT 0,10   [ RunTime:0.0062s ]
INFO: [ view_parse ] --START--
INFO: [ template_filter ] --START--
INFO: Run Behavior\ContentReplaceBehavior [ RunTime:0.000122s ]
INFO: [ template_filter ] --END-- [ RunTime:0.000191s ]
INFO: Run Behavior\ParseTemplateBehavior [ RunTime:0.019655s ]
INFO: [ view_parse ] --END-- [ RunTime:0.019722s ]
INFO: [ view_filter ] --START--
INFO: Run Behavior\WriteHtmlCacheBehavior [ RunTime:0.000251s ]
INFO: [ view_filter ] --END-- [ RunTime:0.000304s ]
INFO: [ app_end ] --START--
INFO: Run Behavior\ShowPageTraceBehavior [ RunTime:0.000493s ]
INFO: [ app_end ] --END-- [ RunTime:0.000548s ]

[ 2016-12-22T16:40:14+08:00 ] ::1 /xinxing/index.php/Home/About/index
INFO: [ app_init ] --START--
INFO: Run Behavior\BuildLiteBehavior [ RunTime:0.000014s ]
INFO: [ app_init ] --END-- [ RunTime:0.000386s ]
INFO: [ app_begin ] --START--
INFO: Run Behavior\ReadHtmlCacheBehavior [ RunTime:0.000738s ]
INFO: Run Behavior\CheckLangBehavior [ RunTime:0.000572s ]
INFO: [ app_begin ] --END-- [ RunTime:0.001480s ]
SQL: SHOW COLUMNS FROM `trade_news` [ RunTime:0.0072s ]
SQL: SELECT * FROM `trade_news` WHERE ( language="cn" )  [ RunTime:0.0072s ]
SQL: SELECT COUNT(*) AS tp_count FROM trade_news n left join trade_lang l ON l.lang_code = n.language  WHERE ( n.deleted=0 and news_type=1 ) GROUP BY n.group_id LIMIT 1   [ RunTime:0.0063s ]
SQL: SELECT n.news_id,n.news_title,n.create_time,l.lang_name,n.group_id FROM trade_news n left join trade_lang l ON l.lang_code = n.language  WHERE ( n.deleted=0 and news_type=1 ) GROUP BY n.group_id ORDER BY l.lang_level asc,n.news_id desc LIMIT 0,10   [ RunTime:0.0049s ]
INFO: [ view_parse ] --START--
INFO: [ template_filter ] --START--
INFO: Run Behavior\ContentReplaceBehavior [ RunTime:0.000106s ]
INFO: [ template_filter ] --END-- [ RunTime:0.000166s ]
INFO: Run Behavior\ParseTemplateBehavior [ RunTime:0.019637s ]
INFO: [ view_parse ] --END-- [ RunTime:0.019712s ]
INFO: [ view_filter ] --START--
INFO: Run Behavior\WriteHtmlCacheBehavior [ RunTime:0.000214s ]
INFO: [ view_filter ] --END-- [ RunTime:0.000279s ]
INFO: [ app_end ] --START--
INFO: Run Behavior\ShowPageTraceBehavior [ RunTime:0.000934s ]
INFO: [ app_end ] --END-- [ RunTime:0.001036s ]

[ 2016-12-22T16:40:15+08:00 ] ::1 /xinxing/index.php/Home/About/index
INFO: [ app_init ] --START--
INFO: Run Behavior\BuildLiteBehavior [ RunTime:0.000015s ]
INFO: [ app_init ] --END-- [ RunTime:0.000359s ]
INFO: [ app_begin ] --START--
INFO: Run Behavior\ReadHtmlCacheBehavior [ RunTime:0.000691s ]
INFO: Run Behavior\CheckLangBehavior [ RunTime:0.000714s ]
INFO: [ app_begin ] --END-- [ RunTime:0.001532s ]
SQL: SHOW COLUMNS FROM `trade_news` [ RunTime:0.0060s ]
SQL: SELECT * FROM `trade_news` WHERE ( language="cn" )  [ RunTime:0.0051s ]
SQL: SELECT COUNT(*) AS tp_count FROM trade_news n left join trade_lang l ON l.lang_code = n.language  WHERE ( n.deleted=0 and news_type=1 ) GROUP BY n.group_id LIMIT 1   [ RunTime:0.0037s ]
SQL: SELECT n.news_id,n.news_title,n.create_time,l.lang_name,n.group_id FROM trade_news n left join trade_lang l ON l.lang_code = n.language  WHERE ( n.deleted=0 and news_type=1 ) GROUP BY n.group_id ORDER BY l.lang_level asc,n.news_id desc LIMIT 0,10   [ RunTime:0.0043s ]
INFO: [ view_parse ] --START--
INFO: [ template_filter ] --START--
INFO: Run Behavior\ContentReplaceBehavior [ RunTime:0.000142s ]
INFO: [ template_filter ] --END-- [ RunTime:0.000207s ]
INFO: Run Behavior\ParseTemplateBehavior [ RunTime:0.019652s ]
INFO: [ view_parse ] --END-- [ RunTime:0.019720s ]
INFO: [ view_filter ] --START--
INFO: Run Behavior\WriteHtmlCacheBehavior [ RunTime:0.000153s ]
INFO: [ view_filter ] --END-- [ RunTime:0.000195s ]
INFO: [ app_end ] --START--
INFO: Run Behavior\ShowPageTraceBehavior [ RunTime:0.000519s ]
INFO: [ app_end ] --END-- [ RunTime:0.000587s ]

[ 2016-12-22T16:40:20+08:00 ] ::1 /xinxing/index.php/Home/About/index
INFO: [ app_init ] --START--
INFO: Run Behavior\BuildLiteBehavior [ RunTime:0.000014s ]
INFO: [ app_init ] --END-- [ RunTime:0.000337s ]
INFO: [ app_begin ] --START--
INFO: Run Behavior\ReadHtmlCacheBehavior [ RunTime:0.000517s ]
INFO: Run Behavior\CheckLangBehavior [ RunTime:0.000581s ]
INFO: [ app_begin ] --END-- [ RunTime:0.001224s ]
SQL: SHOW COLUMNS FROM `trade_news` [ RunTime:0.0091s ]
SQL: SELECT * FROM `trade_news` WHERE ( language="cn" )  [ RunTime:0.0046s ]
SQL: SELECT COUNT(*) AS tp_count FROM trade_news n left join trade_lang l ON l.lang_code = n.language  WHERE ( n.deleted=0 and news_type=1 ) GROUP BY n.group_id LIMIT 1   [ RunTime:0.0066s ]
SQL: SELECT n.news_id,n.news_title,n.create_time,l.lang_name,n.group_id FROM trade_news n left join trade_lang l ON l.lang_code = n.language  WHERE ( n.deleted=0 and news_type=1 ) GROUP BY n.group_id ORDER BY l.lang_level asc,n.news_id desc LIMIT 0,10   [ RunTime:0.0055s ]
INFO: [ view_parse ] --START--
INFO: [ template_filter ] --START--
INFO: Run Behavior\ContentReplaceBehavior [ RunTime:0.000166s ]
INFO: [ template_filter ] --END-- [ RunTime:0.000242s ]
INFO: Run Behavior\ParseTemplateBehavior [ RunTime:0.020699s ]
INFO: [ view_parse ] --END-- [ RunTime:0.020769s ]
INFO: [ view_filter ] --START--
INFO: Run Behavior\WriteHtmlCacheBehavior [ RunTime:0.000136s ]
INFO: [ view_filter ] --END-- [ RunTime:0.000179s ]
INFO: [ app_end ] --START--
INFO: Run Behavior\ShowPageTraceBehavior [ RunTime:0.000643s ]
INFO: [ app_end ] --END-- [ RunTime:0.000713s ]

[ 2016-12-22T16:40:29+08:00 ] ::1 /xinxing/index.php/Home/About/index
INFO: [ app_init ] --START--
INFO: Run Behavior\BuildLiteBehavior [ RunTime:0.000026s ]
INFO: [ app_init ] --END-- [ RunTime:0.000610s ]
INFO: [ app_begin ] --START--
INFO: Run Behavior\ReadHtmlCacheBehavior [ RunTime:0.000552s ]
INFO: Run Behavior\CheckLangBehavior [ RunTime:0.000538s ]
INFO: [ app_begin ] --END-- [ RunTime:0.001199s ]
SQL: SHOW COLUMNS FROM `trade_news` [ RunTime:0.0073s ]
SQL: SELECT * FROM `trade_news` WHERE ( language="cn" )  [ RunTime:0.0067s ]
SQL: SELECT COUNT(*) AS tp_count FROM trade_news n left join trade_lang l ON l.lang_code = n.language  WHERE ( n.deleted=0 and news_type=1 ) GROUP BY n.group_id LIMIT 1   [ RunTime:0.0061s ]
SQL: SELECT n.news_id,n.news_title,n.create_time,l.lang_name,n.group_id FROM trade_news n left join trade_lang l ON l.lang_code = n.language  WHERE ( n.deleted=0 and news_type=1 ) GROUP BY n.group_id ORDER BY l.lang_level asc,n.news_id desc LIMIT 0,10   [ RunTime:0.0060s ]
INFO: [ view_parse ] --START--
INFO: [ template_filter ] --START--
INFO: Run Behavior\ContentReplaceBehavior [ RunTime:0.000128s ]
INFO: [ template_filter ] --END-- [ RunTime:0.000191s ]
INFO: Run Behavior\ParseTemplateBehavior [ RunTime:0.022189s ]
INFO: [ view_parse ] --END-- [ RunTime:0.022270s ]
INFO: [ view_filter ] --START--
INFO: Run Behavior\WriteHtmlCacheBehavior [ RunTime:0.000160s ]
INFO: [ view_filter ] --END-- [ RunTime:0.000206s ]
INFO: [ app_end ] --START--
INFO: Run Behavior\ShowPageTraceBehavior [ RunTime:0.000523s ]
INFO: [ app_end ] --END-- [ RunTime:0.000575s ]

[ 2016-12-22T16:40:44+08:00 ] ::1 /xinxing/index.php/Home/About/index
INFO: [ app_init ] --START--
INFO: Run Behavior\BuildLiteBehavior [ RunTime:0.000015s ]
INFO: [ app_init ] --END-- [ RunTime:0.000313s ]
INFO: [ app_begin ] --START--
INFO: Run Behavior\ReadHtmlCacheBehavior [ RunTime:0.000400s ]
INFO: Run Behavior\CheckLangBehavior [ RunTime:0.000443s ]
INFO: [ app_begin ] --END-- [ RunTime:0.000925s ]
SQL: SHOW COLUMNS FROM `trade_news` [ RunTime:0.0066s ]
SQL: SELECT * FROM `trade_news` WHERE ( language="cn" )  [ RunTime:0.0200s ]
SQL: SELECT COUNT(*) AS tp_count FROM trade_news n left join trade_lang l ON l.lang_code = n.language  WHERE ( n.deleted=0 and news_type=1 ) GROUP BY n.group_id LIMIT 1   [ RunTime:0.0052s ]
SQL: SELECT n.news_id,n.news_title,n.create_time,l.lang_name,n.group_id FROM trade_news n left join trade_lang l ON l.lang_code = n.language  WHERE ( n.deleted=0 and news_type=1 ) GROUP BY n.group_id ORDER BY l.lang_level asc,n.news_id desc LIMIT 0,10   [ RunTime:0.0058s ]
INFO: [ view_parse ] --START--
INFO: [ template_filter ] --START--
INFO: Run Behavior\ContentReplaceBehavior [ RunTime:0.000154s ]
INFO: [ template_filter ] --END-- [ RunTime:0.000249s ]
INFO: Run Behavior\ParseTemplateBehavior [ RunTime:0.023362s ]
INFO: [ view_parse ] --END-- [ RunTime:0.023442s ]
INFO: [ view_filter ] --START--
INFO: Run Behavior\WriteHtmlCacheBehavior [ RunTime:0.000231s ]
INFO: [ view_filter ] --END-- [ RunTime:0.000324s ]
INFO: [ app_end ] --START--
INFO: Run Behavior\ShowPageTraceBehavior [ RunTime:0.000640s ]
INFO: [ app_end ] --END-- [ RunTime:0.000789s ]

[ 2016-12-22T16:41:30+08:00 ] ::1 /xinxing/index.php/Home/About/index
INFO: [ app_init ] --START--
INFO: Run Behavior\BuildLiteBehavior [ RunTime:0.000016s ]
INFO: [ app_init ] --END-- [ RunTime:0.000459s ]
INFO: [ app_begin ] --START--
INFO: Run Behavior\ReadHtmlCacheBehavior [ RunTime:0.000418s ]
INFO: Run Behavior\CheckLangBehavior [ RunTime:0.000463s ]
INFO: [ app_begin ] --END-- [ RunTime:0.000966s ]
SQL: SHOW COLUMNS FROM `trade_news` [ RunTime:0.0108s ]
SQL: SELECT * FROM `trade_news` WHERE ( language="cn" )  [ RunTime:0.0070s ]
SQL: SELECT COUNT(*) AS tp_count FROM trade_news n left join trade_lang l ON l.lang_code = n.language  WHERE ( n.deleted=0 and news_type=1 ) GROUP BY n.group_id LIMIT 1   [ RunTime:0.0058s ]
SQL: SELECT n.news_id,n.news_title,n.create_time,l.lang_name,n.group_id FROM trade_news n left join trade_lang l ON l.lang_code = n.language  WHERE ( n.deleted=0 and news_type=1 ) GROUP BY n.group_id ORDER BY l.lang_level asc,n.news_id desc LIMIT 0,10   [ RunTime:0.0101s ]
INFO: [ view_parse ] --START--
INFO: [ template_filter ] --START--
INFO: Run Behavior\ContentReplaceBehavior [ RunTime:0.000112s ]
INFO: [ template_filter ] --END-- [ RunTime:0.000180s ]
INFO: Run Behavior\ParseTemplateBehavior [ RunTime:0.020263s ]
INFO: [ view_parse ] --END-- [ RunTime:0.020328s ]
INFO: [ view_filter ] --START--
INFO: Run Behavior\WriteHtmlCacheBehavior [ RunTime:0.000182s ]
INFO: [ view_filter ] --END-- [ RunTime:0.000233s ]
INFO: [ app_end ] --START--
INFO: Run Behavior\ShowPageTraceBehavior [ RunTime:0.000553s ]
INFO: [ app_end ] --END-- [ RunTime:0.000630s ]

[ 2016-12-22T16:42:25+08:00 ] ::1 /xinxing/index.php/Home/About/index
INFO: [ app_init ] --START--
INFO: Run Behavior\BuildLiteBehavior [ RunTime:0.000018s ]
INFO: [ app_init ] --END-- [ RunTime:0.000550s ]
INFO: [ app_begin ] --START--
INFO: Run Behavior\ReadHtmlCacheBehavior [ RunTime:0.000622s ]
INFO: Run Behavior\CheckLangBehavior [ RunTime:0.000792s ]
INFO: [ app_begin ] --END-- [ RunTime:0.001569s ]
SQL: SHOW COLUMNS FROM `trade_news` [ RunTime:0.0075s ]
SQL: SELECT * FROM `trade_news` WHERE ( language="cn" )  [ RunTime:0.0070s ]
SQL: SELECT COUNT(*) AS tp_count FROM trade_news n left join trade_lang l ON l.lang_code = n.language  WHERE ( n.deleted=0 and news_type=1 ) GROUP BY n.group_id LIMIT 1   [ RunTime:0.0077s ]
SQL: SELECT n.news_id,n.news_title,n.create_time,l.lang_name,n.group_id FROM trade_news n left join trade_lang l ON l.lang_code = n.language  WHERE ( n.deleted=0 and news_type=1 ) GROUP BY n.group_id ORDER BY l.lang_level asc,n.news_id desc LIMIT 0,10   [ RunTime:0.0062s ]
INFO: [ view_parse ] --START--
INFO: [ template_filter ] --START--
INFO: Run Behavior\ContentReplaceBehavior [ RunTime:0.000155s ]
INFO: [ template_filter ] --END-- [ RunTime:0.000278s ]
INFO: Run Behavior\ParseTemplateBehavior [ RunTime:0.025117s ]
INFO: [ view_parse ] --END-- [ RunTime:0.025219s ]
INFO: [ view_filter ] --START--
INFO: Run Behavior\WriteHtmlCacheBehavior [ RunTime:0.000276s ]
INFO: [ view_filter ] --END-- [ RunTime:0.000352s ]
INFO: [ app_end ] --START--
INFO: Run Behavior\ShowPageTraceBehavior [ RunTime:0.000711s ]
INFO: [ app_end ] --END-- [ RunTime:0.000790s ]

[ 2016-12-22T16:43:15+08:00 ] ::1 /xinxing/index.php/Home/About/index
INFO: [ app_init ] --START--
INFO: Run Behavior\BuildLiteBehavior [ RunTime:0.000013s ]
INFO: [ app_init ] --END-- [ RunTime:0.000330s ]
INFO: [ app_begin ] --START--
INFO: Run Behavior\ReadHtmlCacheBehavior [ RunTime:0.000429s ]
INFO: Run Behavior\CheckLangBehavior [ RunTime:0.000467s ]
INFO: [ app_begin ] --END-- [ RunTime:0.000981s ]
SQL: SHOW COLUMNS FROM `trade_news` [ RunTime:0.0224s ]
SQL: SELECT * FROM `trade_news` WHERE ( language="cn" )  [ RunTime:0.0044s ]
SQL: SELECT COUNT(*) AS tp_count FROM trade_news n left join trade_lang l ON l.lang_code = n.language  WHERE ( n.deleted=0 and news_type=1 ) GROUP BY n.group_id LIMIT 1   [ RunTime:0.0053s ]
SQL: SELECT n.news_id,n.news_title,n.create_time,l.lang_name,n.group_id FROM trade_news n left join trade_lang l ON l.lang_code = n.language  WHERE ( n.deleted=0 and news_type=1 ) GROUP BY n.group_id ORDER BY l.lang_level asc,n.news_id desc LIMIT 0,10   [ RunTime:0.0037s ]
INFO: [ view_parse ] --START--
INFO: [ template_filter ] --START--
INFO: Run Behavior\ContentReplaceBehavior [ RunTime:0.000149s ]
INFO: [ template_filter ] --END-- [ RunTime:0.000292s ]
INFO: Run Behavior\ParseTemplateBehavior [ RunTime:0.024968s ]
INFO: [ view_parse ] --END-- [ RunTime:0.025034s ]
INFO: [ view_filter ] --START--
INFO: Run Behavior\WriteHtmlCacheBehavior [ RunTime:0.000188s ]
INFO: [ view_filter ] --END-- [ RunTime:0.000237s ]
INFO: [ app_end ] --START--
INFO: Run Behavior\ShowPageTraceBehavior [ RunTime:0.000652s ]
INFO: [ app_end ] --END-- [ RunTime:0.000752s ]

[ 2016-12-22T16:46:30+08:00 ] ::1 /xinxing/index.php/Home/About/index
INFO: [ app_init ] --START--
INFO: Run Behavior\BuildLiteBehavior [ RunTime:0.000028s ]
INFO: [ app_init ] --END-- [ RunTime:0.000668s ]
INFO: [ app_begin ] --START--
INFO: Run Behavior\ReadHtmlCacheBehavior [ RunTime:0.000674s ]
INFO: Run Behavior\CheckLangBehavior [ RunTime:0.000846s ]
INFO: [ app_begin ] --END-- [ RunTime:0.001636s ]
SQL: SHOW COLUMNS FROM `trade_news` [ RunTime:0.0071s ]
SQL: SELECT * FROM `trade_news` WHERE ( language="cn" )  [ RunTime:0.0062s ]
SQL: SELECT COUNT(*) AS tp_count FROM trade_news n left join trade_lang l ON l.lang_code = n.language  WHERE ( n.deleted=0 and news_type=1 ) GROUP BY n.group_id LIMIT 1   [ RunTime:0.0047s ]
SQL: SELECT n.news_id,n.news_title,n.create_time,l.lang_name,n.group_id FROM trade_news n left join trade_lang l ON l.lang_code = n.language  WHERE ( n.deleted=0 and news_type=1 ) GROUP BY n.group_id ORDER BY l.lang_level asc,n.news_id desc LIMIT 0,10   [ RunTime:0.0075s ]

[ 2016-12-22T16:47:59+08:00 ] ::1 /xinxing/index.php/Home/About/index
INFO: [ app_init ] --START--
INFO: Run Behavior\BuildLiteBehavior [ RunTime:0.000015s ]
INFO: [ app_init ] --END-- [ RunTime:0.000364s ]
INFO: [ app_begin ] --START--
INFO: Run Behavior\ReadHtmlCacheBehavior [ RunTime:0.000571s ]
INFO: Run Behavior\CheckLangBehavior [ RunTime:0.000546s ]
INFO: [ app_begin ] --END-- [ RunTime:0.001224s ]
SQL: SHOW COLUMNS FROM `trade_news` [ RunTime:0.0053s ]
SQL: SELECT * FROM `trade_news` WHERE ( language="cn" )  [ RunTime:0.0068s ]
SQL: SELECT COUNT(*) AS tp_count FROM trade_news n WHERE ( n.deleted=0 and news_type=1 ) LIMIT 1   [ RunTime:0.0050s ]
SQL: SELECT n.news_id,n.news_title,n.create_time,n.language,n.group_id FROM trade_news n WHERE ( n.deleted=0 and news_type=1 ) ORDER BY n.create_time desc LIMIT 0,10   [ RunTime:0.0074s ]

[ 2016-12-22T16:49:23+08:00 ] ::1 /xinxing/index.php/Home/About/index
INFO: [ app_init ] --START--
INFO: Run Behavior\BuildLiteBehavior [ RunTime:0.000014s ]
INFO: [ app_init ] --END-- [ RunTime:0.000349s ]
INFO: [ app_begin ] --START--
INFO: Run Behavior\ReadHtmlCacheBehavior [ RunTime:0.000631s ]
INFO: Run Behavior\CheckLangBehavior [ RunTime:0.000625s ]
INFO: [ app_begin ] --END-- [ RunTime:0.001400s ]
SQL: SHOW COLUMNS FROM `trade_news` [ RunTime:0.0061s ]
SQL: SELECT COUNT(*) AS tp_count FROM trade_news n WHERE ( n.deleted=0 and news_type=1 ) LIMIT 1   [ RunTime:0.0056s ]
SQL: SELECT n.news_id,n.news_title,n.create_time,n.language,n.group_id FROM trade_news n WHERE ( n.deleted=0 and news_type=1 and language="cn" ) ORDER BY n.create_time desc LIMIT 0,10   [ RunTime:0.0064s ]

[ 2016-12-22T16:52:22+08:00 ] ::1 /xinxing/index.php/Home/About/index
INFO: [ app_init ] --START--
INFO: Run Behavior\BuildLiteBehavior [ RunTime:0.000016s ]
INFO: [ app_init ] --END-- [ RunTime:0.000665s ]
INFO: [ app_begin ] --START--
INFO: Run Behavior\ReadHtmlCacheBehavior [ RunTime:0.000615s ]
INFO: Run Behavior\CheckLangBehavior [ RunTime:0.000961s ]
INFO: [ app_begin ] --END-- [ RunTime:0.001700s ]
SQL: SHOW COLUMNS FROM `trade_news` [ RunTime:0.0055s ]
SQL: SELECT COUNT(*) AS tp_count FROM trade_news n WHERE ( n.deleted=0 and news_type=1 ) LIMIT 1   [ RunTime:0.0044s ]
SQL: SELECT n.news_id,n.news_title,n.create_time,n.language,n.group_id FROM trade_news n WHERE ( n.deleted=0 and news_type=1 and language="cn" ) ORDER BY n.create_time desc LIMIT 0,10   [ RunTime:0.0042s ]
INFO: [ view_parse ] --START--
INFO: [ template_filter ] --START--
INFO: Run Behavior\ContentReplaceBehavior [ RunTime:0.000110s ]
INFO: [ template_filter ] --END-- [ RunTime:0.000171s ]
NOTIC: [8] Undefined index: news_content /Volumes/work/htdocs/xinxing/Runtime/Cache/Home/3b9bb8f59aaa4d1691c827dd64ddfa9b.php 第 318 行.
NOTIC: [8] Undefined index: news_content /Volumes/work/htdocs/xinxing/Runtime/Cache/Home/3b9bb8f59aaa4d1691c827dd64ddfa9b.php 第 318 行.
NOTIC: [8] Undefined index: news_content /Volumes/work/htdocs/xinxing/Runtime/Cache/Home/3b9bb8f59aaa4d1691c827dd64ddfa9b.php 第 318 行.
NOTIC: [8] Undefined index: news_content /Volumes/work/htdocs/xinxing/Runtime/Cache/Home/3b9bb8f59aaa4d1691c827dd64ddfa9b.php 第 318 行.
NOTIC: [8] Undefined index: news_content /Volumes/work/htdocs/xinxing/Runtime/Cache/Home/3b9bb8f59aaa4d1691c827dd64ddfa9b.php 第 318 行.
NOTIC: [8] Undefined index: news_content /Volumes/work/htdocs/xinxing/Runtime/Cache/Home/3b9bb8f59aaa4d1691c827dd64ddfa9b.php 第 318 行.
NOTIC: [8] Undefined index: news_content /Volumes/work/htdocs/xinxing/Runtime/Cache/Home/3b9bb8f59aaa4d1691c827dd64ddfa9b.php 第 318 行.
INFO: Run Behavior\ParseTemplateBehavior [ RunTime:0.022408s ]
INFO: [ view_parse ] --END-- [ RunTime:0.022466s ]
INFO: [ view_filter ] --START--
INFO: Run Behavior\WriteHtmlCacheBehavior [ RunTime:0.000469s ]
INFO: [ view_filter ] --END-- [ RunTime:0.000559s ]
INFO: [ app_end ] --START--
INFO: Run Behavior\ShowPageTraceBehavior [ RunTime:0.000755s ]
INFO: [ app_end ] --END-- [ RunTime:0.000816s ]

[ 2016-12-22T16:52:29+08:00 ] ::1 /xinxing/index.php/Home/About/index
INFO: [ app_init ] --START--
INFO: Run Behavior\BuildLiteBehavior [ RunTime:0.000014s ]
INFO: [ app_init ] --END-- [ RunTime:0.000317s ]
INFO: [ app_begin ] --START--
INFO: Run Behavior\ReadHtmlCacheBehavior [ RunTime:0.000412s ]
INFO: Run Behavior\CheckLangBehavior [ RunTime:0.000468s ]
INFO: [ app_begin ] --END-- [ RunTime:0.000967s ]
SQL: SHOW COLUMNS FROM `trade_news` [ RunTime:0.0096s ]
SQL: SELECT COUNT(*) AS tp_count FROM trade_news n WHERE ( n.deleted=0 and news_type=1 ) LIMIT 1   [ RunTime:0.0054s ]
SQL: SELECT n.news_id,n.news_title,n.create_time,n.language,n.group_id FROM trade_news n WHERE ( n.deleted=0 and news_type=1 and language="cn" ) ORDER BY n.create_time desc LIMIT 0,10   [ RunTime:0.0055s ]
INFO: [ view_parse ] --START--
INFO: [ template_filter ] --START--
INFO: Run Behavior\ContentReplaceBehavior [ RunTime:0.000273s ]
INFO: [ template_filter ] --END-- [ RunTime:0.000409s ]
NOTIC: [8] Undefined index: news_content /Volumes/work/htdocs/xinxing/Runtime/Cache/Home/3b9bb8f59aaa4d1691c827dd64ddfa9b.php 第 318 行.
NOTIC: [8] Undefined index: news_content /Volumes/work/htdocs/xinxing/Runtime/Cache/Home/3b9bb8f59aaa4d1691c827dd64ddfa9b.php 第 318 行.
NOTIC: [8] Undefined index: news_content /Volumes/work/htdocs/xinxing/Runtime/Cache/Home/3b9bb8f59aaa4d1691c827dd64ddfa9b.php 第 318 行.
NOTIC: [8] Undefined index: news_content /Volumes/work/htdocs/xinxing/Runtime/Cache/Home/3b9bb8f59aaa4d1691c827dd64ddfa9b.php 第 318 行.
NOTIC: [8] Undefined index: news_content /Volumes/work/htdocs/xinxing/Runtime/Cache/Home/3b9bb8f59aaa4d1691c827dd64ddfa9b.php 第 318 行.
NOTIC: [8] Undefined index: news_content /Volumes/work/htdocs/xinxing/Runtime/Cache/Home/3b9bb8f59aaa4d1691c827dd64ddfa9b.php 第 318 行.
NOTIC: [8] Undefined index: news_content /Volumes/work/htdocs/xinxing/Runtime/Cache/Home/3b9bb8f59aaa4d1691c827dd64ddfa9b.php 第 318 行.
INFO: Run Behavior\ParseTemplateBehavior [ RunTime:0.021832s ]
INFO: [ view_parse ] --END-- [ RunTime:0.021886s ]
INFO: [ view_filter ] --START--
INFO: Run Behavior\WriteHtmlCacheBehavior [ RunTime:0.000148s ]
INFO: [ view_filter ] --END-- [ RunTime:0.000193s ]
INFO: [ app_end ] --START--
INFO: Run Behavior\ShowPageTraceBehavior [ RunTime:0.000578s ]
INFO: [ app_end ] --END-- [ RunTime:0.000635s ]

[ 2016-12-22T18:59:01+08:00 ] ::1 /xinxing/index.php/Home/About/index
INFO: [ app_init ] --START--
INFO: Run Behavior\BuildLiteBehavior [ RunTime:0.000022s ]
INFO: [ app_init ] --END-- [ RunTime:0.000448s ]
INFO: [ app_begin ] --START--
INFO: Run Behavior\ReadHtmlCacheBehavior [ RunTime:0.000494s ]
INFO: Run Behavior\CheckLangBehavior [ RunTime:0.001356s ]
INFO: [ app_begin ] --END-- [ RunTime:0.002012s ]
SQL: SHOW COLUMNS FROM `trade_news` [ RunTime:0.0059s ]
SQL: SELECT COUNT(*) AS tp_count FROM trade_news n WHERE ( n.deleted=0 and news_type=1 ) LIMIT 1   [ RunTime:0.0052s ]
SQL: SELECT n.news_id,n.news_title,n.create_time,n.language,n.group_id FROM trade_news n WHERE ( n.deleted=0 and news_type=1 and language="cn" ) ORDER BY n.create_time desc LIMIT 0,10   [ RunTime:0.0048s ]
INFO: [ view_parse ] --START--
INFO: [ template_filter ] --START--
INFO: Run Behavior\ContentReplaceBehavior [ RunTime:0.000141s ]
INFO: [ template_filter ] --END-- [ RunTime:0.000212s ]
NOTIC: [8] Undefined index: img /Volumes/work/htdocs/xinxing/Runtime/Cache/Home/3b9bb8f59aaa4d1691c827dd64ddfa9b.php 第 309 行.
NOTIC: [8] Undefined index: news_content /Volumes/work/htdocs/xinxing/Runtime/Cache/Home/3b9bb8f59aaa4d1691c827dd64ddfa9b.php 第 318 行.
NOTIC: [8] Undefined index: img /Volumes/work/htdocs/xinxing/Runtime/Cache/Home/3b9bb8f59aaa4d1691c827dd64ddfa9b.php 第 309 行.
NOTIC: [8] Undefined index: news_content /Volumes/work/htdocs/xinxing/Runtime/Cache/Home/3b9bb8f59aaa4d1691c827dd64ddfa9b.php 第 318 行.
NOTIC: [8] Undefined index: img /Volumes/work/htdocs/xinxing/Runtime/Cache/Home/3b9bb8f59aaa4d1691c827dd64ddfa9b.php 第 309 行.
NOTIC: [8] Undefined index: news_content /Volumes/work/htdocs/xinxing/Runtime/Cache/Home/3b9bb8f59aaa4d1691c827dd64ddfa9b.php 第 318 行.
NOTIC: [8] Undefined index: img /Volumes/work/htdocs/xinxing/Runtime/Cache/Home/3b9bb8f59aaa4d1691c827dd64ddfa9b.php 第 309 行.
NOTIC: [8] Undefined index: news_content /Volumes/work/htdocs/xinxing/Runtime/Cache/Home/3b9bb8f59aaa4d1691c827dd64ddfa9b.php 第 318 行.
NOTIC: [8] Undefined index: img /Volumes/work/htdocs/xinxing/Runtime/Cache/Home/3b9bb8f59aaa4d1691c827dd64ddfa9b.php 第 309 行.
NOTIC: [8] Undefined index: news_content /Volumes/work/htdocs/xinxing/Runtime/Cache/Home/3b9bb8f59aaa4d1691c827dd64ddfa9b.php 第 318 行.
NOTIC: [8] Undefined index: img /Volumes/work/htdocs/xinxing/Runtime/Cache/Home/3b9bb8f59aaa4d1691c827dd64ddfa9b.php 第 309 行.
NOTIC: [8] Undefined index: news_content /Volumes/work/htdocs/xinxing/Runtime/Cache/Home/3b9bb8f59aaa4d1691c827dd64ddfa9b.php 第 318 行.
NOTIC: [8] Undefined index: img /Volumes/work/htdocs/xinxing/Runtime/Cache/Home/3b9bb8f59aaa4d1691c827dd64ddfa9b.php 第 309 行.
NOTIC: [8] Undefined index: news_content /Volumes/work/htdocs/xinxing/Runtime/Cache/Home/3b9bb8f59aaa4d1691c827dd64ddfa9b.php 第 318 行.
NOTIC: [8] Undefined index: img /Volumes/work/htdocs/xinxing/Runtime/Cache/Home/3b9bb8f59aaa4d1691c827dd64ddfa9b.php 第 309 行.
NOTIC: [8] Undefined index: news_content /Volumes/work/htdocs/xinxing/Runtime/Cache/Home/3b9bb8f59aaa4d1691c827dd64ddfa9b.php 第 318 行.
INFO: Run Behavior\ParseTemplateBehavior [ RunTime:0.025674s ]
INFO: [ view_parse ] --END-- [ RunTime:0.025736s ]
INFO: [ view_filter ] --START--
INFO: Run Behavior\WriteHtmlCacheBehavior [ RunTime:0.000144s ]
INFO: [ view_filter ] --END-- [ RunTime:0.000186s ]
INFO: [ app_end ] --START--
INFO: Run Behavior\ShowPageTraceBehavior [ RunTime:0.000582s ]
INFO: [ app_end ] --END-- [ RunTime:0.000642s ]

[ 2016-12-22T18:59:20+08:00 ] ::1 /xinxing/index.php/Home/About/index
INFO: [ app_init ] --START--
INFO: Run Behavior\BuildLiteBehavior [ RunTime:0.000014s ]
INFO: [ app_init ] --END-- [ RunTime:0.000318s ]
INFO: [ app_begin ] --START--
INFO: Run Behavior\ReadHtmlCacheBehavior [ RunTime:0.000475s ]
INFO: Run Behavior\CheckLangBehavior [ RunTime:0.000590s ]
INFO: [ app_begin ] --END-- [ RunTime:0.001160s ]
SQL: SHOW COLUMNS FROM `trade_news` [ RunTime:0.0067s ]
SQL: SELECT COUNT(*) AS tp_count FROM trade_news n WHERE ( n.deleted=0 and news_type=1 ) LIMIT 1   [ RunTime:0.0046s ]
SQL: SELECT n.news_id,n.news_title,n.img,n.create_time,n.language,n.group_id FROM trade_news n WHERE ( n.deleted=0 and news_type=1 and language="cn" ) ORDER BY n.create_time desc LIMIT 0,10   [ RunTime:0.0069s ]
INFO: [ view_parse ] --START--
INFO: [ template_filter ] --START--
INFO: Run Behavior\ContentReplaceBehavior [ RunTime:0.000119s ]
INFO: [ template_filter ] --END-- [ RunTime:0.000200s ]
NOTIC: [8] Undefined index: news_content /Volumes/work/htdocs/xinxing/Runtime/Cache/Home/3b9bb8f59aaa4d1691c827dd64ddfa9b.php 第 318 行.
NOTIC: [8] Undefined index: news_content /Volumes/work/htdocs/xinxing/Runtime/Cache/Home/3b9bb8f59aaa4d1691c827dd64ddfa9b.php 第 318 行.
NOTIC: [8] Undefined index: news_content /Volumes/work/htdocs/xinxing/Runtime/Cache/Home/3b9bb8f59aaa4d1691c827dd64ddfa9b.php 第 318 行.
NOTIC: [8] Undefined index: news_content /Volumes/work/htdocs/xinxing/Runtime/Cache/Home/3b9bb8f59aaa4d1691c827dd64ddfa9b.php 第 318 行.
NOTIC: [8] Undefined index: news_content /Volumes/work/htdocs/xinxing/Runtime/Cache/Home/3b9bb8f59aaa4d1691c827dd64ddfa9b.php 第 318 行.
NOTIC: [8] Undefined index: news_content /Volumes/work/htdocs/xinxing/Runtime/Cache/Home/3b9bb8f59aaa4d1691c827dd64ddfa9b.php 第 318 行.
NOTIC: [8] Undefined index: news_content /Volumes/work/htdocs/xinxing/Runtime/Cache/Home/3b9bb8f59aaa4d1691c827dd64ddfa9b.php 第 318 行.
NOTIC: [8] Undefined index: news_content /Volumes/work/htdocs/xinxing/Runtime/Cache/Home/3b9bb8f59aaa4d1691c827dd64ddfa9b.php 第 318 行.
INFO: Run Behavior\ParseTemplateBehavior [ RunTime:0.024750s ]
INFO: [ view_parse ] --END-- [ RunTime:0.024840s ]
INFO: [ view_filter ] --START--
INFO: Run Behavior\WriteHtmlCacheBehavior [ RunTime:0.000229s ]
INFO: [ view_filter ] --END-- [ RunTime:0.000302s ]
INFO: [ app_end ] --START--
INFO: Run Behavior\ShowPageTraceBehavior [ RunTime:0.000667s ]
INFO: [ app_end ] --END-- [ RunTime:0.000766s ]

[ 2016-12-22T19:07:35+08:00 ] ::1 /xinxing/index.php/Home/About/intro.html
INFO: [ app_init ] --START--
INFO: Run Behavior\BuildLiteBehavior [ RunTime:0.000015s ]
INFO: [ app_init ] --END-- [ RunTime:0.000531s ]
INFO: [ app_begin ] --START--
INFO: Run Behavior\ReadHtmlCacheBehavior [ RunTime:0.000636s ]
INFO: Run Behavior\CheckLangBehavior [ RunTime:0.000845s ]
INFO: [ app_begin ] --END-- [ RunTime:0.001579s ]
SQL: SHOW COLUMNS FROM `trade_news` [ RunTime:0.0066s ]
SQL: SELECT * FROM `trade_news` WHERE ( group_id = 1 and language="cn" ) LIMIT 1   [ RunTime:0.0096s ]

[ 2016-12-22T19:08:19+08:00 ] ::1 /xinxing/index.php/Home/About/intro.html
INFO: [ app_init ] --START--
INFO: Run Behavior\BuildLiteBehavior [ RunTime:0.000014s ]
INFO: [ app_init ] --END-- [ RunTime:0.000322s ]
INFO: [ app_begin ] --START--
INFO: Run Behavior\ReadHtmlCacheBehavior [ RunTime:0.000411s ]
INFO: Run Behavior\CheckLangBehavior [ RunTime:0.000481s ]
INFO: [ app_begin ] --END-- [ RunTime:0.000978s ]
SQL: SHOW COLUMNS FROM `trade_news` [ RunTime:0.0068s ]
SQL: SELECT * FROM `trade_news` WHERE ( group_id = 1 and language="cn" ) LIMIT 1   [ RunTime:0.0068s ]
INFO: [ view_parse ] --START--
INFO: [ template_filter ] --START--
INFO: Run Behavior\ContentReplaceBehavior [ RunTime:0.000137s ]
INFO: [ template_filter ] --END-- [ RunTime:0.000250s ]
INFO: Run Behavior\ParseTemplateBehavior [ RunTime:0.023807s ]
INFO: [ view_parse ] --END-- [ RunTime:0.023895s ]
INFO: [ view_filter ] --START--
INFO: Run Behavior\WriteHtmlCacheBehavior [ RunTime:0.000294s ]
INFO: [ view_filter ] --END-- [ RunTime:0.000348s ]
INFO: [ app_end ] --START--
INFO: Run Behavior\ShowPageTraceBehavior [ RunTime:0.000999s ]
INFO: [ app_end ] --END-- [ RunTime:0.001085s ]

[ 2016-12-22T21:13:56+08:00 ] ::1 /xinxing/index.php
INFO: [ app_init ] --START--
INFO: Run Behavior\BuildLiteBehavior [ RunTime:0.000018s ]
INFO: [ app_init ] --END-- [ RunTime:0.000551s ]
INFO: [ app_begin ] --START--
INFO: Run Behavior\ReadHtmlCacheBehavior [ RunTime:0.000631s ]
INFO: Run Behavior\CheckLangBehavior [ RunTime:0.000867s ]
INFO: [ app_begin ] --END-- [ RunTime:0.001600s ]
INFO: [ view_parse ] --START--
INFO: [ template_filter ] --START--
INFO: Run Behavior\ContentReplaceBehavior [ RunTime:0.000136s ]
INFO: [ template_filter ] --END-- [ RunTime:0.000216s ]
INFO: Run Behavior\ParseTemplateBehavior [ RunTime:0.029398s ]
INFO: [ view_parse ] --END-- [ RunTime:0.029467s ]
INFO: [ view_filter ] --START--
INFO: Run Behavior\WriteHtmlCacheBehavior [ RunTime:0.000386s ]
INFO: [ view_filter ] --END-- [ RunTime:0.000444s ]
INFO: [ app_end ] --START--
INFO: Run Behavior\ShowPageTraceBehavior [ RunTime:0.000767s ]
INFO: [ app_end ] --END-- [ RunTime:0.000833s ]

[ 2016-12-22T22:03:06+08:00 ] ::1 /xinxing/index.php/Home/About/index.html
INFO: [ app_init ] --START--
INFO: Run Behavior\BuildLiteBehavior [ RunTime:0.000013s ]
INFO: [ app_init ] --END-- [ RunTime:0.000307s ]
INFO: [ app_begin ] --START--
INFO: Run Behavior\ReadHtmlCacheBehavior [ RunTime:0.000547s ]
INFO: Run Behavior\CheckLangBehavior [ RunTime:0.000509s ]
INFO: [ app_begin ] --END-- [ RunTime:0.001143s ]
SQL: SHOW COLUMNS FROM `trade_news` [ RunTime:0.0112s ]
SQL: SELECT COUNT(*) AS tp_count FROM trade_news n WHERE ( n.deleted=0 and news_type=1 ) LIMIT 1   [ RunTime:0.0107s ]
SQL: SELECT n.news_id,n.news_title,n.img,n.create_time,n.language,n.group_id FROM trade_news n WHERE ( n.deleted=0 and news_type=1 and language="cn" ) ORDER BY n.create_time desc LIMIT 0,10   [ RunTime:0.0078s ]
INFO: [ view_parse ] --START--
INFO: [ template_filter ] --START--
INFO: Run Behavior\ContentReplaceBehavior [ RunTime:0.000163s ]
INFO: [ template_filter ] --END-- [ RunTime:0.000240s ]
NOTIC: [8] Undefined index: news_content /Volumes/work/htdocs/xinxing/Runtime/Cache/Home/3b9bb8f59aaa4d1691c827dd64ddfa9b.php 第 318 行.
NOTIC: [8] Undefined index: news_content /Volumes/work/htdocs/xinxing/Runtime/Cache/Home/3b9bb8f59aaa4d1691c827dd64ddfa9b.php 第 318 行.
NOTIC: [8] Undefined index: news_content /Volumes/work/htdocs/xinxing/Runtime/Cache/Home/3b9bb8f59aaa4d1691c827dd64ddfa9b.php 第 318 行.
NOTIC: [8] Undefined index: news_content /Volumes/work/htdocs/xinxing/Runtime/Cache/Home/3b9bb8f59aaa4d1691c827dd64ddfa9b.php 第 318 行.
NOTIC: [8] Undefined index: news_content /Volumes/work/htdocs/xinxing/Runtime/Cache/Home/3b9bb8f59aaa4d1691c827dd64ddfa9b.php 第 318 行.
NOTIC: [8] Undefined index: news_content /Volumes/work/htdocs/xinxing/Runtime/Cache/Home/3b9bb8f59aaa4d1691c827dd64ddfa9b.php 第 318 行.
NOTIC: [8] Undefined index: news_content /Volumes/work/htdocs/xinxing/Runtime/Cache/Home/3b9bb8f59aaa4d1691c827dd64ddfa9b.php 第 318 行.
NOTIC: [8] Undefined index: news_content /Volumes/work/htdocs/xinxing/Runtime/Cache/Home/3b9bb8f59aaa4d1691c827dd64ddfa9b.php 第 318 行.
NOTIC: [8] Undefined index: news_content /Volumes/work/htdocs/xinxing/Runtime/Cache/Home/3b9bb8f59aaa4d1691c827dd64ddfa9b.php 第 318 行.
INFO: Run Behavior\ParseTemplateBehavior [ RunTime:0.027395s ]
INFO: [ view_parse ] --END-- [ RunTime:0.027468s ]
INFO: [ view_filter ] --START--
INFO: Run Behavior\WriteHtmlCacheBehavior [ RunTime:0.000168s ]
INFO: [ view_filter ] --END-- [ RunTime:0.000211s ]
INFO: [ app_end ] --START--
INFO: Run Behavior\ShowPageTraceBehavior [ RunTime:0.000530s ]
INFO: [ app_end ] --END-- [ RunTime:0.000584s ]

[ 2016-12-22T22:03:13+08:00 ] ::1 /xinxing/index.php/Home/About/intro.html
INFO: [ app_init ] --START--
INFO: Run Behavior\BuildLiteBehavior [ RunTime:0.000014s ]
INFO: [ app_init ] --END-- [ RunTime:0.000313s ]
INFO: [ app_begin ] --START--
INFO: Run Behavior\ReadHtmlCacheBehavior [ RunTime:0.000426s ]
INFO: Run Behavior\CheckLangBehavior [ RunTime:0.000473s ]
INFO: [ app_begin ] --END-- [ RunTime:0.000984s ]
SQL: SHOW COLUMNS FROM `trade_news` [ RunTime:0.0128s ]
SQL: SELECT * FROM `trade_news` WHERE ( group_id = 1 and language="cn" ) LIMIT 1   [ RunTime:0.0089s ]
INFO: [ view_parse ] --START--
INFO: [ template_filter ] --START--
INFO: Run Behavior\ContentReplaceBehavior [ RunTime:0.000125s ]
INFO: [ template_filter ] --END-- [ RunTime:0.000217s ]
INFO: Run Behavior\ParseTemplateBehavior [ RunTime:0.022234s ]
INFO: [ view_parse ] --END-- [ RunTime:0.022304s ]
INFO: [ view_filter ] --START--
INFO: Run Behavior\WriteHtmlCacheBehavior [ RunTime:0.000151s ]
INFO: [ view_filter ] --END-- [ RunTime:0.000196s ]
INFO: [ app_end ] --START--
INFO: Run Behavior\ShowPageTraceBehavior [ RunTime:0.000457s ]
INFO: [ app_end ] --END-- [ RunTime:0.000505s ]

[ 2016-12-22T22:06:52+08:00 ] ::1 /xinxing/index.php/Home/About/intro.html
INFO: [ app_init ] --START--
INFO: Run Behavior\BuildLiteBehavior [ RunTime:0.000014s ]
INFO: [ app_init ] --END-- [ RunTime:0.000306s ]
INFO: [ app_begin ] --START--
INFO: Run Behavior\ReadHtmlCacheBehavior [ RunTime:0.000415s ]
INFO: Run Behavior\CheckLangBehavior [ RunTime:0.000462s ]
INFO: [ app_begin ] --END-- [ RunTime:0.001068s ]
SQL: SHOW COLUMNS FROM `trade_news` [ RunTime:0.2429s ]
SQL: SELECT * FROM `trade_news` WHERE ( group_id = 1 and language="cn" ) LIMIT 1   [ RunTime:0.0091s ]
INFO: [ view_parse ] --START--
INFO: [ template_filter ] --START--
INFO: Run Behavior\ContentReplaceBehavior [ RunTime:0.000103s ]
INFO: [ template_filter ] --END-- [ RunTime:0.000158s ]
INFO: Run Behavior\ParseTemplateBehavior [ RunTime:0.017516s ]
INFO: [ view_parse ] --END-- [ RunTime:0.017639s ]
INFO: [ view_filter ] --START--
INFO: Run Behavior\WriteHtmlCacheBehavior [ RunTime:0.000184s ]
INFO: [ view_filter ] --END-- [ RunTime:0.000247s ]
INFO: [ app_end ] --START--
INFO: Run Behavior\ShowPageTraceBehavior [ RunTime:0.000501s ]
INFO: [ app_end ] --END-- [ RunTime:0.000564s ]

[ 2016-12-22T22:07:35+08:00 ] ::1 /xinxing/index.php/Home/About/honor.html
INFO: [ app_init ] --START--
INFO: Run Behavior\BuildLiteBehavior [ RunTime:0.000014s ]
INFO: [ app_init ] --END-- [ RunTime:0.000313s ]
INFO: [ app_begin ] --START--
INFO: Run Behavior\ReadHtmlCacheBehavior [ RunTime:0.000404s ]
INFO: Run Behavior\CheckLangBehavior [ RunTime:0.000464s ]
INFO: [ app_begin ] --END-- [ RunTime:0.000954s ]
INFO: [ view_parse ] --START--
INFO: [ template_filter ] --START--
INFO: Run Behavior\ContentReplaceBehavior [ RunTime:0.000102s ]
INFO: [ template_filter ] --END-- [ RunTime:0.000162s ]
INFO: Run Behavior\ParseTemplateBehavior [ RunTime:0.024723s ]
INFO: [ view_parse ] --END-- [ RunTime:0.024816s ]
INFO: [ view_filter ] --START--
INFO: Run Behavior\WriteHtmlCacheBehavior [ RunTime:0.000286s ]
INFO: [ view_filter ] --END-- [ RunTime:0.000367s ]
INFO: [ app_end ] --START--
INFO: Run Behavior\ShowPageTraceBehavior [ RunTime:0.000680s ]
INFO: [ app_end ] --END-- [ RunTime:0.000749s ]

[ 2016-12-22T22:08:50+08:00 ] ::1 /xinxing/index.php/Home/About/honor.html
INFO: [ app_init ] --START--
INFO: Run Behavior\BuildLiteBehavior [ RunTime:0.000015s ]
INFO: [ app_init ] --END-- [ RunTime:0.000361s ]
INFO: [ app_begin ] --START--
INFO: Run Behavior\ReadHtmlCacheBehavior [ RunTime:0.000581s ]
INFO: Run Behavior\CheckLangBehavior [ RunTime:0.000869s ]
INFO: [ app_begin ] --END-- [ RunTime:0.001598s ]
INFO: [ view_parse ] --START--
INFO: [ template_filter ] --START--
INFO: Run Behavior\ContentReplaceBehavior [ RunTime:0.000120s ]
INFO: [ template_filter ] --END-- [ RunTime:0.000189s ]
INFO: Run Behavior\ParseTemplateBehavior [ RunTime:0.018077s ]
INFO: [ view_parse ] --END-- [ RunTime:0.018159s ]
INFO: [ view_filter ] --START--
INFO: Run Behavior\WriteHtmlCacheBehavior [ RunTime:0.000133s ]
INFO: [ view_filter ] --END-- [ RunTime:0.000173s ]
INFO: [ app_end ] --START--
INFO: Run Behavior\ShowPageTraceBehavior [ RunTime:0.000444s ]
INFO: [ app_end ] --END-- [ RunTime:0.000493s ]

[ 2016-12-22T22:11:19+08:00 ] ::1 /xinxing/index.php/Home/About/honor.html
INFO: [ app_init ] --START--
INFO: Run Behavior\BuildLiteBehavior [ RunTime:0.000023s ]
INFO: [ app_init ] --END-- [ RunTime:0.000445s ]
INFO: [ app_begin ] --START--
INFO: Run Behavior\ReadHtmlCacheBehavior [ RunTime:0.000487s ]
INFO: Run Behavior\CheckLangBehavior [ RunTime:0.000951s ]
INFO: [ app_begin ] --END-- [ RunTime:0.001568s ]
INFO: [ view_parse ] --START--
INFO: [ template_filter ] --START--
INFO: Run Behavior\ContentReplaceBehavior [ RunTime:0.000157s ]
INFO: [ template_filter ] --END-- [ RunTime:0.000238s ]
INFO: Run Behavior\ParseTemplateBehavior [ RunTime:0.018954s ]
INFO: [ view_parse ] --END-- [ RunTime:0.019018s ]
INFO: [ view_filter ] --START--
INFO: Run Behavior\WriteHtmlCacheBehavior [ RunTime:0.000158s ]
INFO: [ view_filter ] --END-- [ RunTime:0.000204s ]
INFO: [ app_end ] --START--
INFO: Run Behavior\ShowPageTraceBehavior [ RunTime:0.000462s ]
INFO: [ app_end ] --END-- [ RunTime:0.000514s ]

[ 2016-12-22T22:11:21+08:00 ] ::1 /xinxing/index.php/Home/About/honor.html
INFO: [ app_init ] --START--
INFO: Run Behavior\BuildLiteBehavior [ RunTime:0.000015s ]
INFO: [ app_init ] --END-- [ RunTime:0.000359s ]
INFO: [ app_begin ] --START--
INFO: Run Behavior\ReadHtmlCacheBehavior [ RunTime:0.000439s ]
INFO: Run Behavior\CheckLangBehavior [ RunTime:0.000490s ]
INFO: [ app_begin ] --END-- [ RunTime:0.001022s ]
INFO: [ view_parse ] --START--
INFO: [ template_filter ] --START--
INFO: Run Behavior\ContentReplaceBehavior [ RunTime:0.000168s ]
INFO: [ template_filter ] --END-- [ RunTime:0.000307s ]
INFO: Run Behavior\ParseTemplateBehavior [ RunTime:0.021341s ]
INFO: [ view_parse ] --END-- [ RunTime:0.021418s ]
INFO: [ view_filter ] --START--
INFO: Run Behavior\WriteHtmlCacheBehavior [ RunTime:0.000160s ]
INFO: [ view_filter ] --END-- [ RunTime:0.000207s ]
INFO: [ app_end ] --START--
INFO: Run Behavior\ShowPageTraceBehavior [ RunTime:0.000577s ]
INFO: [ app_end ] --END-- [ RunTime:0.000649s ]

[ 2016-12-22T22:12:23+08:00 ] ::1 /xinxing/index.php/Home/About/honor.html
INFO: [ app_init ] --START--
INFO: Run Behavior\BuildLiteBehavior [ RunTime:0.000017s ]
INFO: [ app_init ] --END-- [ RunTime:0.000368s ]
INFO: [ app_begin ] --START--
INFO: Run Behavior\ReadHtmlCacheBehavior [ RunTime:0.001010s ]
INFO: Run Behavior\CheckLangBehavior [ RunTime:0.000613s ]
INFO: [ app_begin ] --END-- [ RunTime:0.001780s ]
SQL: SHOW COLUMNS FROM `trade_honor` [ RunTime:0.7578s ]
SQL: SELECT * FROM `trade_honor` WHERE ( group_id = 1 and language="cn" )  [ RunTime:0.0088s ]
INFO: [ view_parse ] --START--
INFO: [ template_filter ] --START--
INFO: Run Behavior\ContentReplaceBehavior [ RunTime:0.000109s ]
INFO: [ template_filter ] --END-- [ RunTime:0.000177s ]
INFO: Run Behavior\ParseTemplateBehavior [ RunTime:0.020804s ]
INFO: [ view_parse ] --END-- [ RunTime:0.020874s ]
INFO: [ view_filter ] --START--
INFO: Run Behavior\WriteHtmlCacheBehavior [ RunTime:0.000141s ]
INFO: [ view_filter ] --END-- [ RunTime:0.000183s ]
NOTIC: [2] Cannot modify header information - headers already sent by (output started at /Volumes/work/htdocs/xinxing/ThinkPHP/Common/functions.php:850) /Volumes/work/htdocs/xinxing/ThinkPHP/Library/Think/View.class.php 第 91 行.
NOTIC: [2] Cannot modify header information - headers already sent by (output started at /Volumes/work/htdocs/xinxing/ThinkPHP/Common/functions.php:850) /Volumes/work/htdocs/xinxing/ThinkPHP/Library/Think/View.class.php 第 92 行.
NOTIC: [2] Cannot modify header information - headers already sent by (output started at /Volumes/work/htdocs/xinxing/ThinkPHP/Common/functions.php:850) /Volumes/work/htdocs/xinxing/ThinkPHP/Library/Think/View.class.php 第 93 行.
INFO: [ app_end ] --START--
INFO: Run Behavior\ShowPageTraceBehavior [ RunTime:0.000657s ]
INFO: [ app_end ] --END-- [ RunTime:0.000724s ]

[ 2016-12-22T22:22:34+08:00 ] ::1 /xinxing/index.php/Home/About/honor.html
INFO: [ app_init ] --START--
INFO: Run Behavior\BuildLiteBehavior [ RunTime:0.000017s ]
INFO: [ app_init ] --END-- [ RunTime:0.000372s ]
INFO: [ app_begin ] --START--
INFO: Run Behavior\ReadHtmlCacheBehavior [ RunTime:0.000597s ]
INFO: Run Behavior\CheckLangBehavior [ RunTime:0.000556s ]
INFO: [ app_begin ] --END-- [ RunTime:0.001246s ]
SQL: SHOW COLUMNS FROM `trade_honor` [ RunTime:0.0120s ]
SQL: SELECT * FROM `trade_honor` WHERE ( group_id = 1 and language="cn" )  [ RunTime:0.0102s ]
INFO: [ view_parse ] --START--
INFO: [ template_filter ] --START--
INFO: Run Behavior\ContentReplaceBehavior [ RunTime:0.000111s ]
INFO: [ template_filter ] --END-- [ RunTime:0.000182s ]
INFO: Run Behavior\ParseTemplateBehavior [ RunTime:0.020787s ]
INFO: [ view_parse ] --END-- [ RunTime:0.020856s ]
INFO: [ view_filter ] --START--
INFO: Run Behavior\WriteHtmlCacheBehavior [ RunTime:0.000158s ]
INFO: [ view_filter ] --END-- [ RunTime:0.000209s ]
NOTIC: [2] Cannot modify header information - headers already sent by (output started at /Volumes/work/htdocs/xinxing/ThinkPHP/Common/functions.php:850) /Volumes/work/htdocs/xinxing/ThinkPHP/Library/Think/View.class.php 第 91 行.
NOTIC: [2] Cannot modify header information - headers already sent by (output started at /Volumes/work/htdocs/xinxing/ThinkPHP/Common/functions.php:850) /Volumes/work/htdocs/xinxing/ThinkPHP/Library/Think/View.class.php 第 92 行.
NOTIC: [2] Cannot modify header information - headers already sent by (output started at /Volumes/work/htdocs/xinxing/ThinkPHP/Common/functions.php:850) /Volumes/work/htdocs/xinxing/ThinkPHP/Library/Think/View.class.php 第 93 行.
INFO: [ app_end ] --START--
INFO: Run Behavior\ShowPageTraceBehavior [ RunTime:0.000514s ]
INFO: [ app_end ] --END-- [ RunTime:0.000571s ]

[ 2016-12-22T22:22:41+08:00 ] ::1 /xinxing/index.php/Home/About/honor.html
INFO: [ app_init ] --START--
INFO: Run Behavior\BuildLiteBehavior [ RunTime:0.000014s ]
INFO: [ app_init ] --END-- [ RunTime:0.000329s ]
INFO: [ app_begin ] --START--
INFO: Run Behavior\ReadHtmlCacheBehavior [ RunTime:0.000431s ]
INFO: Run Behavior\CheckLangBehavior [ RunTime:0.000493s ]
INFO: [ app_begin ] --END-- [ RunTime:0.001013s ]
SQL: SHOW COLUMNS FROM `trade_honor` [ RunTime:0.0108s ]
SQL: SELECT * FROM `trade_honor` WHERE ( group_id = 1 and language="cn" )  [ RunTime:0.0112s ]
INFO: [ view_parse ] --START--
INFO: [ template_filter ] --START--
INFO: Run Behavior\ContentReplaceBehavior [ RunTime:0.000115s ]
INFO: [ template_filter ] --END-- [ RunTime:0.000179s ]
INFO: Run Behavior\ParseTemplateBehavior [ RunTime:0.018507s ]
INFO: [ view_parse ] --END-- [ RunTime:0.018569s ]
INFO: [ view_filter ] --START--
INFO: Run Behavior\WriteHtmlCacheBehavior [ RunTime:0.000135s ]
INFO: [ view_filter ] --END-- [ RunTime:0.000180s ]
NOTIC: [2] Cannot modify header information - headers already sent by (output started at /Volumes/work/htdocs/xinxing/ThinkPHP/Common/functions.php:850) /Volumes/work/htdocs/xinxing/ThinkPHP/Library/Think/View.class.php 第 91 行.
NOTIC: [2] Cannot modify header information - headers already sent by (output started at /Volumes/work/htdocs/xinxing/ThinkPHP/Common/functions.php:850) /Volumes/work/htdocs/xinxing/ThinkPHP/Library/Think/View.class.php 第 92 行.
NOTIC: [2] Cannot modify header information - headers already sent by (output started at /Volumes/work/htdocs/xinxing/ThinkPHP/Common/functions.php:850) /Volumes/work/htdocs/xinxing/ThinkPHP/Library/Think/View.class.php 第 93 行.
INFO: [ app_end ] --START--
INFO: Run Behavior\ShowPageTraceBehavior [ RunTime:0.000454s ]
INFO: [ app_end ] --END-- [ RunTime:0.000501s ]

[ 2016-12-22T22:22:53+08:00 ] ::1 /xinxing/index.php/Home/About/honor.html
INFO: [ app_init ] --START--
INFO: Run Behavior\BuildLiteBehavior [ RunTime:0.000014s ]
INFO: [ app_init ] --END-- [ RunTime:0.000338s ]
INFO: [ app_begin ] --START--
INFO: Run Behavior\ReadHtmlCacheBehavior [ RunTime:0.000436s ]
INFO: Run Behavior\CheckLangBehavior [ RunTime:0.000500s ]
INFO: [ app_begin ] --END-- [ RunTime:0.001026s ]
SQL: SHOW COLUMNS FROM `trade_honor` [ RunTime:0.2167s ]
SQL: SELECT * FROM `trade_honor` WHERE ( group_id = 1 and language="cn" )  [ RunTime:0.0081s ]
INFO: [ view_parse ] --START--
INFO: [ template_filter ] --START--
INFO: Run Behavior\ContentReplaceBehavior [ RunTime:0.000111s ]
INFO: [ template_filter ] --END-- [ RunTime:0.000180s ]
INFO: Run Behavior\ParseTemplateBehavior [ RunTime:0.020529s ]
INFO: [ view_parse ] --END-- [ RunTime:0.020607s ]
INFO: [ view_filter ] --START--
INFO: Run Behavior\WriteHtmlCacheBehavior [ RunTime:0.000139s ]
INFO: [ view_filter ] --END-- [ RunTime:0.000184s ]
NOTIC: [2] Cannot modify header information - headers already sent by (output started at /Volumes/work/htdocs/xinxing/ThinkPHP/Common/functions.php:850) /Volumes/work/htdocs/xinxing/ThinkPHP/Library/Think/View.class.php 第 91 行.
NOTIC: [2] Cannot modify header information - headers already sent by (output started at /Volumes/work/htdocs/xinxing/ThinkPHP/Common/functions.php:850) /Volumes/work/htdocs/xinxing/ThinkPHP/Library/Think/View.class.php 第 92 行.
NOTIC: [2] Cannot modify header information - headers already sent by (output started at /Volumes/work/htdocs/xinxing/ThinkPHP/Common/functions.php:850) /Volumes/work/htdocs/xinxing/ThinkPHP/Library/Think/View.class.php 第 93 行.
INFO: [ app_end ] --START--
INFO: Run Behavior\ShowPageTraceBehavior [ RunTime:0.000646s ]
INFO: [ app_end ] --END-- [ RunTime:0.000702s ]

[ 2016-12-22T22:23:22+08:00 ] ::1 /xinxing/index.php/Home/About/honor.html
INFO: [ app_init ] --START--
INFO: Run Behavior\BuildLiteBehavior [ RunTime:0.000019s ]
INFO: [ app_init ] --END-- [ RunTime:0.000420s ]
INFO: [ app_begin ] --START--
INFO: Run Behavior\ReadHtmlCacheBehavior [ RunTime:0.000531s ]
INFO: Run Behavior\CheckLangBehavior [ RunTime:0.000672s ]
INFO: [ app_begin ] --END-- [ RunTime:0.001326s ]
SQL: SHOW COLUMNS FROM `trade_honor` [ RunTime:0.0093s ]
SQL: SELECT * FROM `trade_honor` WHERE ( group_id = 1 and language="cn" )  [ RunTime:0.0108s ]
INFO: [ view_parse ] --START--
INFO: [ template_filter ] --START--
INFO: Run Behavior\ContentReplaceBehavior [ RunTime:0.000124s ]
INFO: [ template_filter ] --END-- [ RunTime:0.000200s ]
INFO: Run Behavior\ParseTemplateBehavior [ RunTime:0.020582s ]
INFO: [ view_parse ] --END-- [ RunTime:0.020661s ]
INFO: [ view_filter ] --START--
INFO: Run Behavior\WriteHtmlCacheBehavior [ RunTime:0.000149s ]
INFO: [ view_filter ] --END-- [ RunTime:0.000192s ]
NOTIC: [2] Cannot modify header information - headers already sent by (output started at /Volumes/work/htdocs/xinxing/ThinkPHP/Common/functions.php:850) /Volumes/work/htdocs/xinxing/ThinkPHP/Library/Think/View.class.php 第 91 行.
NOTIC: [2] Cannot modify header information - headers already sent by (output started at /Volumes/work/htdocs/xinxing/ThinkPHP/Common/functions.php:850) /Volumes/work/htdocs/xinxing/ThinkPHP/Library/Think/View.class.php 第 92 行.
NOTIC: [2] Cannot modify header information - headers already sent by (output started at /Volumes/work/htdocs/xinxing/ThinkPHP/Common/functions.php:850) /Volumes/work/htdocs/xinxing/ThinkPHP/Library/Think/View.class.php 第 93 行.
INFO: [ app_end ] --START--
INFO: Run Behavior\ShowPageTraceBehavior [ RunTime:0.000473s ]
INFO: [ app_end ] --END-- [ RunTime:0.000521s ]

[ 2016-12-22T22:25:01+08:00 ] ::1 /xinxing/index.php/Home/About/honor.html
INFO: [ app_init ] --START--
INFO: Run Behavior\BuildLiteBehavior [ RunTime:0.000017s ]
INFO: [ app_init ] --END-- [ RunTime:0.000353s ]
INFO: [ app_begin ] --START--
INFO: Run Behavior\ReadHtmlCacheBehavior [ RunTime:0.000470s ]
INFO: Run Behavior\CheckLangBehavior [ RunTime:0.000521s ]
INFO: [ app_begin ] --END-- [ RunTime:0.001101s ]
SQL: SHOW COLUMNS FROM `trade_honor` [ RunTime:0.0115s ]
SQL: SELECT * FROM `trade_honor` WHERE ( language="cn" )  [ RunTime:0.2149s ]
INFO: [ view_parse ] --START--
INFO: [ template_filter ] --START--
INFO: Run Behavior\ContentReplaceBehavior [ RunTime:0.000114s ]
INFO: [ template_filter ] --END-- [ RunTime:0.000179s ]
INFO: Run Behavior\ParseTemplateBehavior [ RunTime:0.020640s ]
INFO: [ view_parse ] --END-- [ RunTime:0.020701s ]
INFO: [ view_filter ] --START--
INFO: Run Behavior\WriteHtmlCacheBehavior [ RunTime:0.000144s ]
INFO: [ view_filter ] --END-- [ RunTime:0.000188s ]
NOTIC: [2] Cannot modify header information - headers already sent by (output started at /Volumes/work/htdocs/xinxing/ThinkPHP/Common/functions.php:850) /Volumes/work/htdocs/xinxing/ThinkPHP/Library/Think/View.class.php 第 91 行.
NOTIC: [2] Cannot modify header information - headers already sent by (output started at /Volumes/work/htdocs/xinxing/ThinkPHP/Common/functions.php:850) /Volumes/work/htdocs/xinxing/ThinkPHP/Library/Think/View.class.php 第 92 行.
NOTIC: [2] Cannot modify header information - headers already sent by (output started at /Volumes/work/htdocs/xinxing/ThinkPHP/Common/functions.php:850) /Volumes/work/htdocs/xinxing/ThinkPHP/Library/Think/View.class.php 第 93 行.
INFO: [ app_end ] --START--
INFO: Run Behavior\ShowPageTraceBehavior [ RunTime:0.000472s ]
INFO: [ app_end ] --END-- [ RunTime:0.000522s ]

[ 2016-12-22T22:27:24+08:00 ] ::1 /xinxing/index.php/Home/About/honor.html
INFO: [ app_init ] --START--
INFO: Run Behavior\BuildLiteBehavior [ RunTime:0.000013s ]
INFO: [ app_init ] --END-- [ RunTime:0.000308s ]
INFO: [ app_begin ] --START--
INFO: Run Behavior\ReadHtmlCacheBehavior [ RunTime:0.000396s ]
INFO: Run Behavior\CheckLangBehavior [ RunTime:0.000454s ]
INFO: [ app_begin ] --END-- [ RunTime:0.000933s ]
SQL: SHOW COLUMNS FROM `trade_honor` [ RunTime:0.0117s ]
SQL: SELECT * FROM `trade_honor` WHERE ( language="cn" )  [ RunTime:0.0078s ]
INFO: [ view_parse ] --START--
INFO: [ template_filter ] --START--
INFO: Run Behavior\ContentReplaceBehavior [ RunTime:0.000114s ]
INFO: [ template_filter ] --END-- [ RunTime:0.000186s ]
INFO: Run Behavior\ParseTemplateBehavior [ RunTime:0.024498s ]
INFO: [ view_parse ] --END-- [ RunTime:0.024585s ]
INFO: [ view_filter ] --START--
INFO: Run Behavior\WriteHtmlCacheBehavior [ RunTime:0.000219s ]
INFO: [ view_filter ] --END-- [ RunTime:0.000285s ]
NOTIC: [2] Cannot modify header information - headers already sent by (output started at /Volumes/work/htdocs/xinxing/ThinkPHP/Common/functions.php:850) /Volumes/work/htdocs/xinxing/ThinkPHP/Library/Think/View.class.php 第 91 行.
NOTIC: [2] Cannot modify header information - headers already sent by (output started at /Volumes/work/htdocs/xinxing/ThinkPHP/Common/functions.php:850) /Volumes/work/htdocs/xinxing/ThinkPHP/Library/Think/View.class.php 第 92 行.
NOTIC: [2] Cannot modify header information - headers already sent by (output started at /Volumes/work/htdocs/xinxing/ThinkPHP/Common/functions.php:850) /Volumes/work/htdocs/xinxing/ThinkPHP/Library/Think/View.class.php 第 93 行.
INFO: [ app_end ] --START--
INFO: Run Behavior\ShowPageTraceBehavior [ RunTime:0.000775s ]
INFO: [ app_end ] --END-- [ RunTime:0.000861s ]

[ 2016-12-22T22:43:47+08:00 ] ::1 /xinxing/index.php/Home/About/honor.html
INFO: [ app_init ] --START--
INFO: Run Behavior\BuildLiteBehavior [ RunTime:0.000019s ]
INFO: [ app_init ] --END-- [ RunTime:0.000362s ]
INFO: [ app_begin ] --START--
INFO: Run Behavior\ReadHtmlCacheBehavior [ RunTime:0.000570s ]
INFO: Run Behavior\CheckLangBehavior [ RunTime:0.000597s ]
INFO: [ app_begin ] --END-- [ RunTime:0.001279s ]
SQL: SHOW COLUMNS FROM `trade_honor` [ RunTime:0.0087s ]
SQL: SELECT * FROM `trade_honor` WHERE ( language="cn" )  [ RunTime:0.6568s ]
INFO: [ view_parse ] --START--
INFO: [ template_filter ] --START--
INFO: Run Behavior\ContentReplaceBehavior [ RunTime:0.000115s ]
INFO: [ template_filter ] --END-- [ RunTime:0.000186s ]
INFO: Run Behavior\ParseTemplateBehavior [ RunTime:0.021245s ]
INFO: [ view_parse ] --END-- [ RunTime:0.021321s ]
INFO: [ view_filter ] --START--
INFO: Run Behavior\WriteHtmlCacheBehavior [ RunTime:0.000177s ]
INFO: [ view_filter ] --END-- [ RunTime:0.000229s ]
NOTIC: [2] Cannot modify header information - headers already sent by (output started at /Volumes/work/htdocs/xinxing/ThinkPHP/Common/functions.php:850) /Volumes/work/htdocs/xinxing/ThinkPHP/Library/Think/View.class.php 第 91 行.
NOTIC: [2] Cannot modify header information - headers already sent by (output started at /Volumes/work/htdocs/xinxing/ThinkPHP/Common/functions.php:850) /Volumes/work/htdocs/xinxing/ThinkPHP/Library/Think/View.class.php 第 92 行.
NOTIC: [2] Cannot modify header information - headers already sent by (output started at /Volumes/work/htdocs/xinxing/ThinkPHP/Common/functions.php:850) /Volumes/work/htdocs/xinxing/ThinkPHP/Library/Think/View.class.php 第 93 行.
INFO: [ app_end ] --START--
INFO: Run Behavior\ShowPageTraceBehavior [ RunTime:0.000706s ]
INFO: [ app_end ] --END-- [ RunTime:0.000768s ]

[ 2016-12-22T22:44:56+08:00 ] ::1 /xinxing/index.php/Home/About/honor.html
INFO: [ app_init ] --START--
INFO: Run Behavior\BuildLiteBehavior [ RunTime:0.000033s ]
INFO: [ app_init ] --END-- [ RunTime:0.000477s ]
INFO: [ app_begin ] --START--
INFO: Run Behavior\ReadHtmlCacheBehavior [ RunTime:0.000488s ]
INFO: Run Behavior\CheckLangBehavior [ RunTime:0.000603s ]
INFO: [ app_begin ] --END-- [ RunTime:0.001192s ]
SQL: SHOW COLUMNS FROM `trade_honor` [ RunTime:0.0145s ]
SQL: SELECT * FROM `trade_honor` WHERE ( language="cn" )  [ RunTime:0.0112s ]
INFO: [ view_parse ] --START--
INFO: [ template_filter ] --START--
INFO: Run Behavior\ContentReplaceBehavior [ RunTime:0.000119s ]
INFO: [ template_filter ] --END-- [ RunTime:0.000201s ]
INFO: Run Behavior\ParseTemplateBehavior [ RunTime:0.020163s ]
INFO: [ view_parse ] --END-- [ RunTime:0.020230s ]
INFO: [ view_filter ] --START--
INFO: Run Behavior\WriteHtmlCacheBehavior [ RunTime:0.000162s ]
INFO: [ view_filter ] --END-- [ RunTime:0.000208s ]
NOTIC: [2] Cannot modify header information - headers already sent by (output started at /Volumes/work/htdocs/xinxing/ThinkPHP/Common/functions.php:850) /Volumes/work/htdocs/xinxing/ThinkPHP/Library/Think/View.class.php 第 91 行.
NOTIC: [2] Cannot modify header information - headers already sent by (output started at /Volumes/work/htdocs/xinxing/ThinkPHP/Common/functions.php:850) /Volumes/work/htdocs/xinxing/ThinkPHP/Library/Think/View.class.php 第 92 行.
NOTIC: [2] Cannot modify header information - headers already sent by (output started at /Volumes/work/htdocs/xinxing/ThinkPHP/Common/functions.php:850) /Volumes/work/htdocs/xinxing/ThinkPHP/Library/Think/View.class.php 第 93 行.
INFO: [ app_end ] --START--
INFO: Run Behavior\ShowPageTraceBehavior [ RunTime:0.000589s ]
INFO: [ app_end ] --END-- [ RunTime:0.000641s ]

[ 2016-12-22T23:09:56+08:00 ] ::1 /xinxing/index.php/Home/About/honor.html
INFO: [ app_init ] --START--
INFO: Run Behavior\BuildLiteBehavior [ RunTime:0.000013s ]
INFO: [ app_init ] --END-- [ RunTime:0.000300s ]
INFO: [ app_begin ] --START--
INFO: Run Behavior\ReadHtmlCacheBehavior [ RunTime:0.000396s ]
INFO: Run Behavior\CheckLangBehavior [ RunTime:0.002813s ]
INFO: [ app_begin ] --END-- [ RunTime:0.003305s ]
SQL: SHOW COLUMNS FROM `trade_honor` [ RunTime:0.0127s ]
SQL: SELECT * FROM `trade_honor` WHERE ( language="cn" )  [ RunTime:0.0106s ]
INFO: [ view_parse ] --START--
INFO: [ template_filter ] --START--
INFO: Run Behavior\ContentReplaceBehavior [ RunTime:0.000130s ]
INFO: [ template_filter ] --END-- [ RunTime:0.000209s ]
INFO: Run Behavior\ParseTemplateBehavior [ RunTime:0.026859s ]
INFO: [ view_parse ] --END-- [ RunTime:0.026950s ]
INFO: [ view_filter ] --START--
INFO: Run Behavior\WriteHtmlCacheBehavior [ RunTime:0.000185s ]
INFO: [ view_filter ] --END-- [ RunTime:0.000233s ]
NOTIC: [2] Cannot modify header information - headers already sent by (output started at /Volumes/work/htdocs/xinxing/ThinkPHP/Common/functions.php:850) /Volumes/work/htdocs/xinxing/ThinkPHP/Library/Think/View.class.php 第 91 行.
NOTIC: [2] Cannot modify header information - headers already sent by (output started at /Volumes/work/htdocs/xinxing/ThinkPHP/Common/functions.php:850) /Volumes/work/htdocs/xinxing/ThinkPHP/Library/Think/View.class.php 第 92 行.
NOTIC: [2] Cannot modify header information - headers already sent by (output started at /Volumes/work/htdocs/xinxing/ThinkPHP/Common/functions.php:850) /Volumes/work/htdocs/xinxing/ThinkPHP/Library/Think/View.class.php 第 93 行.
INFO: [ app_end ] --START--
INFO: Run Behavior\ShowPageTraceBehavior [ RunTime:0.000705s ]
INFO: [ app_end ] --END-- [ RunTime:0.000800s ]

[ 2016-12-22T23:14:54+08:00 ] ::1 /xinxing/index.php/Home/About/index.html
INFO: [ app_init ] --START--
INFO: Run Behavior\BuildLiteBehavior [ RunTime:0.000014s ]
INFO: [ app_init ] --END-- [ RunTime:0.000385s ]
INFO: [ app_begin ] --START--
INFO: Run Behavior\ReadHtmlCacheBehavior [ RunTime:0.000440s ]
INFO: Run Behavior\CheckLangBehavior [ RunTime:0.000493s ]
INFO: [ app_begin ] --END-- [ RunTime:0.001023s ]
SQL: SHOW COLUMNS FROM `trade_news` [ RunTime:0.0111s ]
SQL: SELECT COUNT(*) AS tp_count FROM trade_news n WHERE ( n.deleted=0 and news_type=1 ) LIMIT 1   [ RunTime:0.0076s ]
SQL: SELECT n.news_id,n.news_title,n.img,n.create_time,n.language,n.group_id FROM trade_news n WHERE ( n.deleted=0 and news_type=1 and language="cn" ) ORDER BY n.create_time desc LIMIT 0,10   [ RunTime:0.0074s ]
INFO: [ view_parse ] --START--
INFO: [ template_filter ] --START--
INFO: Run Behavior\ContentReplaceBehavior [ RunTime:0.000147s ]
INFO: [ template_filter ] --END-- [ RunTime:0.000236s ]
NOTIC: [8] Undefined index: news_content /Volumes/work/htdocs/xinxing/Runtime/Cache/Home/3b9bb8f59aaa4d1691c827dd64ddfa9b.php 第 318 行.
NOTIC: [8] Undefined index: news_content /Volumes/work/htdocs/xinxing/Runtime/Cache/Home/3b9bb8f59aaa4d1691c827dd64ddfa9b.php 第 318 行.
NOTIC: [8] Undefined index: news_content /Volumes/work/htdocs/xinxing/Runtime/Cache/Home/3b9bb8f59aaa4d1691c827dd64ddfa9b.php 第 318 行.
NOTIC: [8] Undefined index: news_content /Volumes/work/htdocs/xinxing/Runtime/Cache/Home/3b9bb8f59aaa4d1691c827dd64ddfa9b.php 第 318 行.
NOTIC: [8] Undefined index: news_content /Volumes/work/htdocs/xinxing/Runtime/Cache/Home/3b9bb8f59aaa4d1691c827dd64ddfa9b.php 第 318 行.
NOTIC: [8] Undefined index: news_content /Volumes/work/htdocs/xinxing/Runtime/Cache/Home/3b9bb8f59aaa4d1691c827dd64ddfa9b.php 第 318 行.
NOTIC: [8] Undefined index: news_content /Volumes/work/htdocs/xinxing/Runtime/Cache/Home/3b9bb8f59aaa4d1691c827dd64ddfa9b.php 第 318 行.
NOTIC: [8] Undefined index: news_content /Volumes/work/htdocs/xinxing/Runtime/Cache/Home/3b9bb8f59aaa4d1691c827dd64ddfa9b.php 第 318 行.
INFO: Run Behavior\ParseTemplateBehavior [ RunTime:0.026116s ]
INFO: [ view_parse ] --END-- [ RunTime:0.026186s ]
INFO: [ view_filter ] --START--
INFO: Run Behavior\WriteHtmlCacheBehavior [ RunTime:0.000167s ]
INFO: [ view_filter ] --END-- [ RunTime:0.000211s ]
INFO: [ app_end ] --START--
INFO: Run Behavior\ShowPageTraceBehavior [ RunTime:0.000477s ]
INFO: [ app_end ] --END-- [ RunTime:0.000526s ]

[ 2016-12-22T23:18:35+08:00 ] 192.168.1.112 /xinxing/
INFO: [ app_init ] --START--
INFO: Run Behavior\BuildLiteBehavior [ RunTime:0.000012s ]
INFO: [ app_init ] --END-- [ RunTime:0.000287s ]
INFO: [ app_begin ] --START--
INFO: Run Behavior\ReadHtmlCacheBehavior [ RunTime:0.000376s ]
INFO: Run Behavior\CheckLangBehavior [ RunTime:0.003568s ]
INFO: [ app_begin ] --END-- [ RunTime:0.004073s ]
INFO: [ view_parse ] --START--
INFO: [ template_filter ] --START--
INFO: Run Behavior\ContentReplaceBehavior [ RunTime:0.000123s ]
INFO: [ template_filter ] --END-- [ RunTime:0.000193s ]
INFO: Run Behavior\ParseTemplateBehavior [ RunTime:0.026830s ]
INFO: [ view_parse ] --END-- [ RunTime:0.026915s ]
INFO: [ view_filter ] --START--
INFO: Run Behavior\WriteHtmlCacheBehavior [ RunTime:0.000176s ]
INFO: [ view_filter ] --END-- [ RunTime:0.000219s ]
INFO: [ app_end ] --START--
INFO: Run Behavior\ShowPageTraceBehavior [ RunTime:0.000475s ]
INFO: [ app_end ] --END-- [ RunTime:0.000534s ]

[ 2016-12-22T23:22:46+08:00 ] ::1 /xinxing/index.php/Home/
INFO: [ app_init ] --START--
INFO: Run Behavior\BuildLiteBehavior [ RunTime:0.000026s ]
INFO: [ app_init ] --END-- [ RunTime:0.000476s ]
INFO: [ app_begin ] --START--
INFO: Run Behavior\ReadHtmlCacheBehavior [ RunTime:0.000520s ]
INFO: Run Behavior\CheckLangBehavior [ RunTime:0.000604s ]
INFO: [ app_begin ] --END-- [ RunTime:0.001243s ]
INFO: [ view_parse ] --START--
INFO: [ template_filter ] --START--
INFO: Run Behavior\ContentReplaceBehavior [ RunTime:0.000138s ]
INFO: [ template_filter ] --END-- [ RunTime:0.000198s ]
INFO: Run Behavior\ParseTemplateBehavior [ RunTime:0.023468s ]
INFO: [ view_parse ] --END-- [ RunTime:0.023543s ]
INFO: [ view_filter ] --START--
INFO: Run Behavior\WriteHtmlCacheBehavior [ RunTime:0.000168s ]
INFO: [ view_filter ] --END-- [ RunTime:0.000218s ]
INFO: [ app_end ] --START--
INFO: Run Behavior\ShowPageTraceBehavior [ RunTime:0.000535s ]
INFO: [ app_end ] --END-- [ RunTime:0.000593s ]

