[ 2016-12-29T00:01:51+08:00 ] ::1 /xinxing/index.php
INFO: [ app_init ] --START--
INFO: Run Behavior\BuildLiteBehavior [ RunTime:0.000014s ]
INFO: [ app_init ] --END-- [ RunTime:0.000321s ]
INFO: [ app_begin ] --START--
INFO: Run Behavior\ReadHtmlCacheBehavior [ RunTime:0.000397s ]
INFO: Run Behavior\CheckLangBehavior [ RunTime:0.000468s ]
INFO: [ app_begin ] --END-- [ RunTime:0.000949s ]
SQL: SHOW COLUMNS FROM `trade_category` [ RunTime:0.0134s ]
SQL: SELECT * FROM `trade_category` WHERE ( `deleted` = 0 and `language` = 'cn' and `category_pid` = 0 )  [ RunTime:0.0066s ]
SQL: SELECT * FROM `trade_category` WHERE ( `deleted` = 0 and `language` = 'cn' and `category_pid` = 1 )  [ RunTime:0.0064s ]
SQL: SELECT * FROM `trade_category` WHERE ( `deleted` = 0 and `language` = 'cn' and `category_pid` = 2 )  [ RunTime:0.0093s ]
SQL: SELECT * FROM `trade_category` WHERE ( `deleted` = 0 and `language` = 'cn' and `category_pid` = 3 )  [ RunTime:0.0067s ]
SQL: SELECT * FROM `trade_category` WHERE ( `deleted` = 0 and `language` = 'cn' and `category_pid` = 4 )  [ RunTime:0.0093s ]
SQL: SELECT * FROM `trade_category` WHERE ( `deleted` = 0 and `language` = 'cn' and `category_pid` = 5 )  [ RunTime:0.0069s ]
SQL: SELECT * FROM `trade_category` WHERE ( `deleted` = 0 and `language` = 'cn' and `category_pid` = 6 )  [ RunTime:0.0108s ]
SQL: SHOW COLUMNS FROM `trade_image_home` [ RunTime:0.0073s ]
SQL: SELECT * FROM trade_image_home n WHERE ( n.deleted=0 and language="cn" ) ORDER BY n.create_time desc  [ RunTime:0.0068s ]
SQL: SHOW COLUMNS FROM `trade_image_other` [ RunTime:0.0061s ]
SQL: SELECT * FROM trade_image_other n WHERE ( n.deleted=0 and language="cn" ) ORDER BY n.create_time desc  [ RunTime:0.0082s ]
SQL: SHOW COLUMNS FROM `trade_contact` [ RunTime:0.0084s ]
SQL: SELECT * FROM `trade_contact` WHERE ( group_id = 0 and language="cn" and deleted = 0 ) LIMIT 1   [ RunTime:0.0065s ]
SQL: SELECT * FROM trade_image_home n WHERE ( n.deleted=0 and language="cn" ) ORDER BY n.create_time desc  [ RunTime:0.0097s ]
SQL: SHOW COLUMNS FROM `trade_goods` [ RunTime:0.0075s ]
SQL: SELECT * FROM `trade_goods` WHERE ( deleted = 0 and language='cn' and show_home = 1 ) ORDER BY category_pid asc  [ RunTime:0.0088s ]
SQL: SELECT * FROM `trade_goods` WHERE ( deleted = 0 and language = 'cn' and category_pid = 3 ) ORDER BY create_time desc LIMIT 1   [ RunTime:0.0229s ]
SQL: SELECT * FROM `trade_goods` WHERE ( deleted = 0 and language = 'cn' and category_pid = 4 ) ORDER BY create_time desc LIMIT 1   [ RunTime:0.4041s ]
SQL: SELECT * FROM `trade_goods` WHERE ( deleted = 0 and language = 'cn' and category_pid = 5 ) ORDER BY create_time desc LIMIT 1   [ RunTime:0.0075s ]
SQL: SELECT * FROM `trade_goods` WHERE ( deleted = 0 and language = 'cn' and category_pid = 6 ) ORDER BY create_time desc LIMIT 1   [ RunTime:0.0171s ]
SQL: SHOW COLUMNS FROM `trade_coop` [ RunTime:0.0099s ]
SQL: SELECT * FROM `trade_coop` WHERE ( deleted = 0 and language="cn" )  [ RunTime:0.0144s ]
INFO: [ view_parse ] --START--
INFO: [ template_filter ] --START--
INFO: Run Behavior\ContentReplaceBehavior [ RunTime:0.000166s ]
INFO: [ template_filter ] --END-- [ RunTime:0.000230s ]
INFO: Run Behavior\ParseTemplateBehavior [ RunTime:0.034217s ]
INFO: [ view_parse ] --END-- [ RunTime:0.034299s ]
INFO: [ view_filter ] --START--
INFO: Run Behavior\WriteHtmlCacheBehavior [ RunTime:0.000183s ]
INFO: [ view_filter ] --END-- [ RunTime:0.000228s ]
INFO: [ app_end ] --START--
INFO: Run Behavior\ShowPageTraceBehavior [ RunTime:0.000502s ]
INFO: [ app_end ] --END-- [ RunTime:0.000549s ]

[ 2016-12-29T00:01:53+08:00 ] ::1 /xinxing/index.php/Home/Contact/index.html
INFO: [ app_init ] --START--
INFO: Run Behavior\BuildLiteBehavior [ RunTime:0.000015s ]
INFO: [ app_init ] --END-- [ RunTime:0.000340s ]
INFO: [ app_begin ] --START--
INFO: Run Behavior\ReadHtmlCacheBehavior [ RunTime:0.000409s ]
INFO: Run Behavior\CheckLangBehavior [ RunTime:0.000460s ]
INFO: [ app_begin ] --END-- [ RunTime:0.000952s ]
SQL: SHOW COLUMNS FROM `trade_category` [ RunTime:0.0112s ]
SQL: SELECT * FROM `trade_category` WHERE ( `deleted` = 0 and `language` = 'cn' and `category_pid` = 0 )  [ RunTime:0.0180s ]
SQL: SELECT * FROM `trade_category` WHERE ( `deleted` = 0 and `language` = 'cn' and `category_pid` = 1 )  [ RunTime:0.0108s ]
SQL: SELECT * FROM `trade_category` WHERE ( `deleted` = 0 and `language` = 'cn' and `category_pid` = 2 )  [ RunTime:0.0069s ]
SQL: SELECT * FROM `trade_category` WHERE ( `deleted` = 0 and `language` = 'cn' and `category_pid` = 3 )  [ RunTime:0.0127s ]
SQL: SELECT * FROM `trade_category` WHERE ( `deleted` = 0 and `language` = 'cn' and `category_pid` = 4 )  [ RunTime:0.0073s ]
SQL: SELECT * FROM `trade_category` WHERE ( `deleted` = 0 and `language` = 'cn' and `category_pid` = 5 )  [ RunTime:0.0083s ]
SQL: SELECT * FROM `trade_category` WHERE ( `deleted` = 0 and `language` = 'cn' and `category_pid` = 6 )  [ RunTime:0.0067s ]
SQL: SHOW COLUMNS FROM `trade_image_home` [ RunTime:0.0070s ]
SQL: SELECT * FROM trade_image_home n WHERE ( n.deleted=0 and language="cn" ) ORDER BY n.create_time desc  [ RunTime:0.0075s ]
SQL: SHOW COLUMNS FROM `trade_image_other` [ RunTime:0.0150s ]
SQL: SELECT * FROM trade_image_other n WHERE ( n.deleted=0 and language="cn" ) ORDER BY n.create_time desc  [ RunTime:0.0069s ]
SQL: SHOW COLUMNS FROM `trade_contact` [ RunTime:0.0089s ]
SQL: SELECT * FROM `trade_contact` WHERE ( group_id = 0 and language="cn" and deleted = 0 ) LIMIT 1   [ RunTime:0.0088s ]
SQL: SELECT * FROM `trade_contact` WHERE ( group_id = 0 and language="cn" ) LIMIT 1   [ RunTime:0.0087s ]
INFO: [ view_parse ] --START--
INFO: [ template_filter ] --START--
INFO: Run Behavior\ContentReplaceBehavior [ RunTime:0.000137s ]
INFO: [ template_filter ] --END-- [ RunTime:0.000231s ]
NOTIC: [8] Undefined index: keyword /Volumes/work/htdocs/xinxing/Runtime/Cache/Home/9d0babcb361c76b4b54c521c429b1099.php 第 194 行.
INFO: Run Behavior\ParseTemplateBehavior [ RunTime:0.029411s ]
INFO: [ view_parse ] --END-- [ RunTime:0.029465s ]
INFO: [ view_filter ] --START--
INFO: Run Behavior\WriteHtmlCacheBehavior [ RunTime:0.000150s ]
INFO: [ view_filter ] --END-- [ RunTime:0.000193s ]
INFO: [ app_end ] --START--
INFO: Run Behavior\ShowPageTraceBehavior [ RunTime:0.000653s ]
INFO: [ app_end ] --END-- [ RunTime:0.000727s ]

[ 2016-12-29T00:01:55+08:00 ] ::1 /xinxing/index.php/Home/About/index.html
INFO: [ app_init ] --START--
INFO: Run Behavior\BuildLiteBehavior [ RunTime:0.000026s ]
INFO: [ app_init ] --END-- [ RunTime:0.000432s ]
INFO: [ app_begin ] --START--
INFO: Run Behavior\ReadHtmlCacheBehavior [ RunTime:0.000448s ]
INFO: Run Behavior\CheckLangBehavior [ RunTime:0.000710s ]
INFO: [ app_begin ] --END-- [ RunTime:0.001277s ]
SQL: SHOW COLUMNS FROM `trade_category` [ RunTime:0.0065s ]
SQL: SELECT * FROM `trade_category` WHERE ( `deleted` = 0 and `language` = 'cn' and `category_pid` = 0 )  [ RunTime:0.0074s ]
SQL: SELECT * FROM `trade_category` WHERE ( `deleted` = 0 and `language` = 'cn' and `category_pid` = 1 )  [ RunTime:0.0063s ]
SQL: SELECT * FROM `trade_category` WHERE ( `deleted` = 0 and `language` = 'cn' and `category_pid` = 2 )  [ RunTime:0.0104s ]
SQL: SELECT * FROM `trade_category` WHERE ( `deleted` = 0 and `language` = 'cn' and `category_pid` = 3 )  [ RunTime:0.0122s ]
SQL: SELECT * FROM `trade_category` WHERE ( `deleted` = 0 and `language` = 'cn' and `category_pid` = 4 )  [ RunTime:0.0195s ]
SQL: SELECT * FROM `trade_category` WHERE ( `deleted` = 0 and `language` = 'cn' and `category_pid` = 5 )  [ RunTime:0.0067s ]
SQL: SELECT * FROM `trade_category` WHERE ( `deleted` = 0 and `language` = 'cn' and `category_pid` = 6 )  [ RunTime:0.0126s ]
SQL: SHOW COLUMNS FROM `trade_image_home` [ RunTime:0.0126s ]
SQL: SELECT * FROM trade_image_home n WHERE ( n.deleted=0 and language="cn" ) ORDER BY n.create_time desc  [ RunTime:0.0100s ]
SQL: SHOW COLUMNS FROM `trade_image_other` [ RunTime:0.0091s ]
SQL: SELECT * FROM trade_image_other n WHERE ( n.deleted=0 and language="cn" ) ORDER BY n.create_time desc  [ RunTime:0.0062s ]
SQL: SHOW COLUMNS FROM `trade_contact` [ RunTime:0.0074s ]
SQL: SELECT * FROM `trade_contact` WHERE ( group_id = 0 and language="cn" and deleted = 0 ) LIMIT 1   [ RunTime:0.0099s ]
SQL: SHOW COLUMNS FROM `trade_news` [ RunTime:0.0078s ]
SQL: SELECT COUNT(*) AS tp_count FROM trade_news n WHERE ( n.deleted=0 and news_type=1 and language="cn" ) LIMIT 1   [ RunTime:0.0064s ]
SQL: SELECT n.news_id,n.news_title,n.news_content,n.img,n.create_time,n.language,n.group_id FROM trade_news n WHERE ( n.deleted=0 and news_type=1 and language="cn" ) ORDER BY n.create_time desc LIMIT 0,8   [ RunTime:0.0105s ]
INFO: [ view_parse ] --START--
INFO: [ template_filter ] --START--
INFO: Run Behavior\ContentReplaceBehavior [ RunTime:0.000124s ]
INFO: [ template_filter ] --END-- [ RunTime:0.000204s ]
NOTIC: [8] Undefined index: keyword /Volumes/work/htdocs/xinxing/Runtime/Cache/Home/3b9bb8f59aaa4d1691c827dd64ddfa9b.php 第 194 行.
INFO: Run Behavior\ParseTemplateBehavior [ RunTime:0.029890s ]
INFO: [ view_parse ] --END-- [ RunTime:0.029973s ]
INFO: [ view_filter ] --START--
INFO: Run Behavior\WriteHtmlCacheBehavior [ RunTime:0.000156s ]
INFO: [ view_filter ] --END-- [ RunTime:0.000204s ]
INFO: [ app_end ] --START--
INFO: Run Behavior\ShowPageTraceBehavior [ RunTime:0.000534s ]
INFO: [ app_end ] --END-- [ RunTime:0.000604s ]

[ 2016-12-29T00:01:58+08:00 ] ::1 /xinxing/index.php/Home/About/intro.html
INFO: [ app_init ] --START--
INFO: Run Behavior\BuildLiteBehavior [ RunTime:0.000016s ]
INFO: [ app_init ] --END-- [ RunTime:0.000435s ]
INFO: [ app_begin ] --START--
INFO: Run Behavior\ReadHtmlCacheBehavior [ RunTime:0.000435s ]
INFO: Run Behavior\CheckLangBehavior [ RunTime:0.000470s ]
INFO: [ app_begin ] --END-- [ RunTime:0.000994s ]
SQL: SHOW COLUMNS FROM `trade_category` [ RunTime:0.0116s ]
SQL: SELECT * FROM `trade_category` WHERE ( `deleted` = 0 and `language` = 'cn' and `category_pid` = 0 )  [ RunTime:0.0087s ]
SQL: SELECT * FROM `trade_category` WHERE ( `deleted` = 0 and `language` = 'cn' and `category_pid` = 1 )  [ RunTime:0.0073s ]
SQL: SELECT * FROM `trade_category` WHERE ( `deleted` = 0 and `language` = 'cn' and `category_pid` = 2 )  [ RunTime:0.0074s ]
SQL: SELECT * FROM `trade_category` WHERE ( `deleted` = 0 and `language` = 'cn' and `category_pid` = 3 )  [ RunTime:0.0067s ]
SQL: SELECT * FROM `trade_category` WHERE ( `deleted` = 0 and `language` = 'cn' and `category_pid` = 4 )  [ RunTime:0.0161s ]
SQL: SELECT * FROM `trade_category` WHERE ( `deleted` = 0 and `language` = 'cn' and `category_pid` = 5 )  [ RunTime:0.0249s ]
SQL: SELECT * FROM `trade_category` WHERE ( `deleted` = 0 and `language` = 'cn' and `category_pid` = 6 )  [ RunTime:0.0268s ]
SQL: SHOW COLUMNS FROM `trade_image_home` [ RunTime:0.0148s ]
SQL: SELECT * FROM trade_image_home n WHERE ( n.deleted=0 and language="cn" ) ORDER BY n.create_time desc  [ RunTime:0.0354s ]
SQL: SHOW COLUMNS FROM `trade_image_other` [ RunTime:0.0353s ]
SQL: SELECT * FROM trade_image_other n WHERE ( n.deleted=0 and language="cn" ) ORDER BY n.create_time desc  [ RunTime:0.0202s ]
SQL: SHOW COLUMNS FROM `trade_contact` [ RunTime:0.2539s ]
SQL: SELECT * FROM `trade_contact` WHERE ( group_id = 0 and language="cn" and deleted = 0 ) LIMIT 1   [ RunTime:0.0097s ]
SQL: SHOW COLUMNS FROM `trade_news` [ RunTime:0.0106s ]
SQL: SELECT * FROM `trade_news` WHERE ( group_id = 1 and language="cn" ) LIMIT 1   [ RunTime:0.0083s ]
INFO: [ view_parse ] --START--
INFO: [ template_filter ] --START--
INFO: Run Behavior\ContentReplaceBehavior [ RunTime:0.000094s ]
INFO: [ template_filter ] --END-- [ RunTime:0.000155s ]
NOTIC: [8] Undefined index: keyword /Volumes/work/htdocs/xinxing/Runtime/Cache/Home/63ceb4d54d78e60a4319f0bcf1657992.php 第 194 行.
INFO: Run Behavior\ParseTemplateBehavior [ RunTime:0.027118s ]
INFO: [ view_parse ] --END-- [ RunTime:0.027202s ]
INFO: [ view_filter ] --START--
INFO: Run Behavior\WriteHtmlCacheBehavior [ RunTime:0.000199s ]
INFO: [ view_filter ] --END-- [ RunTime:0.000261s ]
INFO: [ app_end ] --START--
INFO: Run Behavior\ShowPageTraceBehavior [ RunTime:0.000648s ]
INFO: [ app_end ] --END-- [ RunTime:0.000717s ]

[ 2016-12-29T00:02:22+08:00 ] ::1 /xinxing/index.php/Home/About/intro.html
INFO: [ app_init ] --START--
INFO: Run Behavior\BuildLiteBehavior [ RunTime:0.000020s ]
INFO: [ app_init ] --END-- [ RunTime:0.000446s ]
INFO: [ app_begin ] --START--
INFO: Run Behavior\ReadHtmlCacheBehavior [ RunTime:0.000539s ]
INFO: Run Behavior\CheckLangBehavior [ RunTime:0.000601s ]
INFO: [ app_begin ] --END-- [ RunTime:0.001248s ]
SQL: SHOW COLUMNS FROM `trade_category` [ RunTime:0.0110s ]
SQL: SELECT * FROM `trade_category` WHERE ( `deleted` = 0 and `language` = 'cn' and `category_pid` = 0 )  [ RunTime:0.0097s ]
SQL: SELECT * FROM `trade_category` WHERE ( `deleted` = 0 and `language` = 'cn' and `category_pid` = 1 )  [ RunTime:0.0130s ]
SQL: SELECT * FROM `trade_category` WHERE ( `deleted` = 0 and `language` = 'cn' and `category_pid` = 2 )  [ RunTime:0.0191s ]
SQL: SELECT * FROM `trade_category` WHERE ( `deleted` = 0 and `language` = 'cn' and `category_pid` = 3 )  [ RunTime:0.0126s ]
SQL: SELECT * FROM `trade_category` WHERE ( `deleted` = 0 and `language` = 'cn' and `category_pid` = 4 )  [ RunTime:0.0068s ]
SQL: SELECT * FROM `trade_category` WHERE ( `deleted` = 0 and `language` = 'cn' and `category_pid` = 5 )  [ RunTime:0.0196s ]
SQL: SELECT * FROM `trade_category` WHERE ( `deleted` = 0 and `language` = 'cn' and `category_pid` = 6 )  [ RunTime:0.0060s ]
SQL: SHOW COLUMNS FROM `trade_image_home` [ RunTime:0.0078s ]
SQL: SELECT * FROM trade_image_home n WHERE ( n.deleted=0 and language="cn" ) ORDER BY n.create_time desc  [ RunTime:0.0065s ]
SQL: SHOW COLUMNS FROM `trade_image_other` [ RunTime:0.0167s ]
SQL: SELECT * FROM trade_image_other n WHERE ( n.deleted=0 and language="cn" ) ORDER BY n.create_time desc  [ RunTime:0.0060s ]
SQL: SHOW COLUMNS FROM `trade_contact` [ RunTime:0.0208s ]
SQL: SELECT * FROM `trade_contact` WHERE ( group_id = 0 and language="cn" and deleted = 0 ) LIMIT 1   [ RunTime:0.0176s ]
SQL: SHOW COLUMNS FROM `trade_news` [ RunTime:0.0122s ]
SQL: SELECT * FROM `trade_news` WHERE ( group_id = 1 and language="cn" ) LIMIT 1   [ RunTime:0.0148s ]
INFO: [ view_parse ] --START--
INFO: [ template_filter ] --START--
INFO: Run Behavior\ContentReplaceBehavior [ RunTime:0.000112s ]
INFO: [ template_filter ] --END-- [ RunTime:0.000185s ]
NOTIC: [8] Undefined index: keyword /Volumes/work/htdocs/xinxing/Runtime/Cache/Home/63ceb4d54d78e60a4319f0bcf1657992.php 第 194 行.
INFO: Run Behavior\ParseTemplateBehavior [ RunTime:0.026920s ]
INFO: [ view_parse ] --END-- [ RunTime:0.026995s ]
INFO: [ view_filter ] --START--
INFO: Run Behavior\WriteHtmlCacheBehavior [ RunTime:0.000163s ]
INFO: [ view_filter ] --END-- [ RunTime:0.000206s ]
INFO: [ app_end ] --START--
INFO: Run Behavior\ShowPageTraceBehavior [ RunTime:0.000581s ]
INFO: [ app_end ] --END-- [ RunTime:0.000668s ]

[ 2016-12-29T00:02:33+08:00 ] ::1 /xinxing/index.php/Home/About/honor.html
INFO: [ app_init ] --START--
INFO: Run Behavior\BuildLiteBehavior [ RunTime:0.000015s ]
INFO: [ app_init ] --END-- [ RunTime:0.000358s ]
INFO: [ app_begin ] --START--
INFO: Run Behavior\ReadHtmlCacheBehavior [ RunTime:0.000466s ]
INFO: Run Behavior\CheckLangBehavior [ RunTime:0.000533s ]
INFO: [ app_begin ] --END-- [ RunTime:0.001094s ]
SQL: SHOW COLUMNS FROM `trade_category` [ RunTime:0.0120s ]
SQL: SELECT * FROM `trade_category` WHERE ( `deleted` = 0 and `language` = 'cn' and `category_pid` = 0 )  [ RunTime:0.0119s ]
SQL: SELECT * FROM `trade_category` WHERE ( `deleted` = 0 and `language` = 'cn' and `category_pid` = 1 )  [ RunTime:0.0220s ]
SQL: SELECT * FROM `trade_category` WHERE ( `deleted` = 0 and `language` = 'cn' and `category_pid` = 2 )  [ RunTime:0.0075s ]
SQL: SELECT * FROM `trade_category` WHERE ( `deleted` = 0 and `language` = 'cn' and `category_pid` = 3 )  [ RunTime:0.0140s ]
SQL: SELECT * FROM `trade_category` WHERE ( `deleted` = 0 and `language` = 'cn' and `category_pid` = 4 )  [ RunTime:0.0233s ]
SQL: SELECT * FROM `trade_category` WHERE ( `deleted` = 0 and `language` = 'cn' and `category_pid` = 5 )  [ RunTime:0.0168s ]
SQL: SELECT * FROM `trade_category` WHERE ( `deleted` = 0 and `language` = 'cn' and `category_pid` = 6 )  [ RunTime:0.0251s ]
SQL: SHOW COLUMNS FROM `trade_image_home` [ RunTime:0.0094s ]
SQL: SELECT * FROM trade_image_home n WHERE ( n.deleted=0 and language="cn" ) ORDER BY n.create_time desc  [ RunTime:0.0125s ]
SQL: SHOW COLUMNS FROM `trade_image_other` [ RunTime:0.0061s ]
SQL: SELECT * FROM trade_image_other n WHERE ( n.deleted=0 and language="cn" ) ORDER BY n.create_time desc  [ RunTime:0.0057s ]
SQL: SHOW COLUMNS FROM `trade_contact` [ RunTime:0.0068s ]
SQL: SELECT * FROM `trade_contact` WHERE ( group_id = 0 and language="cn" and deleted = 0 ) LIMIT 1   [ RunTime:0.0063s ]
SQL: SHOW COLUMNS FROM `trade_honor` [ RunTime:0.0062s ]
SQL: SELECT * FROM `trade_honor` WHERE ( language="cn" )  [ RunTime:0.0057s ]
INFO: [ view_parse ] --START--
INFO: [ template_filter ] --START--
INFO: Run Behavior\ContentReplaceBehavior [ RunTime:0.000104s ]
INFO: [ template_filter ] --END-- [ RunTime:0.000170s ]
NOTIC: [8] Undefined index: keyword /Volumes/work/htdocs/xinxing/Runtime/Cache/Home/cd2fa98bbd37c87d932dded289923ddc.php 第 194 行.
INFO: Run Behavior\ParseTemplateBehavior [ RunTime:0.027386s ]
INFO: [ view_parse ] --END-- [ RunTime:0.027454s ]
INFO: [ view_filter ] --START--
INFO: Run Behavior\WriteHtmlCacheBehavior [ RunTime:0.000160s ]
INFO: [ view_filter ] --END-- [ RunTime:0.000204s ]
INFO: [ app_end ] --START--
INFO: Run Behavior\ShowPageTraceBehavior [ RunTime:0.000468s ]
INFO: [ app_end ] --END-- [ RunTime:0.000518s ]

[ 2016-12-29T00:02:40+08:00 ] ::1 /xinxing/index.php/Home/About/index.html
INFO: [ app_init ] --START--
INFO: Run Behavior\BuildLiteBehavior [ RunTime:0.000020s ]
INFO: [ app_init ] --END-- [ RunTime:0.000501s ]
INFO: [ app_begin ] --START--
INFO: Run Behavior\ReadHtmlCacheBehavior [ RunTime:0.000459s ]
INFO: Run Behavior\CheckLangBehavior [ RunTime:0.000493s ]
INFO: [ app_begin ] --END-- [ RunTime:0.001101s ]
SQL: SHOW COLUMNS FROM `trade_category` [ RunTime:0.0127s ]
SQL: SELECT * FROM `trade_category` WHERE ( `deleted` = 0 and `language` = 'cn' and `category_pid` = 0 )  [ RunTime:0.0085s ]
SQL: SELECT * FROM `trade_category` WHERE ( `deleted` = 0 and `language` = 'cn' and `category_pid` = 1 )  [ RunTime:0.0077s ]
SQL: SELECT * FROM `trade_category` WHERE ( `deleted` = 0 and `language` = 'cn' and `category_pid` = 2 )  [ RunTime:0.0129s ]
SQL: SELECT * FROM `trade_category` WHERE ( `deleted` = 0 and `language` = 'cn' and `category_pid` = 3 )  [ RunTime:0.0101s ]
SQL: SELECT * FROM `trade_category` WHERE ( `deleted` = 0 and `language` = 'cn' and `category_pid` = 4 )  [ RunTime:0.0103s ]
SQL: SELECT * FROM `trade_category` WHERE ( `deleted` = 0 and `language` = 'cn' and `category_pid` = 5 )  [ RunTime:0.0075s ]
SQL: SELECT * FROM `trade_category` WHERE ( `deleted` = 0 and `language` = 'cn' and `category_pid` = 6 )  [ RunTime:0.0151s ]
SQL: SHOW COLUMNS FROM `trade_image_home` [ RunTime:0.0136s ]
SQL: SELECT * FROM trade_image_home n WHERE ( n.deleted=0 and language="cn" ) ORDER BY n.create_time desc  [ RunTime:0.0080s ]
SQL: SHOW COLUMNS FROM `trade_image_other` [ RunTime:0.0120s ]
SQL: SELECT * FROM trade_image_other n WHERE ( n.deleted=0 and language="cn" ) ORDER BY n.create_time desc  [ RunTime:0.0400s ]
SQL: SHOW COLUMNS FROM `trade_contact` [ RunTime:0.0106s ]
SQL: SELECT * FROM `trade_contact` WHERE ( group_id = 0 and language="cn" and deleted = 0 ) LIMIT 1   [ RunTime:0.0057s ]
SQL: SHOW COLUMNS FROM `trade_news` [ RunTime:0.0061s ]
SQL: SELECT COUNT(*) AS tp_count FROM trade_news n WHERE ( n.deleted=0 and news_type=1 and language="cn" ) LIMIT 1   [ RunTime:0.0048s ]
SQL: SELECT n.news_id,n.news_title,n.news_content,n.img,n.create_time,n.language,n.group_id FROM trade_news n WHERE ( n.deleted=0 and news_type=1 and language="cn" ) ORDER BY n.create_time desc LIMIT 0,8   [ RunTime:0.0074s ]
INFO: [ view_parse ] --START--
INFO: [ template_filter ] --START--
INFO: Run Behavior\ContentReplaceBehavior [ RunTime:0.000113s ]
INFO: [ template_filter ] --END-- [ RunTime:0.000176s ]
NOTIC: [8] Undefined index: keyword /Volumes/work/htdocs/xinxing/Runtime/Cache/Home/3b9bb8f59aaa4d1691c827dd64ddfa9b.php 第 194 行.
INFO: Run Behavior\ParseTemplateBehavior [ RunTime:0.030009s ]
INFO: [ view_parse ] --END-- [ RunTime:0.030085s ]
INFO: [ view_filter ] --START--
INFO: Run Behavior\WriteHtmlCacheBehavior [ RunTime:0.000145s ]
INFO: [ view_filter ] --END-- [ RunTime:0.000189s ]
INFO: [ app_end ] --START--
INFO: Run Behavior\ShowPageTraceBehavior [ RunTime:0.000537s ]
INFO: [ app_end ] --END-- [ RunTime:0.000597s ]

